============================= test session starts ==============================
platform linux -- Python 3.11.2, pytest-8.1.1, pluggy-1.4.0
rootdir: /home/marcoxps/Documents/tesi/pqc/fork_pqclean/3-tidy/PQClean/test
configfile: pytest.ini
plugins: xdist-3.5.0
created: 4/4 workers
4 workers [36 items]

FFFFFFFFFFFFFFFFFFFFFFFFFFFFFFFFFFFF                                     [100%]
=================================== FAILURES ===================================
______ test_testvectors[clean implementation of cross-rsdpg-256-balanced] ______
[gw0] linux -- Python 3.11.2 /home/marcoxps/Documents/tesi/pqc/fork_pqclean/3-tidy/.venv/bin/python

implementation = <Implementation(cross-rsdpg-256-balanced, clean)>
impl_path = '/home/marcoxps/Documents/tesi/pqc/fork_pqclean/3-tidy/PQClean/testcases/test_testvectors__QK8mzXXn/crypto_bla/scheme/impl'
test_dir = '/home/marcoxps/Documents/tesi/pqc/fork_pqclean/3-tidy/PQClean/testcases/test_testvectors__QK8mzXXn'
init = <function isolate_test_files.<locals>.initializer at 0x7f05bf59dda0>
destr = <function isolate_test_files.<locals>.destructor at 0x7f05bf59dee0>

    @pytest.mark.parametrize(
        'implementation,test_dir,impl_path,init,destr',
        [(impl, *helpers.isolate_test_files(impl.path(), 'test_testvectors_'))
         for sig in pqclean.Signature.all_sigs()
         for impl in sig.implementations],
        ids=[str(impl) for sig in pqclean.Signature.all_sigs()
             for impl in sig.implementations],
    )
    @helpers.filtered_test
    def test_testvectors(implementation, impl_path, test_dir, init, destr):
        if not implementation.supported_on_current_platform():
            raise unittest.SkipTest("Not supported on current platform")
        if platform.machine() == 'armv7l' and 'gcc' in os.environ.get('CC', 'gcc') and 'falcon' in implementation.scheme.name:
            raise unittest.SkipTest("this test hangs for falcon on armv7l with gcc")
        init()
        dest_dir = os.path.join(test_dir, 'bin')
        helpers.make('testvectors',
                     TYPE=implementation.scheme.type,
                     SCHEME=implementation.scheme.name,
                     SCHEME_DIR=impl_path,
                     IMPLEMENTATION=implementation.name,
                     DEST_DIR=dest_dir,
                     working_dir=os.path.join(test_dir, 'test'))
        out = helpers.run_subprocess(
            [os.path.join(dest_dir, 'testvectors_{}_{}{}'.format(
                implementation.scheme.name,
                implementation.name,
                '.exe' if os.name == 'nt' else ''
            ))],
            print_output=False,
        ).replace('\r', '')
>       assert(implementation.scheme.metadata()['testvectors-sha256'].lower()
               == hashlib.sha256(out.encode('utf-8')).hexdigest().lower())
E       AssertionError: assert 'jhg' == 'dc01ae04f37f...df57dbd9e304a'
E         
E         - dc01ae04f37fe70077d870920bb31987407065a340d9fa9bec4df57dbd9e304a
E         + jhg

test_testvectors.py:48: AssertionError
----------------------------- Captured stdout call -----------------------------
/home/marcoxps/Documents/tesi/pqc/fork_pqclean/3-tidy/PQClean/testcases/test_testvectors__QK8mzXXn/test > make TYPE=sign SCHEME=cross-rsdpg-256-balanced SCHEME_DIR=/home/marcoxps/Documents/tesi/pqc/fork_pqclean/3-tidy/PQClean/testcases/test_testvectors__QK8mzXXn/crypto_bla/scheme/impl IMPLEMENTATION=clean DEST_DIR=/home/marcoxps/Documents/tesi/pqc/fork_pqclean/3-tidy/PQClean/testcases/test_testvectors__QK8mzXXn/bin testvectors
cd /home/marcoxps/Documents/tesi/pqc/fork_pqclean/3-tidy/PQClean/testcases/test_testvectors__QK8mzXXn/crypto_bla/scheme/impl && make
make[1]: Entering directory '/home/marcoxps/Documents/tesi/pqc/fork_pqclean/3-tidy/PQClean/testcases/test_testvectors__QK8mzXXn/crypto_bla/scheme/impl'
cc -std=c99 -I../../../common  -march=native -O3 -g3 -std=c99 -Wpedantic -Werror -Wredundant-decls -Wmissing-prototypes -Wuninitialized -Wall -Wextra -c -o CROSS.o CROSS.c
cc -std=c99 -I../../../common  -march=native -O3 -g3 -std=c99 -Wpedantic -Werror -Wredundant-decls -Wmissing-prototypes -Wuninitialized -Wall -Wextra -c -o csprng_hash.o csprng_hash.c
cc -std=c99 -I../../../common  -march=native -O3 -g3 -std=c99 -Wpedantic -Werror -Wredundant-decls -Wmissing-prototypes -Wuninitialized -Wall -Wextra -c -o merkle.o merkle.c
cc -std=c99 -I../../../common  -march=native -O3 -g3 -std=c99 -Wpedantic -Werror -Wredundant-decls -Wmissing-prototypes -Wuninitialized -Wall -Wextra -c -o pack_unpack.o pack_unpack.c
cc -std=c99 -I../../../common  -march=native -O3 -g3 -std=c99 -Wpedantic -Werror -Wredundant-decls -Wmissing-prototypes -Wuninitialized -Wall -Wextra -c -o seedtree.o seedtree.c
cc -std=c99 -I../../../common  -march=native -O3 -g3 -std=c99 -Wpedantic -Werror -Wredundant-decls -Wmissing-prototypes -Wuninitialized -Wall -Wextra -c -o sign.o sign.c
ar -r libcross-rsdpg-256-balanced_clean.a CROSS.o csprng_hash.o merkle.o pack_unpack.o seedtree.o sign.o
ar: creating libcross-rsdpg-256-balanced_clean.a
make[1]: Leaving directory '/home/marcoxps/Documents/tesi/pqc/fork_pqclean/3-tidy/PQClean/testcases/test_testvectors__QK8mzXXn/crypto_bla/scheme/impl'
mkdir -p /home/marcoxps/Documents/tesi/pqc/fork_pqclean/3-tidy/PQClean/testcases/test_testvectors__QK8mzXXn/bin
cc -O3 -Wall -Wextra -Wpedantic -Wvla -Werror -std=c99 -Wundef -Wshadow -Wcast-align -Wpointer-arith -Wmissing-prototypes -fstrict-aliasing -fno-common -pipe -I../common  -DPQCLEAN_NAMESPACE=PQCLEAN_CROSSRSDPG256BALANCED_CLEAN -I/home/marcoxps/Documents/tesi/pqc/fork_pqclean/3-tidy/PQClean/testcases/test_testvectors__QK8mzXXn/crypto_bla/scheme/impl crypto_sign/testvectors.c ../common/aes.c ../common/sha2.c ../common/fips202.c ../common/nistseedexpander.c ../common/sp800-185.c ../test/common/notrandombytes.c -o /home/marcoxps/Documents/tesi/pqc/fork_pqclean/3-tidy/PQClean/testcases/test_testvectors__QK8mzXXn/bin/testvectors_cross-rsdpg-256-balanced_clean -L/home/marcoxps/Documents/tesi/pqc/fork_pqclean/3-tidy/PQClean/testcases/test_testvectors__QK8mzXXn/crypto_bla/scheme/impl -lcross-rsdpg-256-balanced_clean

. > /home/marcoxps/Documents/tesi/pqc/fork_pqclean/3-tidy/PQClean/testcases/test_testvectors__QK8mzXXn/bin/testvectors_cross-rsdpg-256-balanced_clean
_______ test_testvectors[clean implementation of cross-rsdpg-192-small] ________
[gw3] linux -- Python 3.11.2 /home/marcoxps/Documents/tesi/pqc/fork_pqclean/3-tidy/.venv/bin/python

implementation = <Implementation(cross-rsdpg-192-small, clean)>
impl_path = '/home/marcoxps/Documents/tesi/pqc/fork_pqclean/3-tidy/PQClean/testcases/test_testvectors__Mz5V3MtZ/crypto_bla/scheme/impl'
test_dir = '/home/marcoxps/Documents/tesi/pqc/fork_pqclean/3-tidy/PQClean/testcases/test_testvectors__Mz5V3MtZ'
init = <function isolate_test_files.<locals>.initializer at 0x7f4d8199e8e0>
destr = <function isolate_test_files.<locals>.destructor at 0x7f4d8199ea20>

    @pytest.mark.parametrize(
        'implementation,test_dir,impl_path,init,destr',
        [(impl, *helpers.isolate_test_files(impl.path(), 'test_testvectors_'))
         for sig in pqclean.Signature.all_sigs()
         for impl in sig.implementations],
        ids=[str(impl) for sig in pqclean.Signature.all_sigs()
             for impl in sig.implementations],
    )
    @helpers.filtered_test
    def test_testvectors(implementation, impl_path, test_dir, init, destr):
        if not implementation.supported_on_current_platform():
            raise unittest.SkipTest("Not supported on current platform")
        if platform.machine() == 'armv7l' and 'gcc' in os.environ.get('CC', 'gcc') and 'falcon' in implementation.scheme.name:
            raise unittest.SkipTest("this test hangs for falcon on armv7l with gcc")
        init()
        dest_dir = os.path.join(test_dir, 'bin')
        helpers.make('testvectors',
                     TYPE=implementation.scheme.type,
                     SCHEME=implementation.scheme.name,
                     SCHEME_DIR=impl_path,
                     IMPLEMENTATION=implementation.name,
                     DEST_DIR=dest_dir,
                     working_dir=os.path.join(test_dir, 'test'))
        out = helpers.run_subprocess(
            [os.path.join(dest_dir, 'testvectors_{}_{}{}'.format(
                implementation.scheme.name,
                implementation.name,
                '.exe' if os.name == 'nt' else ''
            ))],
            print_output=False,
        ).replace('\r', '')
>       assert(implementation.scheme.metadata()['testvectors-sha256'].lower()
               == hashlib.sha256(out.encode('utf-8')).hexdigest().lower())
E       AssertionError: assert 'kjh' == '6b401ed19d2a...33326fec79990'
E         
E         - 6b401ed19d2a374421ddd36f62591d000a81ef63fc30853c4cb33326fec79990
E         + kjh

test_testvectors.py:48: AssertionError
----------------------------- Captured stdout call -----------------------------
/home/marcoxps/Documents/tesi/pqc/fork_pqclean/3-tidy/PQClean/testcases/test_testvectors__Mz5V3MtZ/test > make TYPE=sign SCHEME=cross-rsdpg-192-small SCHEME_DIR=/home/marcoxps/Documents/tesi/pqc/fork_pqclean/3-tidy/PQClean/testcases/test_testvectors__Mz5V3MtZ/crypto_bla/scheme/impl IMPLEMENTATION=clean DEST_DIR=/home/marcoxps/Documents/tesi/pqc/fork_pqclean/3-tidy/PQClean/testcases/test_testvectors__Mz5V3MtZ/bin testvectors
cd /home/marcoxps/Documents/tesi/pqc/fork_pqclean/3-tidy/PQClean/testcases/test_testvectors__Mz5V3MtZ/crypto_bla/scheme/impl && make
make[1]: Entering directory '/home/marcoxps/Documents/tesi/pqc/fork_pqclean/3-tidy/PQClean/testcases/test_testvectors__Mz5V3MtZ/crypto_bla/scheme/impl'
cc -std=c99 -I../../../common  -march=native -O3 -g3 -std=c99 -Wpedantic -Werror -Wredundant-decls -Wmissing-prototypes -Wuninitialized -Wall -Wextra -c -o CROSS.o CROSS.c
cc -std=c99 -I../../../common  -march=native -O3 -g3 -std=c99 -Wpedantic -Werror -Wredundant-decls -Wmissing-prototypes -Wuninitialized -Wall -Wextra -c -o csprng_hash.o csprng_hash.c
cc -std=c99 -I../../../common  -march=native -O3 -g3 -std=c99 -Wpedantic -Werror -Wredundant-decls -Wmissing-prototypes -Wuninitialized -Wall -Wextra -c -o merkle.o merkle.c
cc -std=c99 -I../../../common  -march=native -O3 -g3 -std=c99 -Wpedantic -Werror -Wredundant-decls -Wmissing-prototypes -Wuninitialized -Wall -Wextra -c -o pack_unpack.o pack_unpack.c
cc -std=c99 -I../../../common  -march=native -O3 -g3 -std=c99 -Wpedantic -Werror -Wredundant-decls -Wmissing-prototypes -Wuninitialized -Wall -Wextra -c -o seedtree.o seedtree.c
cc -std=c99 -I../../../common  -march=native -O3 -g3 -std=c99 -Wpedantic -Werror -Wredundant-decls -Wmissing-prototypes -Wuninitialized -Wall -Wextra -c -o sign.o sign.c
ar -r libcross-rsdpg-192-small_clean.a CROSS.o csprng_hash.o merkle.o pack_unpack.o seedtree.o sign.o
ar: creating libcross-rsdpg-192-small_clean.a
make[1]: Leaving directory '/home/marcoxps/Documents/tesi/pqc/fork_pqclean/3-tidy/PQClean/testcases/test_testvectors__Mz5V3MtZ/crypto_bla/scheme/impl'
mkdir -p /home/marcoxps/Documents/tesi/pqc/fork_pqclean/3-tidy/PQClean/testcases/test_testvectors__Mz5V3MtZ/bin
cc -O3 -Wall -Wextra -Wpedantic -Wvla -Werror -std=c99 -Wundef -Wshadow -Wcast-align -Wpointer-arith -Wmissing-prototypes -fstrict-aliasing -fno-common -pipe -I../common  -DPQCLEAN_NAMESPACE=PQCLEAN_CROSSRSDPG192SMALL_CLEAN -I/home/marcoxps/Documents/tesi/pqc/fork_pqclean/3-tidy/PQClean/testcases/test_testvectors__Mz5V3MtZ/crypto_bla/scheme/impl crypto_sign/testvectors.c ../common/aes.c ../common/sha2.c ../common/fips202.c ../common/nistseedexpander.c ../common/sp800-185.c ../test/common/notrandombytes.c -o /home/marcoxps/Documents/tesi/pqc/fork_pqclean/3-tidy/PQClean/testcases/test_testvectors__Mz5V3MtZ/bin/testvectors_cross-rsdpg-192-small_clean -L/home/marcoxps/Documents/tesi/pqc/fork_pqclean/3-tidy/PQClean/testcases/test_testvectors__Mz5V3MtZ/crypto_bla/scheme/impl -lcross-rsdpg-192-small_clean

. > /home/marcoxps/Documents/tesi/pqc/fork_pqclean/3-tidy/PQClean/testcases/test_testvectors__Mz5V3MtZ/bin/testvectors_cross-rsdpg-192-small_clean
________ test_testvectors[clean implementation of cross-rsdp-192-fast] _________
[gw1] linux -- Python 3.11.2 /home/marcoxps/Documents/tesi/pqc/fork_pqclean/3-tidy/.venv/bin/python

implementation = <Implementation(cross-rsdp-192-fast, clean)>
impl_path = '/home/marcoxps/Documents/tesi/pqc/fork_pqclean/3-tidy/PQClean/testcases/test_testvectors__SRTMLCx_/crypto_bla/scheme/impl'
test_dir = '/home/marcoxps/Documents/tesi/pqc/fork_pqclean/3-tidy/PQClean/testcases/test_testvectors__SRTMLCx_'
init = <function isolate_test_files.<locals>.initializer at 0x7fdd7be56160>
destr = <function isolate_test_files.<locals>.destructor at 0x7fdd7be562a0>

    @pytest.mark.parametrize(
        'implementation,test_dir,impl_path,init,destr',
        [(impl, *helpers.isolate_test_files(impl.path(), 'test_testvectors_'))
         for sig in pqclean.Signature.all_sigs()
         for impl in sig.implementations],
        ids=[str(impl) for sig in pqclean.Signature.all_sigs()
             for impl in sig.implementations],
    )
    @helpers.filtered_test
    def test_testvectors(implementation, impl_path, test_dir, init, destr):
        if not implementation.supported_on_current_platform():
            raise unittest.SkipTest("Not supported on current platform")
        if platform.machine() == 'armv7l' and 'gcc' in os.environ.get('CC', 'gcc') and 'falcon' in implementation.scheme.name:
            raise unittest.SkipTest("this test hangs for falcon on armv7l with gcc")
        init()
        dest_dir = os.path.join(test_dir, 'bin')
        helpers.make('testvectors',
                     TYPE=implementation.scheme.type,
                     SCHEME=implementation.scheme.name,
                     SCHEME_DIR=impl_path,
                     IMPLEMENTATION=implementation.name,
                     DEST_DIR=dest_dir,
                     working_dir=os.path.join(test_dir, 'test'))
        out = helpers.run_subprocess(
            [os.path.join(dest_dir, 'testvectors_{}_{}{}'.format(
                implementation.scheme.name,
                implementation.name,
                '.exe' if os.name == 'nt' else ''
            ))],
            print_output=False,
        ).replace('\r', '')
>       assert(implementation.scheme.metadata()['testvectors-sha256'].lower()
               == hashlib.sha256(out.encode('utf-8')).hexdigest().lower())
E       AssertionError: assert 'fgh' == '3c5a558b95f4...c47280352b11d'
E         
E         - 3c5a558b95f4726d75675835cd1077b8cb821728dee02672824c47280352b11d
E         + fgh

test_testvectors.py:48: AssertionError
----------------------------- Captured stdout call -----------------------------
/home/marcoxps/Documents/tesi/pqc/fork_pqclean/3-tidy/PQClean/testcases/test_testvectors__SRTMLCx_/test > make TYPE=sign SCHEME=cross-rsdp-192-fast SCHEME_DIR=/home/marcoxps/Documents/tesi/pqc/fork_pqclean/3-tidy/PQClean/testcases/test_testvectors__SRTMLCx_/crypto_bla/scheme/impl IMPLEMENTATION=clean DEST_DIR=/home/marcoxps/Documents/tesi/pqc/fork_pqclean/3-tidy/PQClean/testcases/test_testvectors__SRTMLCx_/bin testvectors
cd /home/marcoxps/Documents/tesi/pqc/fork_pqclean/3-tidy/PQClean/testcases/test_testvectors__SRTMLCx_/crypto_bla/scheme/impl && make
make[1]: Entering directory '/home/marcoxps/Documents/tesi/pqc/fork_pqclean/3-tidy/PQClean/testcases/test_testvectors__SRTMLCx_/crypto_bla/scheme/impl'
cc -std=c99 -I../../../common  -march=native -O3 -g3 -std=c99 -Wpedantic -Werror -Wredundant-decls -Wmissing-prototypes -Wuninitialized -Wall -Wextra -c -o CROSS.o CROSS.c
cc -std=c99 -I../../../common  -march=native -O3 -g3 -std=c99 -Wpedantic -Werror -Wredundant-decls -Wmissing-prototypes -Wuninitialized -Wall -Wextra -c -o csprng_hash.o csprng_hash.c
cc -std=c99 -I../../../common  -march=native -O3 -g3 -std=c99 -Wpedantic -Werror -Wredundant-decls -Wmissing-prototypes -Wuninitialized -Wall -Wextra -c -o merkle.o merkle.c
cc -std=c99 -I../../../common  -march=native -O3 -g3 -std=c99 -Wpedantic -Werror -Wredundant-decls -Wmissing-prototypes -Wuninitialized -Wall -Wextra -c -o pack_unpack.o pack_unpack.c
cc -std=c99 -I../../../common  -march=native -O3 -g3 -std=c99 -Wpedantic -Werror -Wredundant-decls -Wmissing-prototypes -Wuninitialized -Wall -Wextra -c -o seedtree.o seedtree.c
cc -std=c99 -I../../../common  -march=native -O3 -g3 -std=c99 -Wpedantic -Werror -Wredundant-decls -Wmissing-prototypes -Wuninitialized -Wall -Wextra -c -o sign.o sign.c
ar -r libcross-rsdp-192-fast_clean.a CROSS.o csprng_hash.o merkle.o pack_unpack.o seedtree.o sign.o
ar: creating libcross-rsdp-192-fast_clean.a
make[1]: Leaving directory '/home/marcoxps/Documents/tesi/pqc/fork_pqclean/3-tidy/PQClean/testcases/test_testvectors__SRTMLCx_/crypto_bla/scheme/impl'
mkdir -p /home/marcoxps/Documents/tesi/pqc/fork_pqclean/3-tidy/PQClean/testcases/test_testvectors__SRTMLCx_/bin
cc -O3 -Wall -Wextra -Wpedantic -Wvla -Werror -std=c99 -Wundef -Wshadow -Wcast-align -Wpointer-arith -Wmissing-prototypes -fstrict-aliasing -fno-common -pipe -I../common  -DPQCLEAN_NAMESPACE=PQCLEAN_CROSSRSDP192FAST_CLEAN -I/home/marcoxps/Documents/tesi/pqc/fork_pqclean/3-tidy/PQClean/testcases/test_testvectors__SRTMLCx_/crypto_bla/scheme/impl crypto_sign/testvectors.c ../common/aes.c ../common/sha2.c ../common/fips202.c ../common/nistseedexpander.c ../common/sp800-185.c ../test/common/notrandombytes.c -o /home/marcoxps/Documents/tesi/pqc/fork_pqclean/3-tidy/PQClean/testcases/test_testvectors__SRTMLCx_/bin/testvectors_cross-rsdp-192-fast_clean -L/home/marcoxps/Documents/tesi/pqc/fork_pqclean/3-tidy/PQClean/testcases/test_testvectors__SRTMLCx_/crypto_bla/scheme/impl -lcross-rsdp-192-fast_clean

. > /home/marcoxps/Documents/tesi/pqc/fork_pqclean/3-tidy/PQClean/testcases/test_testvectors__SRTMLCx_/bin/testvectors_cross-rsdp-192-fast_clean
________ test_testvectors[clean implementation of cross-rsdp-192-small] ________
[gw2] linux -- Python 3.11.2 /home/marcoxps/Documents/tesi/pqc/fork_pqclean/3-tidy/.venv/bin/python

implementation = <Implementation(cross-rsdp-192-small, clean)>
impl_path = '/home/marcoxps/Documents/tesi/pqc/fork_pqclean/3-tidy/PQClean/testcases/test_testvectors__0QhneJoY/crypto_bla/scheme/impl'
test_dir = '/home/marcoxps/Documents/tesi/pqc/fork_pqclean/3-tidy/PQClean/testcases/test_testvectors__0QhneJoY'
init = <function isolate_test_files.<locals>.initializer at 0x7f6b5ab06520>
destr = <function isolate_test_files.<locals>.destructor at 0x7f6b5ab06660>

    @pytest.mark.parametrize(
        'implementation,test_dir,impl_path,init,destr',
        [(impl, *helpers.isolate_test_files(impl.path(), 'test_testvectors_'))
         for sig in pqclean.Signature.all_sigs()
         for impl in sig.implementations],
        ids=[str(impl) for sig in pqclean.Signature.all_sigs()
             for impl in sig.implementations],
    )
    @helpers.filtered_test
    def test_testvectors(implementation, impl_path, test_dir, init, destr):
        if not implementation.supported_on_current_platform():
            raise unittest.SkipTest("Not supported on current platform")
        if platform.machine() == 'armv7l' and 'gcc' in os.environ.get('CC', 'gcc') and 'falcon' in implementation.scheme.name:
            raise unittest.SkipTest("this test hangs for falcon on armv7l with gcc")
        init()
        dest_dir = os.path.join(test_dir, 'bin')
        helpers.make('testvectors',
                     TYPE=implementation.scheme.type,
                     SCHEME=implementation.scheme.name,
                     SCHEME_DIR=impl_path,
                     IMPLEMENTATION=implementation.name,
                     DEST_DIR=dest_dir,
                     working_dir=os.path.join(test_dir, 'test'))
        out = helpers.run_subprocess(
            [os.path.join(dest_dir, 'testvectors_{}_{}{}'.format(
                implementation.scheme.name,
                implementation.name,
                '.exe' if os.name == 'nt' else ''
            ))],
            print_output=False,
        ).replace('\r', '')
>       assert(implementation.scheme.metadata()['testvectors-sha256'].lower()
               == hashlib.sha256(out.encode('utf-8')).hexdigest().lower())
E       AssertionError: assert 'ghj' == '9518da2336b7...063e76c2419f6'
E         
E         - 9518da2336b750d532f0ec44a10e8644c6119b20cec7aa922cd063e76c2419f6
E         + ghj

test_testvectors.py:48: AssertionError
----------------------------- Captured stdout call -----------------------------
/home/marcoxps/Documents/tesi/pqc/fork_pqclean/3-tidy/PQClean/testcases/test_testvectors__0QhneJoY/test > make TYPE=sign SCHEME=cross-rsdp-192-small SCHEME_DIR=/home/marcoxps/Documents/tesi/pqc/fork_pqclean/3-tidy/PQClean/testcases/test_testvectors__0QhneJoY/crypto_bla/scheme/impl IMPLEMENTATION=clean DEST_DIR=/home/marcoxps/Documents/tesi/pqc/fork_pqclean/3-tidy/PQClean/testcases/test_testvectors__0QhneJoY/bin testvectors
cd /home/marcoxps/Documents/tesi/pqc/fork_pqclean/3-tidy/PQClean/testcases/test_testvectors__0QhneJoY/crypto_bla/scheme/impl && make
make[1]: Entering directory '/home/marcoxps/Documents/tesi/pqc/fork_pqclean/3-tidy/PQClean/testcases/test_testvectors__0QhneJoY/crypto_bla/scheme/impl'
cc -std=c99 -I../../../common  -march=native -O3 -g3 -std=c99 -Wpedantic -Werror -Wredundant-decls -Wmissing-prototypes -Wuninitialized -Wall -Wextra -c -o CROSS.o CROSS.c
cc -std=c99 -I../../../common  -march=native -O3 -g3 -std=c99 -Wpedantic -Werror -Wredundant-decls -Wmissing-prototypes -Wuninitialized -Wall -Wextra -c -o csprng_hash.o csprng_hash.c
cc -std=c99 -I../../../common  -march=native -O3 -g3 -std=c99 -Wpedantic -Werror -Wredundant-decls -Wmissing-prototypes -Wuninitialized -Wall -Wextra -c -o merkle.o merkle.c
cc -std=c99 -I../../../common  -march=native -O3 -g3 -std=c99 -Wpedantic -Werror -Wredundant-decls -Wmissing-prototypes -Wuninitialized -Wall -Wextra -c -o pack_unpack.o pack_unpack.c
cc -std=c99 -I../../../common  -march=native -O3 -g3 -std=c99 -Wpedantic -Werror -Wredundant-decls -Wmissing-prototypes -Wuninitialized -Wall -Wextra -c -o seedtree.o seedtree.c
cc -std=c99 -I../../../common  -march=native -O3 -g3 -std=c99 -Wpedantic -Werror -Wredundant-decls -Wmissing-prototypes -Wuninitialized -Wall -Wextra -c -o sign.o sign.c
ar -r libcross-rsdp-192-small_clean.a CROSS.o csprng_hash.o merkle.o pack_unpack.o seedtree.o sign.o
ar: creating libcross-rsdp-192-small_clean.a
make[1]: Leaving directory '/home/marcoxps/Documents/tesi/pqc/fork_pqclean/3-tidy/PQClean/testcases/test_testvectors__0QhneJoY/crypto_bla/scheme/impl'
mkdir -p /home/marcoxps/Documents/tesi/pqc/fork_pqclean/3-tidy/PQClean/testcases/test_testvectors__0QhneJoY/bin
cc -O3 -Wall -Wextra -Wpedantic -Wvla -Werror -std=c99 -Wundef -Wshadow -Wcast-align -Wpointer-arith -Wmissing-prototypes -fstrict-aliasing -fno-common -pipe -I../common  -DPQCLEAN_NAMESPACE=PQCLEAN_CROSSRSDP192SMALL_CLEAN -I/home/marcoxps/Documents/tesi/pqc/fork_pqclean/3-tidy/PQClean/testcases/test_testvectors__0QhneJoY/crypto_bla/scheme/impl crypto_sign/testvectors.c ../common/aes.c ../common/sha2.c ../common/fips202.c ../common/nistseedexpander.c ../common/sp800-185.c ../test/common/notrandombytes.c -o /home/marcoxps/Documents/tesi/pqc/fork_pqclean/3-tidy/PQClean/testcases/test_testvectors__0QhneJoY/bin/testvectors_cross-rsdp-192-small_clean -L/home/marcoxps/Documents/tesi/pqc/fork_pqclean/3-tidy/PQClean/testcases/test_testvectors__0QhneJoY/crypto_bla/scheme/impl -lcross-rsdp-192-small_clean

. > /home/marcoxps/Documents/tesi/pqc/fork_pqclean/3-tidy/PQClean/testcases/test_testvectors__0QhneJoY/bin/testvectors_cross-rsdp-192-small_clean
________ test_testvectors[avx2 implementation of cross-rsdpg-192-small] ________
[gw3] linux -- Python 3.11.2 /home/marcoxps/Documents/tesi/pqc/fork_pqclean/3-tidy/.venv/bin/python

implementation = <Implementation(cross-rsdpg-192-small, avx2)>
impl_path = '/home/marcoxps/Documents/tesi/pqc/fork_pqclean/3-tidy/PQClean/testcases/test_testvectors__xXx7cFKe/crypto_bla/scheme/impl'
test_dir = '/home/marcoxps/Documents/tesi/pqc/fork_pqclean/3-tidy/PQClean/testcases/test_testvectors__xXx7cFKe'
init = <function isolate_test_files.<locals>.initializer at 0x7f4d8199eac0>
destr = <function isolate_test_files.<locals>.destructor at 0x7f4d8199ec00>

    @pytest.mark.parametrize(
        'implementation,test_dir,impl_path,init,destr',
        [(impl, *helpers.isolate_test_files(impl.path(), 'test_testvectors_'))
         for sig in pqclean.Signature.all_sigs()
         for impl in sig.implementations],
        ids=[str(impl) for sig in pqclean.Signature.all_sigs()
             for impl in sig.implementations],
    )
    @helpers.filtered_test
    def test_testvectors(implementation, impl_path, test_dir, init, destr):
        if not implementation.supported_on_current_platform():
            raise unittest.SkipTest("Not supported on current platform")
        if platform.machine() == 'armv7l' and 'gcc' in os.environ.get('CC', 'gcc') and 'falcon' in implementation.scheme.name:
            raise unittest.SkipTest("this test hangs for falcon on armv7l with gcc")
        init()
        dest_dir = os.path.join(test_dir, 'bin')
        helpers.make('testvectors',
                     TYPE=implementation.scheme.type,
                     SCHEME=implementation.scheme.name,
                     SCHEME_DIR=impl_path,
                     IMPLEMENTATION=implementation.name,
                     DEST_DIR=dest_dir,
                     working_dir=os.path.join(test_dir, 'test'))
        out = helpers.run_subprocess(
            [os.path.join(dest_dir, 'testvectors_{}_{}{}'.format(
                implementation.scheme.name,
                implementation.name,
                '.exe' if os.name == 'nt' else ''
            ))],
            print_output=False,
        ).replace('\r', '')
>       assert(implementation.scheme.metadata()['testvectors-sha256'].lower()
               == hashlib.sha256(out.encode('utf-8')).hexdigest().lower())
E       AssertionError: assert 'kjh' == '6b401ed19d2a...33326fec79990'
E         
E         - 6b401ed19d2a374421ddd36f62591d000a81ef63fc30853c4cb33326fec79990
E         + kjh

test_testvectors.py:48: AssertionError
----------------------------- Captured stdout call -----------------------------
/home/marcoxps/Documents/tesi/pqc/fork_pqclean/3-tidy/PQClean/testcases/test_testvectors__xXx7cFKe/test > make TYPE=sign SCHEME=cross-rsdpg-192-small SCHEME_DIR=/home/marcoxps/Documents/tesi/pqc/fork_pqclean/3-tidy/PQClean/testcases/test_testvectors__xXx7cFKe/crypto_bla/scheme/impl IMPLEMENTATION=avx2 DEST_DIR=/home/marcoxps/Documents/tesi/pqc/fork_pqclean/3-tidy/PQClean/testcases/test_testvectors__xXx7cFKe/bin testvectors
cd /home/marcoxps/Documents/tesi/pqc/fork_pqclean/3-tidy/PQClean/testcases/test_testvectors__xXx7cFKe/crypto_bla/scheme/impl && make
make[1]: Entering directory '/home/marcoxps/Documents/tesi/pqc/fork_pqclean/3-tidy/PQClean/testcases/test_testvectors__xXx7cFKe/crypto_bla/scheme/impl'
cc -std=c99 -I../../../common  -march=native -O3 -g3 -std=c99 -Wpedantic -Werror -Wredundant-decls -Wmissing-prototypes -Wuninitialized -Wall -Wextra -c -o CROSS.o CROSS.c
cc -std=c99 -I../../../common  -march=native -O3 -g3 -std=c99 -Wpedantic -Werror -Wredundant-decls -Wmissing-prototypes -Wuninitialized -Wall -Wextra -c -o csprng_hash.o csprng_hash.c
cc -std=c99 -I../../../common  -march=native -O3 -g3 -std=c99 -Wpedantic -Werror -Wredundant-decls -Wmissing-prototypes -Wuninitialized -Wall -Wextra -c -o merkle.o merkle.c
cc -std=c99 -I../../../common  -march=native -O3 -g3 -std=c99 -Wpedantic -Werror -Wredundant-decls -Wmissing-prototypes -Wuninitialized -Wall -Wextra -c -o pack_unpack.o pack_unpack.c
cc -std=c99 -I../../../common  -march=native -O3 -g3 -std=c99 -Wpedantic -Werror -Wredundant-decls -Wmissing-prototypes -Wuninitialized -Wall -Wextra -c -o seedtree.o seedtree.c
cc -std=c99 -I../../../common  -march=native -O3 -g3 -std=c99 -Wpedantic -Werror -Wredundant-decls -Wmissing-prototypes -Wuninitialized -Wall -Wextra -c -o sign.o sign.c
ar -r libcross-rsdpg-192-small_avx2.a CROSS.o csprng_hash.o merkle.o pack_unpack.o seedtree.o sign.o
ar: creating libcross-rsdpg-192-small_avx2.a
make[1]: Leaving directory '/home/marcoxps/Documents/tesi/pqc/fork_pqclean/3-tidy/PQClean/testcases/test_testvectors__xXx7cFKe/crypto_bla/scheme/impl'
mkdir -p /home/marcoxps/Documents/tesi/pqc/fork_pqclean/3-tidy/PQClean/testcases/test_testvectors__xXx7cFKe/bin
cc -O3 -Wall -Wextra -Wpedantic -Wvla -Werror -std=c99 -Wundef -Wshadow -Wcast-align -Wpointer-arith -Wmissing-prototypes -fstrict-aliasing -fno-common -pipe -I../common  -DPQCLEAN_NAMESPACE=PQCLEAN_CROSSRSDPG192SMALL_AVX2 -I/home/marcoxps/Documents/tesi/pqc/fork_pqclean/3-tidy/PQClean/testcases/test_testvectors__xXx7cFKe/crypto_bla/scheme/impl crypto_sign/testvectors.c ../common/aes.c ../common/sha2.c ../common/fips202.c ../common/nistseedexpander.c ../common/sp800-185.c ../test/common/notrandombytes.c -o /home/marcoxps/Documents/tesi/pqc/fork_pqclean/3-tidy/PQClean/testcases/test_testvectors__xXx7cFKe/bin/testvectors_cross-rsdpg-192-small_avx2 -L/home/marcoxps/Documents/tesi/pqc/fork_pqclean/3-tidy/PQClean/testcases/test_testvectors__xXx7cFKe/crypto_bla/scheme/impl -lcross-rsdpg-192-small_avx2

. > /home/marcoxps/Documents/tesi/pqc/fork_pqclean/3-tidy/PQClean/testcases/test_testvectors__xXx7cFKe/bin/testvectors_cross-rsdpg-192-small_avx2
______ test_testvectors[avx2 implementation of cross-rsdpg-256-balanced] _______
[gw0] linux -- Python 3.11.2 /home/marcoxps/Documents/tesi/pqc/fork_pqclean/3-tidy/.venv/bin/python

implementation = <Implementation(cross-rsdpg-256-balanced, avx2)>
impl_path = '/home/marcoxps/Documents/tesi/pqc/fork_pqclean/3-tidy/PQClean/testcases/test_testvectors__NoaDLlga/crypto_bla/scheme/impl'
test_dir = '/home/marcoxps/Documents/tesi/pqc/fork_pqclean/3-tidy/PQClean/testcases/test_testvectors__NoaDLlga'
init = <function isolate_test_files.<locals>.initializer at 0x7f05bf59df80>
destr = <function isolate_test_files.<locals>.destructor at 0x7f05bf59e0c0>

    @pytest.mark.parametrize(
        'implementation,test_dir,impl_path,init,destr',
        [(impl, *helpers.isolate_test_files(impl.path(), 'test_testvectors_'))
         for sig in pqclean.Signature.all_sigs()
         for impl in sig.implementations],
        ids=[str(impl) for sig in pqclean.Signature.all_sigs()
             for impl in sig.implementations],
    )
    @helpers.filtered_test
    def test_testvectors(implementation, impl_path, test_dir, init, destr):
        if not implementation.supported_on_current_platform():
            raise unittest.SkipTest("Not supported on current platform")
        if platform.machine() == 'armv7l' and 'gcc' in os.environ.get('CC', 'gcc') and 'falcon' in implementation.scheme.name:
            raise unittest.SkipTest("this test hangs for falcon on armv7l with gcc")
        init()
        dest_dir = os.path.join(test_dir, 'bin')
        helpers.make('testvectors',
                     TYPE=implementation.scheme.type,
                     SCHEME=implementation.scheme.name,
                     SCHEME_DIR=impl_path,
                     IMPLEMENTATION=implementation.name,
                     DEST_DIR=dest_dir,
                     working_dir=os.path.join(test_dir, 'test'))
        out = helpers.run_subprocess(
            [os.path.join(dest_dir, 'testvectors_{}_{}{}'.format(
                implementation.scheme.name,
                implementation.name,
                '.exe' if os.name == 'nt' else ''
            ))],
            print_output=False,
        ).replace('\r', '')
>       assert(implementation.scheme.metadata()['testvectors-sha256'].lower()
               == hashlib.sha256(out.encode('utf-8')).hexdigest().lower())
E       AssertionError: assert 'jhg' == 'dc01ae04f37f...df57dbd9e304a'
E         
E         - dc01ae04f37fe70077d870920bb31987407065a340d9fa9bec4df57dbd9e304a
E         + jhg

test_testvectors.py:48: AssertionError
----------------------------- Captured stdout call -----------------------------
/home/marcoxps/Documents/tesi/pqc/fork_pqclean/3-tidy/PQClean/testcases/test_testvectors__NoaDLlga/test > make TYPE=sign SCHEME=cross-rsdpg-256-balanced SCHEME_DIR=/home/marcoxps/Documents/tesi/pqc/fork_pqclean/3-tidy/PQClean/testcases/test_testvectors__NoaDLlga/crypto_bla/scheme/impl IMPLEMENTATION=avx2 DEST_DIR=/home/marcoxps/Documents/tesi/pqc/fork_pqclean/3-tidy/PQClean/testcases/test_testvectors__NoaDLlga/bin testvectors
cd /home/marcoxps/Documents/tesi/pqc/fork_pqclean/3-tidy/PQClean/testcases/test_testvectors__NoaDLlga/crypto_bla/scheme/impl && make
make[1]: Entering directory '/home/marcoxps/Documents/tesi/pqc/fork_pqclean/3-tidy/PQClean/testcases/test_testvectors__NoaDLlga/crypto_bla/scheme/impl'
cc -std=c99 -I../../../common  -march=native -O3 -g3 -std=c99 -Wpedantic -Werror -Wredundant-decls -Wmissing-prototypes -Wuninitialized -Wall -Wextra -c -o CROSS.o CROSS.c
cc -std=c99 -I../../../common  -march=native -O3 -g3 -std=c99 -Wpedantic -Werror -Wredundant-decls -Wmissing-prototypes -Wuninitialized -Wall -Wextra -c -o csprng_hash.o csprng_hash.c
cc -std=c99 -I../../../common  -march=native -O3 -g3 -std=c99 -Wpedantic -Werror -Wredundant-decls -Wmissing-prototypes -Wuninitialized -Wall -Wextra -c -o merkle.o merkle.c
cc -std=c99 -I../../../common  -march=native -O3 -g3 -std=c99 -Wpedantic -Werror -Wredundant-decls -Wmissing-prototypes -Wuninitialized -Wall -Wextra -c -o pack_unpack.o pack_unpack.c
cc -std=c99 -I../../../common  -march=native -O3 -g3 -std=c99 -Wpedantic -Werror -Wredundant-decls -Wmissing-prototypes -Wuninitialized -Wall -Wextra -c -o seedtree.o seedtree.c
cc -std=c99 -I../../../common  -march=native -O3 -g3 -std=c99 -Wpedantic -Werror -Wredundant-decls -Wmissing-prototypes -Wuninitialized -Wall -Wextra -c -o sign.o sign.c
ar -r libcross-rsdpg-256-balanced_avx2.a CROSS.o csprng_hash.o merkle.o pack_unpack.o seedtree.o sign.o
ar: creating libcross-rsdpg-256-balanced_avx2.a
make[1]: Leaving directory '/home/marcoxps/Documents/tesi/pqc/fork_pqclean/3-tidy/PQClean/testcases/test_testvectors__NoaDLlga/crypto_bla/scheme/impl'
mkdir -p /home/marcoxps/Documents/tesi/pqc/fork_pqclean/3-tidy/PQClean/testcases/test_testvectors__NoaDLlga/bin
cc -O3 -Wall -Wextra -Wpedantic -Wvla -Werror -std=c99 -Wundef -Wshadow -Wcast-align -Wpointer-arith -Wmissing-prototypes -fstrict-aliasing -fno-common -pipe -I../common  -DPQCLEAN_NAMESPACE=PQCLEAN_CROSSRSDPG256BALANCED_AVX2 -I/home/marcoxps/Documents/tesi/pqc/fork_pqclean/3-tidy/PQClean/testcases/test_testvectors__NoaDLlga/crypto_bla/scheme/impl crypto_sign/testvectors.c ../common/aes.c ../common/sha2.c ../common/fips202.c ../common/nistseedexpander.c ../common/sp800-185.c ../test/common/notrandombytes.c -o /home/marcoxps/Documents/tesi/pqc/fork_pqclean/3-tidy/PQClean/testcases/test_testvectors__NoaDLlga/bin/testvectors_cross-rsdpg-256-balanced_avx2 -L/home/marcoxps/Documents/tesi/pqc/fork_pqclean/3-tidy/PQClean/testcases/test_testvectors__NoaDLlga/crypto_bla/scheme/impl -lcross-rsdpg-256-balanced_avx2

. > /home/marcoxps/Documents/tesi/pqc/fork_pqclean/3-tidy/PQClean/testcases/test_testvectors__NoaDLlga/bin/testvectors_cross-rsdpg-256-balanced_avx2
_________ test_testvectors[avx2 implementation of cross-rsdp-192-fast] _________
[gw1] linux -- Python 3.11.2 /home/marcoxps/Documents/tesi/pqc/fork_pqclean/3-tidy/.venv/bin/python

implementation = <Implementation(cross-rsdp-192-fast, avx2)>
impl_path = '/home/marcoxps/Documents/tesi/pqc/fork_pqclean/3-tidy/PQClean/testcases/test_testvectors__x3EkHqIi/crypto_bla/scheme/impl'
test_dir = '/home/marcoxps/Documents/tesi/pqc/fork_pqclean/3-tidy/PQClean/testcases/test_testvectors__x3EkHqIi'
init = <function isolate_test_files.<locals>.initializer at 0x7fdd7be56340>
destr = <function isolate_test_files.<locals>.destructor at 0x7fdd7be56480>

    @pytest.mark.parametrize(
        'implementation,test_dir,impl_path,init,destr',
        [(impl, *helpers.isolate_test_files(impl.path(), 'test_testvectors_'))
         for sig in pqclean.Signature.all_sigs()
         for impl in sig.implementations],
        ids=[str(impl) for sig in pqclean.Signature.all_sigs()
             for impl in sig.implementations],
    )
    @helpers.filtered_test
    def test_testvectors(implementation, impl_path, test_dir, init, destr):
        if not implementation.supported_on_current_platform():
            raise unittest.SkipTest("Not supported on current platform")
        if platform.machine() == 'armv7l' and 'gcc' in os.environ.get('CC', 'gcc') and 'falcon' in implementation.scheme.name:
            raise unittest.SkipTest("this test hangs for falcon on armv7l with gcc")
        init()
        dest_dir = os.path.join(test_dir, 'bin')
        helpers.make('testvectors',
                     TYPE=implementation.scheme.type,
                     SCHEME=implementation.scheme.name,
                     SCHEME_DIR=impl_path,
                     IMPLEMENTATION=implementation.name,
                     DEST_DIR=dest_dir,
                     working_dir=os.path.join(test_dir, 'test'))
        out = helpers.run_subprocess(
            [os.path.join(dest_dir, 'testvectors_{}_{}{}'.format(
                implementation.scheme.name,
                implementation.name,
                '.exe' if os.name == 'nt' else ''
            ))],
            print_output=False,
        ).replace('\r', '')
>       assert(implementation.scheme.metadata()['testvectors-sha256'].lower()
               == hashlib.sha256(out.encode('utf-8')).hexdigest().lower())
E       AssertionError: assert 'fgh' == '3c5a558b95f4...c47280352b11d'
E         
E         - 3c5a558b95f4726d75675835cd1077b8cb821728dee02672824c47280352b11d
E         + fgh

test_testvectors.py:48: AssertionError
----------------------------- Captured stdout call -----------------------------
/home/marcoxps/Documents/tesi/pqc/fork_pqclean/3-tidy/PQClean/testcases/test_testvectors__x3EkHqIi/test > make TYPE=sign SCHEME=cross-rsdp-192-fast SCHEME_DIR=/home/marcoxps/Documents/tesi/pqc/fork_pqclean/3-tidy/PQClean/testcases/test_testvectors__x3EkHqIi/crypto_bla/scheme/impl IMPLEMENTATION=avx2 DEST_DIR=/home/marcoxps/Documents/tesi/pqc/fork_pqclean/3-tidy/PQClean/testcases/test_testvectors__x3EkHqIi/bin testvectors
cd /home/marcoxps/Documents/tesi/pqc/fork_pqclean/3-tidy/PQClean/testcases/test_testvectors__x3EkHqIi/crypto_bla/scheme/impl && make
make[1]: Entering directory '/home/marcoxps/Documents/tesi/pqc/fork_pqclean/3-tidy/PQClean/testcases/test_testvectors__x3EkHqIi/crypto_bla/scheme/impl'
cc -std=c99 -I../../../common  -march=native -O3 -g3 -std=c99 -Wpedantic -Werror -Wredundant-decls -Wmissing-prototypes -Wuninitialized -Wall -Wextra -c -o CROSS.o CROSS.c
cc -std=c99 -I../../../common  -march=native -O3 -g3 -std=c99 -Wpedantic -Werror -Wredundant-decls -Wmissing-prototypes -Wuninitialized -Wall -Wextra -c -o csprng_hash.o csprng_hash.c
cc -std=c99 -I../../../common  -march=native -O3 -g3 -std=c99 -Wpedantic -Werror -Wredundant-decls -Wmissing-prototypes -Wuninitialized -Wall -Wextra -c -o merkle.o merkle.c
cc -std=c99 -I../../../common  -march=native -O3 -g3 -std=c99 -Wpedantic -Werror -Wredundant-decls -Wmissing-prototypes -Wuninitialized -Wall -Wextra -c -o pack_unpack.o pack_unpack.c
cc -std=c99 -I../../../common  -march=native -O3 -g3 -std=c99 -Wpedantic -Werror -Wredundant-decls -Wmissing-prototypes -Wuninitialized -Wall -Wextra -c -o seedtree.o seedtree.c
cc -std=c99 -I../../../common  -march=native -O3 -g3 -std=c99 -Wpedantic -Werror -Wredundant-decls -Wmissing-prototypes -Wuninitialized -Wall -Wextra -c -o sign.o sign.c
ar -r libcross-rsdp-192-fast_avx2.a CROSS.o csprng_hash.o merkle.o pack_unpack.o seedtree.o sign.o
ar: creating libcross-rsdp-192-fast_avx2.a
make[1]: Leaving directory '/home/marcoxps/Documents/tesi/pqc/fork_pqclean/3-tidy/PQClean/testcases/test_testvectors__x3EkHqIi/crypto_bla/scheme/impl'
mkdir -p /home/marcoxps/Documents/tesi/pqc/fork_pqclean/3-tidy/PQClean/testcases/test_testvectors__x3EkHqIi/bin
cc -O3 -Wall -Wextra -Wpedantic -Wvla -Werror -std=c99 -Wundef -Wshadow -Wcast-align -Wpointer-arith -Wmissing-prototypes -fstrict-aliasing -fno-common -pipe -I../common  -DPQCLEAN_NAMESPACE=PQCLEAN_CROSSRSDP192FAST_AVX2 -I/home/marcoxps/Documents/tesi/pqc/fork_pqclean/3-tidy/PQClean/testcases/test_testvectors__x3EkHqIi/crypto_bla/scheme/impl crypto_sign/testvectors.c ../common/aes.c ../common/sha2.c ../common/fips202.c ../common/nistseedexpander.c ../common/sp800-185.c ../test/common/notrandombytes.c -o /home/marcoxps/Documents/tesi/pqc/fork_pqclean/3-tidy/PQClean/testcases/test_testvectors__x3EkHqIi/bin/testvectors_cross-rsdp-192-fast_avx2 -L/home/marcoxps/Documents/tesi/pqc/fork_pqclean/3-tidy/PQClean/testcases/test_testvectors__x3EkHqIi/crypto_bla/scheme/impl -lcross-rsdp-192-fast_avx2

. > /home/marcoxps/Documents/tesi/pqc/fork_pqclean/3-tidy/PQClean/testcases/test_testvectors__x3EkHqIi/bin/testvectors_cross-rsdp-192-fast_avx2
________ test_testvectors[avx2 implementation of cross-rsdp-192-small] _________
[gw2] linux -- Python 3.11.2 /home/marcoxps/Documents/tesi/pqc/fork_pqclean/3-tidy/.venv/bin/python

implementation = <Implementation(cross-rsdp-192-small, avx2)>
impl_path = '/home/marcoxps/Documents/tesi/pqc/fork_pqclean/3-tidy/PQClean/testcases/test_testvectors__GNkjq_p7/crypto_bla/scheme/impl'
test_dir = '/home/marcoxps/Documents/tesi/pqc/fork_pqclean/3-tidy/PQClean/testcases/test_testvectors__GNkjq_p7'
init = <function isolate_test_files.<locals>.initializer at 0x7f6b5ab06700>
destr = <function isolate_test_files.<locals>.destructor at 0x7f6b5ab06840>

    @pytest.mark.parametrize(
        'implementation,test_dir,impl_path,init,destr',
        [(impl, *helpers.isolate_test_files(impl.path(), 'test_testvectors_'))
         for sig in pqclean.Signature.all_sigs()
         for impl in sig.implementations],
        ids=[str(impl) for sig in pqclean.Signature.all_sigs()
             for impl in sig.implementations],
    )
    @helpers.filtered_test
    def test_testvectors(implementation, impl_path, test_dir, init, destr):
        if not implementation.supported_on_current_platform():
            raise unittest.SkipTest("Not supported on current platform")
        if platform.machine() == 'armv7l' and 'gcc' in os.environ.get('CC', 'gcc') and 'falcon' in implementation.scheme.name:
            raise unittest.SkipTest("this test hangs for falcon on armv7l with gcc")
        init()
        dest_dir = os.path.join(test_dir, 'bin')
        helpers.make('testvectors',
                     TYPE=implementation.scheme.type,
                     SCHEME=implementation.scheme.name,
                     SCHEME_DIR=impl_path,
                     IMPLEMENTATION=implementation.name,
                     DEST_DIR=dest_dir,
                     working_dir=os.path.join(test_dir, 'test'))
        out = helpers.run_subprocess(
            [os.path.join(dest_dir, 'testvectors_{}_{}{}'.format(
                implementation.scheme.name,
                implementation.name,
                '.exe' if os.name == 'nt' else ''
            ))],
            print_output=False,
        ).replace('\r', '')
>       assert(implementation.scheme.metadata()['testvectors-sha256'].lower()
               == hashlib.sha256(out.encode('utf-8')).hexdigest().lower())
E       AssertionError: assert 'ghj' == '9518da2336b7...063e76c2419f6'
E         
E         - 9518da2336b750d532f0ec44a10e8644c6119b20cec7aa922cd063e76c2419f6
E         + ghj

test_testvectors.py:48: AssertionError
----------------------------- Captured stdout call -----------------------------
/home/marcoxps/Documents/tesi/pqc/fork_pqclean/3-tidy/PQClean/testcases/test_testvectors__GNkjq_p7/test > make TYPE=sign SCHEME=cross-rsdp-192-small SCHEME_DIR=/home/marcoxps/Documents/tesi/pqc/fork_pqclean/3-tidy/PQClean/testcases/test_testvectors__GNkjq_p7/crypto_bla/scheme/impl IMPLEMENTATION=avx2 DEST_DIR=/home/marcoxps/Documents/tesi/pqc/fork_pqclean/3-tidy/PQClean/testcases/test_testvectors__GNkjq_p7/bin testvectors
cd /home/marcoxps/Documents/tesi/pqc/fork_pqclean/3-tidy/PQClean/testcases/test_testvectors__GNkjq_p7/crypto_bla/scheme/impl && make
make[1]: Entering directory '/home/marcoxps/Documents/tesi/pqc/fork_pqclean/3-tidy/PQClean/testcases/test_testvectors__GNkjq_p7/crypto_bla/scheme/impl'
cc -std=c99 -I../../../common  -march=native -O3 -g3 -std=c99 -Wpedantic -Werror -Wredundant-decls -Wmissing-prototypes -Wuninitialized -Wall -Wextra -c -o CROSS.o CROSS.c
cc -std=c99 -I../../../common  -march=native -O3 -g3 -std=c99 -Wpedantic -Werror -Wredundant-decls -Wmissing-prototypes -Wuninitialized -Wall -Wextra -c -o csprng_hash.o csprng_hash.c
cc -std=c99 -I../../../common  -march=native -O3 -g3 -std=c99 -Wpedantic -Werror -Wredundant-decls -Wmissing-prototypes -Wuninitialized -Wall -Wextra -c -o merkle.o merkle.c
cc -std=c99 -I../../../common  -march=native -O3 -g3 -std=c99 -Wpedantic -Werror -Wredundant-decls -Wmissing-prototypes -Wuninitialized -Wall -Wextra -c -o pack_unpack.o pack_unpack.c
cc -std=c99 -I../../../common  -march=native -O3 -g3 -std=c99 -Wpedantic -Werror -Wredundant-decls -Wmissing-prototypes -Wuninitialized -Wall -Wextra -c -o seedtree.o seedtree.c
cc -std=c99 -I../../../common  -march=native -O3 -g3 -std=c99 -Wpedantic -Werror -Wredundant-decls -Wmissing-prototypes -Wuninitialized -Wall -Wextra -c -o sign.o sign.c
ar -r libcross-rsdp-192-small_avx2.a CROSS.o csprng_hash.o merkle.o pack_unpack.o seedtree.o sign.o
ar: creating libcross-rsdp-192-small_avx2.a
make[1]: Leaving directory '/home/marcoxps/Documents/tesi/pqc/fork_pqclean/3-tidy/PQClean/testcases/test_testvectors__GNkjq_p7/crypto_bla/scheme/impl'
mkdir -p /home/marcoxps/Documents/tesi/pqc/fork_pqclean/3-tidy/PQClean/testcases/test_testvectors__GNkjq_p7/bin
cc -O3 -Wall -Wextra -Wpedantic -Wvla -Werror -std=c99 -Wundef -Wshadow -Wcast-align -Wpointer-arith -Wmissing-prototypes -fstrict-aliasing -fno-common -pipe -I../common  -DPQCLEAN_NAMESPACE=PQCLEAN_CROSSRSDP192SMALL_AVX2 -I/home/marcoxps/Documents/tesi/pqc/fork_pqclean/3-tidy/PQClean/testcases/test_testvectors__GNkjq_p7/crypto_bla/scheme/impl crypto_sign/testvectors.c ../common/aes.c ../common/sha2.c ../common/fips202.c ../common/nistseedexpander.c ../common/sp800-185.c ../test/common/notrandombytes.c -o /home/marcoxps/Documents/tesi/pqc/fork_pqclean/3-tidy/PQClean/testcases/test_testvectors__GNkjq_p7/bin/testvectors_cross-rsdp-192-small_avx2 -L/home/marcoxps/Documents/tesi/pqc/fork_pqclean/3-tidy/PQClean/testcases/test_testvectors__GNkjq_p7/crypto_bla/scheme/impl -lcross-rsdp-192-small_avx2

. > /home/marcoxps/Documents/tesi/pqc/fork_pqclean/3-tidy/PQClean/testcases/test_testvectors__GNkjq_p7/bin/testvectors_cross-rsdp-192-small_avx2
________ test_testvectors[clean implementation of cross-rsdp-128-small] ________
[gw0] linux -- Python 3.11.2 /home/marcoxps/Documents/tesi/pqc/fork_pqclean/3-tidy/.venv/bin/python

implementation = <Implementation(cross-rsdp-128-small, clean)>
impl_path = '/home/marcoxps/Documents/tesi/pqc/fork_pqclean/3-tidy/PQClean/testcases/test_testvectors__5hmD_8vD/crypto_bla/scheme/impl'
test_dir = '/home/marcoxps/Documents/tesi/pqc/fork_pqclean/3-tidy/PQClean/testcases/test_testvectors__5hmD_8vD'
init = <function isolate_test_files.<locals>.initializer at 0x7f05bf59eca0>
destr = <function isolate_test_files.<locals>.destructor at 0x7f05bf59ede0>

    @pytest.mark.parametrize(
        'implementation,test_dir,impl_path,init,destr',
        [(impl, *helpers.isolate_test_files(impl.path(), 'test_testvectors_'))
         for sig in pqclean.Signature.all_sigs()
         for impl in sig.implementations],
        ids=[str(impl) for sig in pqclean.Signature.all_sigs()
             for impl in sig.implementations],
    )
    @helpers.filtered_test
    def test_testvectors(implementation, impl_path, test_dir, init, destr):
        if not implementation.supported_on_current_platform():
            raise unittest.SkipTest("Not supported on current platform")
        if platform.machine() == 'armv7l' and 'gcc' in os.environ.get('CC', 'gcc') and 'falcon' in implementation.scheme.name:
            raise unittest.SkipTest("this test hangs for falcon on armv7l with gcc")
        init()
        dest_dir = os.path.join(test_dir, 'bin')
        helpers.make('testvectors',
                     TYPE=implementation.scheme.type,
                     SCHEME=implementation.scheme.name,
                     SCHEME_DIR=impl_path,
                     IMPLEMENTATION=implementation.name,
                     DEST_DIR=dest_dir,
                     working_dir=os.path.join(test_dir, 'test'))
        out = helpers.run_subprocess(
            [os.path.join(dest_dir, 'testvectors_{}_{}{}'.format(
                implementation.scheme.name,
                implementation.name,
                '.exe' if os.name == 'nt' else ''
            ))],
            print_output=False,
        ).replace('\r', '')
>       assert(implementation.scheme.metadata()['testvectors-sha256'].lower()
               == hashlib.sha256(out.encode('utf-8')).hexdigest().lower())
E       AssertionError: assert 'sdf' == 'd72710cac855...1b5f5c4c9f627'
E         
E         - d72710cac855cc566c39ce0132e96f6bd7c4cb16fc8277835291b5f5c4c9f627
E         + sdf

test_testvectors.py:48: AssertionError
----------------------------- Captured stdout call -----------------------------
/home/marcoxps/Documents/tesi/pqc/fork_pqclean/3-tidy/PQClean/testcases/test_testvectors__5hmD_8vD/test > make TYPE=sign SCHEME=cross-rsdp-128-small SCHEME_DIR=/home/marcoxps/Documents/tesi/pqc/fork_pqclean/3-tidy/PQClean/testcases/test_testvectors__5hmD_8vD/crypto_bla/scheme/impl IMPLEMENTATION=clean DEST_DIR=/home/marcoxps/Documents/tesi/pqc/fork_pqclean/3-tidy/PQClean/testcases/test_testvectors__5hmD_8vD/bin testvectors
cd /home/marcoxps/Documents/tesi/pqc/fork_pqclean/3-tidy/PQClean/testcases/test_testvectors__5hmD_8vD/crypto_bla/scheme/impl && make
make[1]: Entering directory '/home/marcoxps/Documents/tesi/pqc/fork_pqclean/3-tidy/PQClean/testcases/test_testvectors__5hmD_8vD/crypto_bla/scheme/impl'
cc -std=c99 -I../../../common  -march=native -O3 -g3 -std=c99 -Wpedantic -Werror -Wredundant-decls -Wmissing-prototypes -Wuninitialized -Wall -Wextra -c -o CROSS.o CROSS.c
cc -std=c99 -I../../../common  -march=native -O3 -g3 -std=c99 -Wpedantic -Werror -Wredundant-decls -Wmissing-prototypes -Wuninitialized -Wall -Wextra -c -o csprng_hash.o csprng_hash.c
cc -std=c99 -I../../../common  -march=native -O3 -g3 -std=c99 -Wpedantic -Werror -Wredundant-decls -Wmissing-prototypes -Wuninitialized -Wall -Wextra -c -o merkle.o merkle.c
cc -std=c99 -I../../../common  -march=native -O3 -g3 -std=c99 -Wpedantic -Werror -Wredundant-decls -Wmissing-prototypes -Wuninitialized -Wall -Wextra -c -o pack_unpack.o pack_unpack.c
cc -std=c99 -I../../../common  -march=native -O3 -g3 -std=c99 -Wpedantic -Werror -Wredundant-decls -Wmissing-prototypes -Wuninitialized -Wall -Wextra -c -o seedtree.o seedtree.c
cc -std=c99 -I../../../common  -march=native -O3 -g3 -std=c99 -Wpedantic -Werror -Wredundant-decls -Wmissing-prototypes -Wuninitialized -Wall -Wextra -c -o sign.o sign.c
ar -r libcross-rsdp-128-small_clean.a CROSS.o csprng_hash.o merkle.o pack_unpack.o seedtree.o sign.o
ar: creating libcross-rsdp-128-small_clean.a
make[1]: Leaving directory '/home/marcoxps/Documents/tesi/pqc/fork_pqclean/3-tidy/PQClean/testcases/test_testvectors__5hmD_8vD/crypto_bla/scheme/impl'
mkdir -p /home/marcoxps/Documents/tesi/pqc/fork_pqclean/3-tidy/PQClean/testcases/test_testvectors__5hmD_8vD/bin
cc -O3 -Wall -Wextra -Wpedantic -Wvla -Werror -std=c99 -Wundef -Wshadow -Wcast-align -Wpointer-arith -Wmissing-prototypes -fstrict-aliasing -fno-common -pipe -I../common  -DPQCLEAN_NAMESPACE=PQCLEAN_CROSSRSDP128SMALL_CLEAN -I/home/marcoxps/Documents/tesi/pqc/fork_pqclean/3-tidy/PQClean/testcases/test_testvectors__5hmD_8vD/crypto_bla/scheme/impl crypto_sign/testvectors.c ../common/aes.c ../common/sha2.c ../common/fips202.c ../common/nistseedexpander.c ../common/sp800-185.c ../test/common/notrandombytes.c -o /home/marcoxps/Documents/tesi/pqc/fork_pqclean/3-tidy/PQClean/testcases/test_testvectors__5hmD_8vD/bin/testvectors_cross-rsdp-128-small_clean -L/home/marcoxps/Documents/tesi/pqc/fork_pqclean/3-tidy/PQClean/testcases/test_testvectors__5hmD_8vD/crypto_bla/scheme/impl -lcross-rsdp-128-small_clean

. > /home/marcoxps/Documents/tesi/pqc/fork_pqclean/3-tidy/PQClean/testcases/test_testvectors__5hmD_8vD/bin/testvectors_cross-rsdp-128-small_clean
______ test_testvectors[clean implementation of cross-rsdp-256-balanced] _______
[gw3] linux -- Python 3.11.2 /home/marcoxps/Documents/tesi/pqc/fork_pqclean/3-tidy/.venv/bin/python

implementation = <Implementation(cross-rsdp-256-balanced, clean)>
impl_path = '/home/marcoxps/Documents/tesi/pqc/fork_pqclean/3-tidy/PQClean/testcases/test_testvectors__kAxUWV0u/crypto_bla/scheme/impl'
test_dir = '/home/marcoxps/Documents/tesi/pqc/fork_pqclean/3-tidy/PQClean/testcases/test_testvectors__kAxUWV0u'
init = <function isolate_test_files.<locals>.initializer at 0x7f4d8199f060>
destr = <function isolate_test_files.<locals>.destructor at 0x7f4d8199f1a0>

    @pytest.mark.parametrize(
        'implementation,test_dir,impl_path,init,destr',
        [(impl, *helpers.isolate_test_files(impl.path(), 'test_testvectors_'))
         for sig in pqclean.Signature.all_sigs()
         for impl in sig.implementations],
        ids=[str(impl) for sig in pqclean.Signature.all_sigs()
             for impl in sig.implementations],
    )
    @helpers.filtered_test
    def test_testvectors(implementation, impl_path, test_dir, init, destr):
        if not implementation.supported_on_current_platform():
            raise unittest.SkipTest("Not supported on current platform")
        if platform.machine() == 'armv7l' and 'gcc' in os.environ.get('CC', 'gcc') and 'falcon' in implementation.scheme.name:
            raise unittest.SkipTest("this test hangs for falcon on armv7l with gcc")
        init()
        dest_dir = os.path.join(test_dir, 'bin')
        helpers.make('testvectors',
                     TYPE=implementation.scheme.type,
                     SCHEME=implementation.scheme.name,
                     SCHEME_DIR=impl_path,
                     IMPLEMENTATION=implementation.name,
                     DEST_DIR=dest_dir,
                     working_dir=os.path.join(test_dir, 'test'))
        out = helpers.run_subprocess(
            [os.path.join(dest_dir, 'testvectors_{}_{}{}'.format(
                implementation.scheme.name,
                implementation.name,
                '.exe' if os.name == 'nt' else ''
            ))],
            print_output=False,
        ).replace('\r', '')
>       assert(implementation.scheme.metadata()['testvectors-sha256'].lower()
               == hashlib.sha256(out.encode('utf-8')).hexdigest().lower())
E       AssertionError: assert 'hjk' == '3a35bb79c93d...81d81bea5e71c'
E         
E         - 3a35bb79c93d5803e56b9aa7576c310ca51801d160fd21d78fa81d81bea5e71c
E         + hjk

test_testvectors.py:48: AssertionError
----------------------------- Captured stdout call -----------------------------
/home/marcoxps/Documents/tesi/pqc/fork_pqclean/3-tidy/PQClean/testcases/test_testvectors__kAxUWV0u/test > make TYPE=sign SCHEME=cross-rsdp-256-balanced SCHEME_DIR=/home/marcoxps/Documents/tesi/pqc/fork_pqclean/3-tidy/PQClean/testcases/test_testvectors__kAxUWV0u/crypto_bla/scheme/impl IMPLEMENTATION=clean DEST_DIR=/home/marcoxps/Documents/tesi/pqc/fork_pqclean/3-tidy/PQClean/testcases/test_testvectors__kAxUWV0u/bin testvectors
cd /home/marcoxps/Documents/tesi/pqc/fork_pqclean/3-tidy/PQClean/testcases/test_testvectors__kAxUWV0u/crypto_bla/scheme/impl && make
make[1]: Entering directory '/home/marcoxps/Documents/tesi/pqc/fork_pqclean/3-tidy/PQClean/testcases/test_testvectors__kAxUWV0u/crypto_bla/scheme/impl'
cc -std=c99 -I../../../common  -march=native -O3 -g3 -std=c99 -Wpedantic -Werror -Wredundant-decls -Wmissing-prototypes -Wuninitialized -Wall -Wextra -c -o CROSS.o CROSS.c
cc -std=c99 -I../../../common  -march=native -O3 -g3 -std=c99 -Wpedantic -Werror -Wredundant-decls -Wmissing-prototypes -Wuninitialized -Wall -Wextra -c -o csprng_hash.o csprng_hash.c
cc -std=c99 -I../../../common  -march=native -O3 -g3 -std=c99 -Wpedantic -Werror -Wredundant-decls -Wmissing-prototypes -Wuninitialized -Wall -Wextra -c -o merkle.o merkle.c
cc -std=c99 -I../../../common  -march=native -O3 -g3 -std=c99 -Wpedantic -Werror -Wredundant-decls -Wmissing-prototypes -Wuninitialized -Wall -Wextra -c -o pack_unpack.o pack_unpack.c
cc -std=c99 -I../../../common  -march=native -O3 -g3 -std=c99 -Wpedantic -Werror -Wredundant-decls -Wmissing-prototypes -Wuninitialized -Wall -Wextra -c -o seedtree.o seedtree.c
cc -std=c99 -I../../../common  -march=native -O3 -g3 -std=c99 -Wpedantic -Werror -Wredundant-decls -Wmissing-prototypes -Wuninitialized -Wall -Wextra -c -o sign.o sign.c
ar -r libcross-rsdp-256-balanced_clean.a CROSS.o csprng_hash.o merkle.o pack_unpack.o seedtree.o sign.o
ar: creating libcross-rsdp-256-balanced_clean.a
make[1]: Leaving directory '/home/marcoxps/Documents/tesi/pqc/fork_pqclean/3-tidy/PQClean/testcases/test_testvectors__kAxUWV0u/crypto_bla/scheme/impl'
mkdir -p /home/marcoxps/Documents/tesi/pqc/fork_pqclean/3-tidy/PQClean/testcases/test_testvectors__kAxUWV0u/bin
cc -O3 -Wall -Wextra -Wpedantic -Wvla -Werror -std=c99 -Wundef -Wshadow -Wcast-align -Wpointer-arith -Wmissing-prototypes -fstrict-aliasing -fno-common -pipe -I../common  -DPQCLEAN_NAMESPACE=PQCLEAN_CROSSRSDP256BALANCED_CLEAN -I/home/marcoxps/Documents/tesi/pqc/fork_pqclean/3-tidy/PQClean/testcases/test_testvectors__kAxUWV0u/crypto_bla/scheme/impl crypto_sign/testvectors.c ../common/aes.c ../common/sha2.c ../common/fips202.c ../common/nistseedexpander.c ../common/sp800-185.c ../test/common/notrandombytes.c -o /home/marcoxps/Documents/tesi/pqc/fork_pqclean/3-tidy/PQClean/testcases/test_testvectors__kAxUWV0u/bin/testvectors_cross-rsdp-256-balanced_clean -L/home/marcoxps/Documents/tesi/pqc/fork_pqclean/3-tidy/PQClean/testcases/test_testvectors__kAxUWV0u/crypto_bla/scheme/impl -lcross-rsdp-256-balanced_clean

. > /home/marcoxps/Documents/tesi/pqc/fork_pqclean/3-tidy/PQClean/testcases/test_testvectors__kAxUWV0u/bin/testvectors_cross-rsdp-256-balanced_clean
______ test_testvectors[clean implementation of cross-rsdpg-128-balanced] ______
[gw1] linux -- Python 3.11.2 /home/marcoxps/Documents/tesi/pqc/fork_pqclean/3-tidy/.venv/bin/python

implementation = <Implementation(cross-rsdpg-128-balanced, clean)>
impl_path = '/home/marcoxps/Documents/tesi/pqc/fork_pqclean/3-tidy/PQClean/testcases/test_testvectors__1a4HiKGr/crypto_bla/scheme/impl'
test_dir = '/home/marcoxps/Documents/tesi/pqc/fork_pqclean/3-tidy/PQClean/testcases/test_testvectors__1a4HiKGr'
init = <function isolate_test_files.<locals>.initializer at 0x7fdd7be57420>
destr = <function isolate_test_files.<locals>.destructor at 0x7fdd7be57560>

    @pytest.mark.parametrize(
        'implementation,test_dir,impl_path,init,destr',
        [(impl, *helpers.isolate_test_files(impl.path(), 'test_testvectors_'))
         for sig in pqclean.Signature.all_sigs()
         for impl in sig.implementations],
        ids=[str(impl) for sig in pqclean.Signature.all_sigs()
             for impl in sig.implementations],
    )
    @helpers.filtered_test
    def test_testvectors(implementation, impl_path, test_dir, init, destr):
        if not implementation.supported_on_current_platform():
            raise unittest.SkipTest("Not supported on current platform")
        if platform.machine() == 'armv7l' and 'gcc' in os.environ.get('CC', 'gcc') and 'falcon' in implementation.scheme.name:
            raise unittest.SkipTest("this test hangs for falcon on armv7l with gcc")
        init()
        dest_dir = os.path.join(test_dir, 'bin')
        helpers.make('testvectors',
                     TYPE=implementation.scheme.type,
                     SCHEME=implementation.scheme.name,
                     SCHEME_DIR=impl_path,
                     IMPLEMENTATION=implementation.name,
                     DEST_DIR=dest_dir,
                     working_dir=os.path.join(test_dir, 'test'))
        out = helpers.run_subprocess(
            [os.path.join(dest_dir, 'testvectors_{}_{}{}'.format(
                implementation.scheme.name,
                implementation.name,
                '.exe' if os.name == 'nt' else ''
            ))],
            print_output=False,
        ).replace('\r', '')
>       assert(implementation.scheme.metadata()['testvectors-sha256'].lower()
               == hashlib.sha256(out.encode('utf-8')).hexdigest().lower())
E       AssertionError: assert 'vcx' == '94ce9dd921d4...96053b5fbb2c7'
E         
E         - 94ce9dd921d4a74bff0f2e745e871fbb64a4aa0733685ad990d96053b5fbb2c7
E         + vcx

test_testvectors.py:48: AssertionError
----------------------------- Captured stdout call -----------------------------
/home/marcoxps/Documents/tesi/pqc/fork_pqclean/3-tidy/PQClean/testcases/test_testvectors__1a4HiKGr/test > make TYPE=sign SCHEME=cross-rsdpg-128-balanced SCHEME_DIR=/home/marcoxps/Documents/tesi/pqc/fork_pqclean/3-tidy/PQClean/testcases/test_testvectors__1a4HiKGr/crypto_bla/scheme/impl IMPLEMENTATION=clean DEST_DIR=/home/marcoxps/Documents/tesi/pqc/fork_pqclean/3-tidy/PQClean/testcases/test_testvectors__1a4HiKGr/bin testvectors
cd /home/marcoxps/Documents/tesi/pqc/fork_pqclean/3-tidy/PQClean/testcases/test_testvectors__1a4HiKGr/crypto_bla/scheme/impl && make
make[1]: Entering directory '/home/marcoxps/Documents/tesi/pqc/fork_pqclean/3-tidy/PQClean/testcases/test_testvectors__1a4HiKGr/crypto_bla/scheme/impl'
cc -std=c99 -I../../../common  -march=native -O3 -g3 -std=c99 -Wpedantic -Werror -Wredundant-decls -Wmissing-prototypes -Wuninitialized -Wall -Wextra -c -o CROSS.o CROSS.c
cc -std=c99 -I../../../common  -march=native -O3 -g3 -std=c99 -Wpedantic -Werror -Wredundant-decls -Wmissing-prototypes -Wuninitialized -Wall -Wextra -c -o csprng_hash.o csprng_hash.c
cc -std=c99 -I../../../common  -march=native -O3 -g3 -std=c99 -Wpedantic -Werror -Wredundant-decls -Wmissing-prototypes -Wuninitialized -Wall -Wextra -c -o merkle.o merkle.c
cc -std=c99 -I../../../common  -march=native -O3 -g3 -std=c99 -Wpedantic -Werror -Wredundant-decls -Wmissing-prototypes -Wuninitialized -Wall -Wextra -c -o pack_unpack.o pack_unpack.c
cc -std=c99 -I../../../common  -march=native -O3 -g3 -std=c99 -Wpedantic -Werror -Wredundant-decls -Wmissing-prototypes -Wuninitialized -Wall -Wextra -c -o seedtree.o seedtree.c
cc -std=c99 -I../../../common  -march=native -O3 -g3 -std=c99 -Wpedantic -Werror -Wredundant-decls -Wmissing-prototypes -Wuninitialized -Wall -Wextra -c -o sign.o sign.c
ar -r libcross-rsdpg-128-balanced_clean.a CROSS.o csprng_hash.o merkle.o pack_unpack.o seedtree.o sign.o
ar: creating libcross-rsdpg-128-balanced_clean.a
make[1]: Leaving directory '/home/marcoxps/Documents/tesi/pqc/fork_pqclean/3-tidy/PQClean/testcases/test_testvectors__1a4HiKGr/crypto_bla/scheme/impl'
mkdir -p /home/marcoxps/Documents/tesi/pqc/fork_pqclean/3-tidy/PQClean/testcases/test_testvectors__1a4HiKGr/bin
cc -O3 -Wall -Wextra -Wpedantic -Wvla -Werror -std=c99 -Wundef -Wshadow -Wcast-align -Wpointer-arith -Wmissing-prototypes -fstrict-aliasing -fno-common -pipe -I../common  -DPQCLEAN_NAMESPACE=PQCLEAN_CROSSRSDPG128BALANCED_CLEAN -I/home/marcoxps/Documents/tesi/pqc/fork_pqclean/3-tidy/PQClean/testcases/test_testvectors__1a4HiKGr/crypto_bla/scheme/impl crypto_sign/testvectors.c ../common/aes.c ../common/sha2.c ../common/fips202.c ../common/nistseedexpander.c ../common/sp800-185.c ../test/common/notrandombytes.c -o /home/marcoxps/Documents/tesi/pqc/fork_pqclean/3-tidy/PQClean/testcases/test_testvectors__1a4HiKGr/bin/testvectors_cross-rsdpg-128-balanced_clean -L/home/marcoxps/Documents/tesi/pqc/fork_pqclean/3-tidy/PQClean/testcases/test_testvectors__1a4HiKGr/crypto_bla/scheme/impl -lcross-rsdpg-128-balanced_clean

. > /home/marcoxps/Documents/tesi/pqc/fork_pqclean/3-tidy/PQClean/testcases/test_testvectors__1a4HiKGr/bin/testvectors_cross-rsdpg-128-balanced_clean
________ test_testvectors[clean implementation of cross-rsdp-128-fast] _________
[gw2] linux -- Python 3.11.2 /home/marcoxps/Documents/tesi/pqc/fork_pqclean/3-tidy/.venv/bin/python

implementation = <Implementation(cross-rsdp-128-fast, clean)>
impl_path = '/home/marcoxps/Documents/tesi/pqc/fork_pqclean/3-tidy/PQClean/testcases/test_testvectors__0o5qzLfo/crypto_bla/scheme/impl'
test_dir = '/home/marcoxps/Documents/tesi/pqc/fork_pqclean/3-tidy/PQClean/testcases/test_testvectors__0o5qzLfo'
init = <function isolate_test_files.<locals>.initializer at 0x7f6b5ab077e0>
destr = <function isolate_test_files.<locals>.destructor at 0x7f6b5ab07920>

    @pytest.mark.parametrize(
        'implementation,test_dir,impl_path,init,destr',
        [(impl, *helpers.isolate_test_files(impl.path(), 'test_testvectors_'))
         for sig in pqclean.Signature.all_sigs()
         for impl in sig.implementations],
        ids=[str(impl) for sig in pqclean.Signature.all_sigs()
             for impl in sig.implementations],
    )
    @helpers.filtered_test
    def test_testvectors(implementation, impl_path, test_dir, init, destr):
        if not implementation.supported_on_current_platform():
            raise unittest.SkipTest("Not supported on current platform")
        if platform.machine() == 'armv7l' and 'gcc' in os.environ.get('CC', 'gcc') and 'falcon' in implementation.scheme.name:
            raise unittest.SkipTest("this test hangs for falcon on armv7l with gcc")
        init()
        dest_dir = os.path.join(test_dir, 'bin')
        helpers.make('testvectors',
                     TYPE=implementation.scheme.type,
                     SCHEME=implementation.scheme.name,
                     SCHEME_DIR=impl_path,
                     IMPLEMENTATION=implementation.name,
                     DEST_DIR=dest_dir,
                     working_dir=os.path.join(test_dir, 'test'))
        out = helpers.run_subprocess(
            [os.path.join(dest_dir, 'testvectors_{}_{}{}'.format(
                implementation.scheme.name,
                implementation.name,
                '.exe' if os.name == 'nt' else ''
            ))],
            print_output=False,
        ).replace('\r', '')
>       assert(implementation.scheme.metadata()['testvectors-sha256'].lower()
               == hashlib.sha256(out.encode('utf-8')).hexdigest().lower())
E       AssertionError: assert 'asd' == '8e5918426783...4c8977f70b179'
E         
E         - 8e591842678307ec035200e98e8a7a9b3d056912ce1d806c8fd4c8977f70b179
E         + asd

test_testvectors.py:48: AssertionError
----------------------------- Captured stdout call -----------------------------
/home/marcoxps/Documents/tesi/pqc/fork_pqclean/3-tidy/PQClean/testcases/test_testvectors__0o5qzLfo/test > make TYPE=sign SCHEME=cross-rsdp-128-fast SCHEME_DIR=/home/marcoxps/Documents/tesi/pqc/fork_pqclean/3-tidy/PQClean/testcases/test_testvectors__0o5qzLfo/crypto_bla/scheme/impl IMPLEMENTATION=clean DEST_DIR=/home/marcoxps/Documents/tesi/pqc/fork_pqclean/3-tidy/PQClean/testcases/test_testvectors__0o5qzLfo/bin testvectors
cd /home/marcoxps/Documents/tesi/pqc/fork_pqclean/3-tidy/PQClean/testcases/test_testvectors__0o5qzLfo/crypto_bla/scheme/impl && make
make[1]: Entering directory '/home/marcoxps/Documents/tesi/pqc/fork_pqclean/3-tidy/PQClean/testcases/test_testvectors__0o5qzLfo/crypto_bla/scheme/impl'
cc -std=c99 -I../../../common  -march=native -O3 -g3 -std=c99 -Wpedantic -Werror -Wredundant-decls -Wmissing-prototypes -Wuninitialized -Wall -Wextra -c -o CROSS.o CROSS.c
cc -std=c99 -I../../../common  -march=native -O3 -g3 -std=c99 -Wpedantic -Werror -Wredundant-decls -Wmissing-prototypes -Wuninitialized -Wall -Wextra -c -o csprng_hash.o csprng_hash.c
cc -std=c99 -I../../../common  -march=native -O3 -g3 -std=c99 -Wpedantic -Werror -Wredundant-decls -Wmissing-prototypes -Wuninitialized -Wall -Wextra -c -o merkle.o merkle.c
cc -std=c99 -I../../../common  -march=native -O3 -g3 -std=c99 -Wpedantic -Werror -Wredundant-decls -Wmissing-prototypes -Wuninitialized -Wall -Wextra -c -o pack_unpack.o pack_unpack.c
cc -std=c99 -I../../../common  -march=native -O3 -g3 -std=c99 -Wpedantic -Werror -Wredundant-decls -Wmissing-prototypes -Wuninitialized -Wall -Wextra -c -o seedtree.o seedtree.c
cc -std=c99 -I../../../common  -march=native -O3 -g3 -std=c99 -Wpedantic -Werror -Wredundant-decls -Wmissing-prototypes -Wuninitialized -Wall -Wextra -c -o sign.o sign.c
ar -r libcross-rsdp-128-fast_clean.a CROSS.o csprng_hash.o merkle.o pack_unpack.o seedtree.o sign.o
ar: creating libcross-rsdp-128-fast_clean.a
make[1]: Leaving directory '/home/marcoxps/Documents/tesi/pqc/fork_pqclean/3-tidy/PQClean/testcases/test_testvectors__0o5qzLfo/crypto_bla/scheme/impl'
mkdir -p /home/marcoxps/Documents/tesi/pqc/fork_pqclean/3-tidy/PQClean/testcases/test_testvectors__0o5qzLfo/bin
cc -O3 -Wall -Wextra -Wpedantic -Wvla -Werror -std=c99 -Wundef -Wshadow -Wcast-align -Wpointer-arith -Wmissing-prototypes -fstrict-aliasing -fno-common -pipe -I../common  -DPQCLEAN_NAMESPACE=PQCLEAN_CROSSRSDP128FAST_CLEAN -I/home/marcoxps/Documents/tesi/pqc/fork_pqclean/3-tidy/PQClean/testcases/test_testvectors__0o5qzLfo/crypto_bla/scheme/impl crypto_sign/testvectors.c ../common/aes.c ../common/sha2.c ../common/fips202.c ../common/nistseedexpander.c ../common/sp800-185.c ../test/common/notrandombytes.c -o /home/marcoxps/Documents/tesi/pqc/fork_pqclean/3-tidy/PQClean/testcases/test_testvectors__0o5qzLfo/bin/testvectors_cross-rsdp-128-fast_clean -L/home/marcoxps/Documents/tesi/pqc/fork_pqclean/3-tidy/PQClean/testcases/test_testvectors__0o5qzLfo/crypto_bla/scheme/impl -lcross-rsdp-128-fast_clean

. > /home/marcoxps/Documents/tesi/pqc/fork_pqclean/3-tidy/PQClean/testcases/test_testvectors__0o5qzLfo/bin/testvectors_cross-rsdp-128-fast_clean
______ test_testvectors[avx2 implementation of cross-rsdpg-128-balanced] _______
[gw1] linux -- Python 3.11.2 /home/marcoxps/Documents/tesi/pqc/fork_pqclean/3-tidy/.venv/bin/python

implementation = <Implementation(cross-rsdpg-128-balanced, avx2)>
impl_path = '/home/marcoxps/Documents/tesi/pqc/fork_pqclean/3-tidy/PQClean/testcases/test_testvectors__R6JgdPHe/crypto_bla/scheme/impl'
test_dir = '/home/marcoxps/Documents/tesi/pqc/fork_pqclean/3-tidy/PQClean/testcases/test_testvectors__R6JgdPHe'
init = <function isolate_test_files.<locals>.initializer at 0x7fdd7be57600>
destr = <function isolate_test_files.<locals>.destructor at 0x7fdd7be57740>

    @pytest.mark.parametrize(
        'implementation,test_dir,impl_path,init,destr',
        [(impl, *helpers.isolate_test_files(impl.path(), 'test_testvectors_'))
         for sig in pqclean.Signature.all_sigs()
         for impl in sig.implementations],
        ids=[str(impl) for sig in pqclean.Signature.all_sigs()
             for impl in sig.implementations],
    )
    @helpers.filtered_test
    def test_testvectors(implementation, impl_path, test_dir, init, destr):
        if not implementation.supported_on_current_platform():
            raise unittest.SkipTest("Not supported on current platform")
        if platform.machine() == 'armv7l' and 'gcc' in os.environ.get('CC', 'gcc') and 'falcon' in implementation.scheme.name:
            raise unittest.SkipTest("this test hangs for falcon on armv7l with gcc")
        init()
        dest_dir = os.path.join(test_dir, 'bin')
        helpers.make('testvectors',
                     TYPE=implementation.scheme.type,
                     SCHEME=implementation.scheme.name,
                     SCHEME_DIR=impl_path,
                     IMPLEMENTATION=implementation.name,
                     DEST_DIR=dest_dir,
                     working_dir=os.path.join(test_dir, 'test'))
        out = helpers.run_subprocess(
            [os.path.join(dest_dir, 'testvectors_{}_{}{}'.format(
                implementation.scheme.name,
                implementation.name,
                '.exe' if os.name == 'nt' else ''
            ))],
            print_output=False,
        ).replace('\r', '')
>       assert(implementation.scheme.metadata()['testvectors-sha256'].lower()
               == hashlib.sha256(out.encode('utf-8')).hexdigest().lower())
E       AssertionError: assert 'vcx' == '94ce9dd921d4...96053b5fbb2c7'
E         
E         - 94ce9dd921d4a74bff0f2e745e871fbb64a4aa0733685ad990d96053b5fbb2c7
E         + vcx

test_testvectors.py:48: AssertionError
----------------------------- Captured stdout call -----------------------------
/home/marcoxps/Documents/tesi/pqc/fork_pqclean/3-tidy/PQClean/testcases/test_testvectors__R6JgdPHe/test > make TYPE=sign SCHEME=cross-rsdpg-128-balanced SCHEME_DIR=/home/marcoxps/Documents/tesi/pqc/fork_pqclean/3-tidy/PQClean/testcases/test_testvectors__R6JgdPHe/crypto_bla/scheme/impl IMPLEMENTATION=avx2 DEST_DIR=/home/marcoxps/Documents/tesi/pqc/fork_pqclean/3-tidy/PQClean/testcases/test_testvectors__R6JgdPHe/bin testvectors
cd /home/marcoxps/Documents/tesi/pqc/fork_pqclean/3-tidy/PQClean/testcases/test_testvectors__R6JgdPHe/crypto_bla/scheme/impl && make
make[1]: Entering directory '/home/marcoxps/Documents/tesi/pqc/fork_pqclean/3-tidy/PQClean/testcases/test_testvectors__R6JgdPHe/crypto_bla/scheme/impl'
cc -std=c99 -I../../../common  -march=native -O3 -g3 -std=c99 -Wpedantic -Werror -Wredundant-decls -Wmissing-prototypes -Wuninitialized -Wall -Wextra -c -o CROSS.o CROSS.c
cc -std=c99 -I../../../common  -march=native -O3 -g3 -std=c99 -Wpedantic -Werror -Wredundant-decls -Wmissing-prototypes -Wuninitialized -Wall -Wextra -c -o csprng_hash.o csprng_hash.c
cc -std=c99 -I../../../common  -march=native -O3 -g3 -std=c99 -Wpedantic -Werror -Wredundant-decls -Wmissing-prototypes -Wuninitialized -Wall -Wextra -c -o merkle.o merkle.c
cc -std=c99 -I../../../common  -march=native -O3 -g3 -std=c99 -Wpedantic -Werror -Wredundant-decls -Wmissing-prototypes -Wuninitialized -Wall -Wextra -c -o pack_unpack.o pack_unpack.c
cc -std=c99 -I../../../common  -march=native -O3 -g3 -std=c99 -Wpedantic -Werror -Wredundant-decls -Wmissing-prototypes -Wuninitialized -Wall -Wextra -c -o seedtree.o seedtree.c
cc -std=c99 -I../../../common  -march=native -O3 -g3 -std=c99 -Wpedantic -Werror -Wredundant-decls -Wmissing-prototypes -Wuninitialized -Wall -Wextra -c -o sign.o sign.c
ar -r libcross-rsdpg-128-balanced_avx2.a CROSS.o csprng_hash.o merkle.o pack_unpack.o seedtree.o sign.o
ar: creating libcross-rsdpg-128-balanced_avx2.a
make[1]: Leaving directory '/home/marcoxps/Documents/tesi/pqc/fork_pqclean/3-tidy/PQClean/testcases/test_testvectors__R6JgdPHe/crypto_bla/scheme/impl'
mkdir -p /home/marcoxps/Documents/tesi/pqc/fork_pqclean/3-tidy/PQClean/testcases/test_testvectors__R6JgdPHe/bin
cc -O3 -Wall -Wextra -Wpedantic -Wvla -Werror -std=c99 -Wundef -Wshadow -Wcast-align -Wpointer-arith -Wmissing-prototypes -fstrict-aliasing -fno-common -pipe -I../common  -DPQCLEAN_NAMESPACE=PQCLEAN_CROSSRSDPG128BALANCED_AVX2 -I/home/marcoxps/Documents/tesi/pqc/fork_pqclean/3-tidy/PQClean/testcases/test_testvectors__R6JgdPHe/crypto_bla/scheme/impl crypto_sign/testvectors.c ../common/aes.c ../common/sha2.c ../common/fips202.c ../common/nistseedexpander.c ../common/sp800-185.c ../test/common/notrandombytes.c -o /home/marcoxps/Documents/tesi/pqc/fork_pqclean/3-tidy/PQClean/testcases/test_testvectors__R6JgdPHe/bin/testvectors_cross-rsdpg-128-balanced_avx2 -L/home/marcoxps/Documents/tesi/pqc/fork_pqclean/3-tidy/PQClean/testcases/test_testvectors__R6JgdPHe/crypto_bla/scheme/impl -lcross-rsdpg-128-balanced_avx2

. > /home/marcoxps/Documents/tesi/pqc/fork_pqclean/3-tidy/PQClean/testcases/test_testvectors__R6JgdPHe/bin/testvectors_cross-rsdpg-128-balanced_avx2
________ test_testvectors[avx2 implementation of cross-rsdp-128-small] _________
[gw0] linux -- Python 3.11.2 /home/marcoxps/Documents/tesi/pqc/fork_pqclean/3-tidy/.venv/bin/python

implementation = <Implementation(cross-rsdp-128-small, avx2)>
impl_path = '/home/marcoxps/Documents/tesi/pqc/fork_pqclean/3-tidy/PQClean/testcases/test_testvectors__NBGdKJSR/crypto_bla/scheme/impl'
test_dir = '/home/marcoxps/Documents/tesi/pqc/fork_pqclean/3-tidy/PQClean/testcases/test_testvectors__NBGdKJSR'
init = <function isolate_test_files.<locals>.initializer at 0x7f05bf59ee80>
destr = <function isolate_test_files.<locals>.destructor at 0x7f05bf59efc0>

    @pytest.mark.parametrize(
        'implementation,test_dir,impl_path,init,destr',
        [(impl, *helpers.isolate_test_files(impl.path(), 'test_testvectors_'))
         for sig in pqclean.Signature.all_sigs()
         for impl in sig.implementations],
        ids=[str(impl) for sig in pqclean.Signature.all_sigs()
             for impl in sig.implementations],
    )
    @helpers.filtered_test
    def test_testvectors(implementation, impl_path, test_dir, init, destr):
        if not implementation.supported_on_current_platform():
            raise unittest.SkipTest("Not supported on current platform")
        if platform.machine() == 'armv7l' and 'gcc' in os.environ.get('CC', 'gcc') and 'falcon' in implementation.scheme.name:
            raise unittest.SkipTest("this test hangs for falcon on armv7l with gcc")
        init()
        dest_dir = os.path.join(test_dir, 'bin')
        helpers.make('testvectors',
                     TYPE=implementation.scheme.type,
                     SCHEME=implementation.scheme.name,
                     SCHEME_DIR=impl_path,
                     IMPLEMENTATION=implementation.name,
                     DEST_DIR=dest_dir,
                     working_dir=os.path.join(test_dir, 'test'))
        out = helpers.run_subprocess(
            [os.path.join(dest_dir, 'testvectors_{}_{}{}'.format(
                implementation.scheme.name,
                implementation.name,
                '.exe' if os.name == 'nt' else ''
            ))],
            print_output=False,
        ).replace('\r', '')
>       assert(implementation.scheme.metadata()['testvectors-sha256'].lower()
               == hashlib.sha256(out.encode('utf-8')).hexdigest().lower())
E       AssertionError: assert 'sdf' == 'd72710cac855...1b5f5c4c9f627'
E         
E         - d72710cac855cc566c39ce0132e96f6bd7c4cb16fc8277835291b5f5c4c9f627
E         + sdf

test_testvectors.py:48: AssertionError
----------------------------- Captured stdout call -----------------------------
/home/marcoxps/Documents/tesi/pqc/fork_pqclean/3-tidy/PQClean/testcases/test_testvectors__NBGdKJSR/test > make TYPE=sign SCHEME=cross-rsdp-128-small SCHEME_DIR=/home/marcoxps/Documents/tesi/pqc/fork_pqclean/3-tidy/PQClean/testcases/test_testvectors__NBGdKJSR/crypto_bla/scheme/impl IMPLEMENTATION=avx2 DEST_DIR=/home/marcoxps/Documents/tesi/pqc/fork_pqclean/3-tidy/PQClean/testcases/test_testvectors__NBGdKJSR/bin testvectors
cd /home/marcoxps/Documents/tesi/pqc/fork_pqclean/3-tidy/PQClean/testcases/test_testvectors__NBGdKJSR/crypto_bla/scheme/impl && make
make[1]: Entering directory '/home/marcoxps/Documents/tesi/pqc/fork_pqclean/3-tidy/PQClean/testcases/test_testvectors__NBGdKJSR/crypto_bla/scheme/impl'
cc -std=c99 -I../../../common  -march=native -O3 -g3 -std=c99 -Wpedantic -Werror -Wredundant-decls -Wmissing-prototypes -Wuninitialized -Wall -Wextra -c -o CROSS.o CROSS.c
cc -std=c99 -I../../../common  -march=native -O3 -g3 -std=c99 -Wpedantic -Werror -Wredundant-decls -Wmissing-prototypes -Wuninitialized -Wall -Wextra -c -o csprng_hash.o csprng_hash.c
cc -std=c99 -I../../../common  -march=native -O3 -g3 -std=c99 -Wpedantic -Werror -Wredundant-decls -Wmissing-prototypes -Wuninitialized -Wall -Wextra -c -o merkle.o merkle.c
cc -std=c99 -I../../../common  -march=native -O3 -g3 -std=c99 -Wpedantic -Werror -Wredundant-decls -Wmissing-prototypes -Wuninitialized -Wall -Wextra -c -o pack_unpack.o pack_unpack.c
cc -std=c99 -I../../../common  -march=native -O3 -g3 -std=c99 -Wpedantic -Werror -Wredundant-decls -Wmissing-prototypes -Wuninitialized -Wall -Wextra -c -o seedtree.o seedtree.c
cc -std=c99 -I../../../common  -march=native -O3 -g3 -std=c99 -Wpedantic -Werror -Wredundant-decls -Wmissing-prototypes -Wuninitialized -Wall -Wextra -c -o sign.o sign.c
ar -r libcross-rsdp-128-small_avx2.a CROSS.o csprng_hash.o merkle.o pack_unpack.o seedtree.o sign.o
ar: creating libcross-rsdp-128-small_avx2.a
make[1]: Leaving directory '/home/marcoxps/Documents/tesi/pqc/fork_pqclean/3-tidy/PQClean/testcases/test_testvectors__NBGdKJSR/crypto_bla/scheme/impl'
mkdir -p /home/marcoxps/Documents/tesi/pqc/fork_pqclean/3-tidy/PQClean/testcases/test_testvectors__NBGdKJSR/bin
cc -O3 -Wall -Wextra -Wpedantic -Wvla -Werror -std=c99 -Wundef -Wshadow -Wcast-align -Wpointer-arith -Wmissing-prototypes -fstrict-aliasing -fno-common -pipe -I../common  -DPQCLEAN_NAMESPACE=PQCLEAN_CROSSRSDP128SMALL_AVX2 -I/home/marcoxps/Documents/tesi/pqc/fork_pqclean/3-tidy/PQClean/testcases/test_testvectors__NBGdKJSR/crypto_bla/scheme/impl crypto_sign/testvectors.c ../common/aes.c ../common/sha2.c ../common/fips202.c ../common/nistseedexpander.c ../common/sp800-185.c ../test/common/notrandombytes.c -o /home/marcoxps/Documents/tesi/pqc/fork_pqclean/3-tidy/PQClean/testcases/test_testvectors__NBGdKJSR/bin/testvectors_cross-rsdp-128-small_avx2 -L/home/marcoxps/Documents/tesi/pqc/fork_pqclean/3-tidy/PQClean/testcases/test_testvectors__NBGdKJSR/crypto_bla/scheme/impl -lcross-rsdp-128-small_avx2

. > /home/marcoxps/Documents/tesi/pqc/fork_pqclean/3-tidy/PQClean/testcases/test_testvectors__NBGdKJSR/bin/testvectors_cross-rsdp-128-small_avx2
_________ test_testvectors[avx2 implementation of cross-rsdp-128-fast] _________
[gw2] linux -- Python 3.11.2 /home/marcoxps/Documents/tesi/pqc/fork_pqclean/3-tidy/.venv/bin/python

implementation = <Implementation(cross-rsdp-128-fast, avx2)>
impl_path = '/home/marcoxps/Documents/tesi/pqc/fork_pqclean/3-tidy/PQClean/testcases/test_testvectors__cZCgTMGP/crypto_bla/scheme/impl'
test_dir = '/home/marcoxps/Documents/tesi/pqc/fork_pqclean/3-tidy/PQClean/testcases/test_testvectors__cZCgTMGP'
init = <function isolate_test_files.<locals>.initializer at 0x7f6b5ab079c0>
destr = <function isolate_test_files.<locals>.destructor at 0x7f6b5ab07b00>

    @pytest.mark.parametrize(
        'implementation,test_dir,impl_path,init,destr',
        [(impl, *helpers.isolate_test_files(impl.path(), 'test_testvectors_'))
         for sig in pqclean.Signature.all_sigs()
         for impl in sig.implementations],
        ids=[str(impl) for sig in pqclean.Signature.all_sigs()
             for impl in sig.implementations],
    )
    @helpers.filtered_test
    def test_testvectors(implementation, impl_path, test_dir, init, destr):
        if not implementation.supported_on_current_platform():
            raise unittest.SkipTest("Not supported on current platform")
        if platform.machine() == 'armv7l' and 'gcc' in os.environ.get('CC', 'gcc') and 'falcon' in implementation.scheme.name:
            raise unittest.SkipTest("this test hangs for falcon on armv7l with gcc")
        init()
        dest_dir = os.path.join(test_dir, 'bin')
        helpers.make('testvectors',
                     TYPE=implementation.scheme.type,
                     SCHEME=implementation.scheme.name,
                     SCHEME_DIR=impl_path,
                     IMPLEMENTATION=implementation.name,
                     DEST_DIR=dest_dir,
                     working_dir=os.path.join(test_dir, 'test'))
        out = helpers.run_subprocess(
            [os.path.join(dest_dir, 'testvectors_{}_{}{}'.format(
                implementation.scheme.name,
                implementation.name,
                '.exe' if os.name == 'nt' else ''
            ))],
            print_output=False,
        ).replace('\r', '')
>       assert(implementation.scheme.metadata()['testvectors-sha256'].lower()
               == hashlib.sha256(out.encode('utf-8')).hexdigest().lower())
E       AssertionError: assert 'asd' == '8e5918426783...4c8977f70b179'
E         
E         - 8e591842678307ec035200e98e8a7a9b3d056912ce1d806c8fd4c8977f70b179
E         + asd

test_testvectors.py:48: AssertionError
----------------------------- Captured stdout call -----------------------------
/home/marcoxps/Documents/tesi/pqc/fork_pqclean/3-tidy/PQClean/testcases/test_testvectors__cZCgTMGP/test > make TYPE=sign SCHEME=cross-rsdp-128-fast SCHEME_DIR=/home/marcoxps/Documents/tesi/pqc/fork_pqclean/3-tidy/PQClean/testcases/test_testvectors__cZCgTMGP/crypto_bla/scheme/impl IMPLEMENTATION=avx2 DEST_DIR=/home/marcoxps/Documents/tesi/pqc/fork_pqclean/3-tidy/PQClean/testcases/test_testvectors__cZCgTMGP/bin testvectors
cd /home/marcoxps/Documents/tesi/pqc/fork_pqclean/3-tidy/PQClean/testcases/test_testvectors__cZCgTMGP/crypto_bla/scheme/impl && make
make[1]: Entering directory '/home/marcoxps/Documents/tesi/pqc/fork_pqclean/3-tidy/PQClean/testcases/test_testvectors__cZCgTMGP/crypto_bla/scheme/impl'
cc -std=c99 -I../../../common  -march=native -O3 -g3 -std=c99 -Wpedantic -Werror -Wredundant-decls -Wmissing-prototypes -Wuninitialized -Wall -Wextra -c -o CROSS.o CROSS.c
cc -std=c99 -I../../../common  -march=native -O3 -g3 -std=c99 -Wpedantic -Werror -Wredundant-decls -Wmissing-prototypes -Wuninitialized -Wall -Wextra -c -o csprng_hash.o csprng_hash.c
cc -std=c99 -I../../../common  -march=native -O3 -g3 -std=c99 -Wpedantic -Werror -Wredundant-decls -Wmissing-prototypes -Wuninitialized -Wall -Wextra -c -o merkle.o merkle.c
cc -std=c99 -I../../../common  -march=native -O3 -g3 -std=c99 -Wpedantic -Werror -Wredundant-decls -Wmissing-prototypes -Wuninitialized -Wall -Wextra -c -o pack_unpack.o pack_unpack.c
cc -std=c99 -I../../../common  -march=native -O3 -g3 -std=c99 -Wpedantic -Werror -Wredundant-decls -Wmissing-prototypes -Wuninitialized -Wall -Wextra -c -o seedtree.o seedtree.c
cc -std=c99 -I../../../common  -march=native -O3 -g3 -std=c99 -Wpedantic -Werror -Wredundant-decls -Wmissing-prototypes -Wuninitialized -Wall -Wextra -c -o sign.o sign.c
ar -r libcross-rsdp-128-fast_avx2.a CROSS.o csprng_hash.o merkle.o pack_unpack.o seedtree.o sign.o
ar: creating libcross-rsdp-128-fast_avx2.a
make[1]: Leaving directory '/home/marcoxps/Documents/tesi/pqc/fork_pqclean/3-tidy/PQClean/testcases/test_testvectors__cZCgTMGP/crypto_bla/scheme/impl'
mkdir -p /home/marcoxps/Documents/tesi/pqc/fork_pqclean/3-tidy/PQClean/testcases/test_testvectors__cZCgTMGP/bin
cc -O3 -Wall -Wextra -Wpedantic -Wvla -Werror -std=c99 -Wundef -Wshadow -Wcast-align -Wpointer-arith -Wmissing-prototypes -fstrict-aliasing -fno-common -pipe -I../common  -DPQCLEAN_NAMESPACE=PQCLEAN_CROSSRSDP128FAST_AVX2 -I/home/marcoxps/Documents/tesi/pqc/fork_pqclean/3-tidy/PQClean/testcases/test_testvectors__cZCgTMGP/crypto_bla/scheme/impl crypto_sign/testvectors.c ../common/aes.c ../common/sha2.c ../common/fips202.c ../common/nistseedexpander.c ../common/sp800-185.c ../test/common/notrandombytes.c -o /home/marcoxps/Documents/tesi/pqc/fork_pqclean/3-tidy/PQClean/testcases/test_testvectors__cZCgTMGP/bin/testvectors_cross-rsdp-128-fast_avx2 -L/home/marcoxps/Documents/tesi/pqc/fork_pqclean/3-tidy/PQClean/testcases/test_testvectors__cZCgTMGP/crypto_bla/scheme/impl -lcross-rsdp-128-fast_avx2

. > /home/marcoxps/Documents/tesi/pqc/fork_pqclean/3-tidy/PQClean/testcases/test_testvectors__cZCgTMGP/bin/testvectors_cross-rsdp-128-fast_avx2
_______ test_testvectors[avx2 implementation of cross-rsdp-256-balanced] _______
[gw3] linux -- Python 3.11.2 /home/marcoxps/Documents/tesi/pqc/fork_pqclean/3-tidy/.venv/bin/python

implementation = <Implementation(cross-rsdp-256-balanced, avx2)>
impl_path = '/home/marcoxps/Documents/tesi/pqc/fork_pqclean/3-tidy/PQClean/testcases/test_testvectors__UzgmdIZu/crypto_bla/scheme/impl'
test_dir = '/home/marcoxps/Documents/tesi/pqc/fork_pqclean/3-tidy/PQClean/testcases/test_testvectors__UzgmdIZu'
init = <function isolate_test_files.<locals>.initializer at 0x7f4d8199f240>
destr = <function isolate_test_files.<locals>.destructor at 0x7f4d8199f380>

    @pytest.mark.parametrize(
        'implementation,test_dir,impl_path,init,destr',
        [(impl, *helpers.isolate_test_files(impl.path(), 'test_testvectors_'))
         for sig in pqclean.Signature.all_sigs()
         for impl in sig.implementations],
        ids=[str(impl) for sig in pqclean.Signature.all_sigs()
             for impl in sig.implementations],
    )
    @helpers.filtered_test
    def test_testvectors(implementation, impl_path, test_dir, init, destr):
        if not implementation.supported_on_current_platform():
            raise unittest.SkipTest("Not supported on current platform")
        if platform.machine() == 'armv7l' and 'gcc' in os.environ.get('CC', 'gcc') and 'falcon' in implementation.scheme.name:
            raise unittest.SkipTest("this test hangs for falcon on armv7l with gcc")
        init()
        dest_dir = os.path.join(test_dir, 'bin')
        helpers.make('testvectors',
                     TYPE=implementation.scheme.type,
                     SCHEME=implementation.scheme.name,
                     SCHEME_DIR=impl_path,
                     IMPLEMENTATION=implementation.name,
                     DEST_DIR=dest_dir,
                     working_dir=os.path.join(test_dir, 'test'))
        out = helpers.run_subprocess(
            [os.path.join(dest_dir, 'testvectors_{}_{}{}'.format(
                implementation.scheme.name,
                implementation.name,
                '.exe' if os.name == 'nt' else ''
            ))],
            print_output=False,
        ).replace('\r', '')
>       assert(implementation.scheme.metadata()['testvectors-sha256'].lower()
               == hashlib.sha256(out.encode('utf-8')).hexdigest().lower())
E       AssertionError: assert 'hjk' == '3a35bb79c93d...81d81bea5e71c'
E         
E         - 3a35bb79c93d5803e56b9aa7576c310ca51801d160fd21d78fa81d81bea5e71c
E         + hjk

test_testvectors.py:48: AssertionError
----------------------------- Captured stdout call -----------------------------
/home/marcoxps/Documents/tesi/pqc/fork_pqclean/3-tidy/PQClean/testcases/test_testvectors__UzgmdIZu/test > make TYPE=sign SCHEME=cross-rsdp-256-balanced SCHEME_DIR=/home/marcoxps/Documents/tesi/pqc/fork_pqclean/3-tidy/PQClean/testcases/test_testvectors__UzgmdIZu/crypto_bla/scheme/impl IMPLEMENTATION=avx2 DEST_DIR=/home/marcoxps/Documents/tesi/pqc/fork_pqclean/3-tidy/PQClean/testcases/test_testvectors__UzgmdIZu/bin testvectors
cd /home/marcoxps/Documents/tesi/pqc/fork_pqclean/3-tidy/PQClean/testcases/test_testvectors__UzgmdIZu/crypto_bla/scheme/impl && make
make[1]: Entering directory '/home/marcoxps/Documents/tesi/pqc/fork_pqclean/3-tidy/PQClean/testcases/test_testvectors__UzgmdIZu/crypto_bla/scheme/impl'
cc -std=c99 -I../../../common  -march=native -O3 -g3 -std=c99 -Wpedantic -Werror -Wredundant-decls -Wmissing-prototypes -Wuninitialized -Wall -Wextra -c -o CROSS.o CROSS.c
cc -std=c99 -I../../../common  -march=native -O3 -g3 -std=c99 -Wpedantic -Werror -Wredundant-decls -Wmissing-prototypes -Wuninitialized -Wall -Wextra -c -o csprng_hash.o csprng_hash.c
cc -std=c99 -I../../../common  -march=native -O3 -g3 -std=c99 -Wpedantic -Werror -Wredundant-decls -Wmissing-prototypes -Wuninitialized -Wall -Wextra -c -o merkle.o merkle.c
cc -std=c99 -I../../../common  -march=native -O3 -g3 -std=c99 -Wpedantic -Werror -Wredundant-decls -Wmissing-prototypes -Wuninitialized -Wall -Wextra -c -o pack_unpack.o pack_unpack.c
cc -std=c99 -I../../../common  -march=native -O3 -g3 -std=c99 -Wpedantic -Werror -Wredundant-decls -Wmissing-prototypes -Wuninitialized -Wall -Wextra -c -o seedtree.o seedtree.c
cc -std=c99 -I../../../common  -march=native -O3 -g3 -std=c99 -Wpedantic -Werror -Wredundant-decls -Wmissing-prototypes -Wuninitialized -Wall -Wextra -c -o sign.o sign.c
ar -r libcross-rsdp-256-balanced_avx2.a CROSS.o csprng_hash.o merkle.o pack_unpack.o seedtree.o sign.o
ar: creating libcross-rsdp-256-balanced_avx2.a
make[1]: Leaving directory '/home/marcoxps/Documents/tesi/pqc/fork_pqclean/3-tidy/PQClean/testcases/test_testvectors__UzgmdIZu/crypto_bla/scheme/impl'
mkdir -p /home/marcoxps/Documents/tesi/pqc/fork_pqclean/3-tidy/PQClean/testcases/test_testvectors__UzgmdIZu/bin
cc -O3 -Wall -Wextra -Wpedantic -Wvla -Werror -std=c99 -Wundef -Wshadow -Wcast-align -Wpointer-arith -Wmissing-prototypes -fstrict-aliasing -fno-common -pipe -I../common  -DPQCLEAN_NAMESPACE=PQCLEAN_CROSSRSDP256BALANCED_AVX2 -I/home/marcoxps/Documents/tesi/pqc/fork_pqclean/3-tidy/PQClean/testcases/test_testvectors__UzgmdIZu/crypto_bla/scheme/impl crypto_sign/testvectors.c ../common/aes.c ../common/sha2.c ../common/fips202.c ../common/nistseedexpander.c ../common/sp800-185.c ../test/common/notrandombytes.c -o /home/marcoxps/Documents/tesi/pqc/fork_pqclean/3-tidy/PQClean/testcases/test_testvectors__UzgmdIZu/bin/testvectors_cross-rsdp-256-balanced_avx2 -L/home/marcoxps/Documents/tesi/pqc/fork_pqclean/3-tidy/PQClean/testcases/test_testvectors__UzgmdIZu/crypto_bla/scheme/impl -lcross-rsdp-256-balanced_avx2

. > /home/marcoxps/Documents/tesi/pqc/fork_pqclean/3-tidy/PQClean/testcases/test_testvectors__UzgmdIZu/bin/testvectors_cross-rsdp-256-balanced_avx2
_______ test_testvectors[clean implementation of cross-rsdpg-256-small] ________
[gw0] linux -- Python 3.11.2 /home/marcoxps/Documents/tesi/pqc/fork_pqclean/3-tidy/.venv/bin/python

implementation = <Implementation(cross-rsdpg-256-small, clean)>
impl_path = '/home/marcoxps/Documents/tesi/pqc/fork_pqclean/3-tidy/PQClean/testcases/test_testvectors__qPPNILtN/crypto_bla/scheme/impl'
test_dir = '/home/marcoxps/Documents/tesi/pqc/fork_pqclean/3-tidy/PQClean/testcases/test_testvectors__qPPNILtN'
init = <function isolate_test_files.<locals>.initializer at 0x7f05bf59fba0>
destr = <function isolate_test_files.<locals>.destructor at 0x7f05bf59fce0>

    @pytest.mark.parametrize(
        'implementation,test_dir,impl_path,init,destr',
        [(impl, *helpers.isolate_test_files(impl.path(), 'test_testvectors_'))
         for sig in pqclean.Signature.all_sigs()
         for impl in sig.implementations],
        ids=[str(impl) for sig in pqclean.Signature.all_sigs()
             for impl in sig.implementations],
    )
    @helpers.filtered_test
    def test_testvectors(implementation, impl_path, test_dir, init, destr):
        if not implementation.supported_on_current_platform():
            raise unittest.SkipTest("Not supported on current platform")
        if platform.machine() == 'armv7l' and 'gcc' in os.environ.get('CC', 'gcc') and 'falcon' in implementation.scheme.name:
            raise unittest.SkipTest("this test hangs for falcon on armv7l with gcc")
        init()
        dest_dir = os.path.join(test_dir, 'bin')
        helpers.make('testvectors',
                     TYPE=implementation.scheme.type,
                     SCHEME=implementation.scheme.name,
                     SCHEME_DIR=impl_path,
                     IMPLEMENTATION=implementation.name,
                     DEST_DIR=dest_dir,
                     working_dir=os.path.join(test_dir, 'test'))
        out = helpers.run_subprocess(
            [os.path.join(dest_dir, 'testvectors_{}_{}{}'.format(
                implementation.scheme.name,
                implementation.name,
                '.exe' if os.name == 'nt' else ''
            ))],
            print_output=False,
        ).replace('\r', '')
>       assert(implementation.scheme.metadata()['testvectors-sha256'].lower()
               == hashlib.sha256(out.encode('utf-8')).hexdigest().lower())
E       AssertionError: assert 'gfd' == '3707eb6a8582...25490bca9faaa'
E         
E         - 3707eb6a8582d4188adbbd1c7f97a08ea46425d7425357a090225490bca9faaa
E         + gfd

test_testvectors.py:48: AssertionError
----------------------------- Captured stdout call -----------------------------
/home/marcoxps/Documents/tesi/pqc/fork_pqclean/3-tidy/PQClean/testcases/test_testvectors__qPPNILtN/test > make TYPE=sign SCHEME=cross-rsdpg-256-small SCHEME_DIR=/home/marcoxps/Documents/tesi/pqc/fork_pqclean/3-tidy/PQClean/testcases/test_testvectors__qPPNILtN/crypto_bla/scheme/impl IMPLEMENTATION=clean DEST_DIR=/home/marcoxps/Documents/tesi/pqc/fork_pqclean/3-tidy/PQClean/testcases/test_testvectors__qPPNILtN/bin testvectors
cd /home/marcoxps/Documents/tesi/pqc/fork_pqclean/3-tidy/PQClean/testcases/test_testvectors__qPPNILtN/crypto_bla/scheme/impl && make
make[1]: Entering directory '/home/marcoxps/Documents/tesi/pqc/fork_pqclean/3-tidy/PQClean/testcases/test_testvectors__qPPNILtN/crypto_bla/scheme/impl'
cc -std=c99 -I../../../common  -march=native -O3 -g3 -std=c99 -Wpedantic -Werror -Wredundant-decls -Wmissing-prototypes -Wuninitialized -Wall -Wextra -c -o CROSS.o CROSS.c
cc -std=c99 -I../../../common  -march=native -O3 -g3 -std=c99 -Wpedantic -Werror -Wredundant-decls -Wmissing-prototypes -Wuninitialized -Wall -Wextra -c -o csprng_hash.o csprng_hash.c
cc -std=c99 -I../../../common  -march=native -O3 -g3 -std=c99 -Wpedantic -Werror -Wredundant-decls -Wmissing-prototypes -Wuninitialized -Wall -Wextra -c -o merkle.o merkle.c
cc -std=c99 -I../../../common  -march=native -O3 -g3 -std=c99 -Wpedantic -Werror -Wredundant-decls -Wmissing-prototypes -Wuninitialized -Wall -Wextra -c -o pack_unpack.o pack_unpack.c
cc -std=c99 -I../../../common  -march=native -O3 -g3 -std=c99 -Wpedantic -Werror -Wredundant-decls -Wmissing-prototypes -Wuninitialized -Wall -Wextra -c -o seedtree.o seedtree.c
cc -std=c99 -I../../../common  -march=native -O3 -g3 -std=c99 -Wpedantic -Werror -Wredundant-decls -Wmissing-prototypes -Wuninitialized -Wall -Wextra -c -o sign.o sign.c
ar -r libcross-rsdpg-256-small_clean.a CROSS.o csprng_hash.o merkle.o pack_unpack.o seedtree.o sign.o
ar: creating libcross-rsdpg-256-small_clean.a
make[1]: Leaving directory '/home/marcoxps/Documents/tesi/pqc/fork_pqclean/3-tidy/PQClean/testcases/test_testvectors__qPPNILtN/crypto_bla/scheme/impl'
mkdir -p /home/marcoxps/Documents/tesi/pqc/fork_pqclean/3-tidy/PQClean/testcases/test_testvectors__qPPNILtN/bin
cc -O3 -Wall -Wextra -Wpedantic -Wvla -Werror -std=c99 -Wundef -Wshadow -Wcast-align -Wpointer-arith -Wmissing-prototypes -fstrict-aliasing -fno-common -pipe -I../common  -DPQCLEAN_NAMESPACE=PQCLEAN_CROSSRSDPG256SMALL_CLEAN -I/home/marcoxps/Documents/tesi/pqc/fork_pqclean/3-tidy/PQClean/testcases/test_testvectors__qPPNILtN/crypto_bla/scheme/impl crypto_sign/testvectors.c ../common/aes.c ../common/sha2.c ../common/fips202.c ../common/nistseedexpander.c ../common/sp800-185.c ../test/common/notrandombytes.c -o /home/marcoxps/Documents/tesi/pqc/fork_pqclean/3-tidy/PQClean/testcases/test_testvectors__qPPNILtN/bin/testvectors_cross-rsdpg-256-small_clean -L/home/marcoxps/Documents/tesi/pqc/fork_pqclean/3-tidy/PQClean/testcases/test_testvectors__qPPNILtN/crypto_bla/scheme/impl -lcross-rsdpg-256-small_clean

. > /home/marcoxps/Documents/tesi/pqc/fork_pqclean/3-tidy/PQClean/testcases/test_testvectors__qPPNILtN/bin/testvectors_cross-rsdpg-256-small_clean
________ test_testvectors[clean implementation of cross-rsdp-256-fast] _________
[gw1] linux -- Python 3.11.2 /home/marcoxps/Documents/tesi/pqc/fork_pqclean/3-tidy/.venv/bin/python

implementation = <Implementation(cross-rsdp-256-fast, clean)>
impl_path = '/home/marcoxps/Documents/tesi/pqc/fork_pqclean/3-tidy/PQClean/testcases/test_testvectors__U0a0Z6ua/crypto_bla/scheme/impl'
test_dir = '/home/marcoxps/Documents/tesi/pqc/fork_pqclean/3-tidy/PQClean/testcases/test_testvectors__U0a0Z6ua'
init = <function isolate_test_files.<locals>.initializer at 0x7fdd7be57f60>
destr = <function isolate_test_files.<locals>.destructor at 0x7fdd7be640e0>

    @pytest.mark.parametrize(
        'implementation,test_dir,impl_path,init,destr',
        [(impl, *helpers.isolate_test_files(impl.path(), 'test_testvectors_'))
         for sig in pqclean.Signature.all_sigs()
         for impl in sig.implementations],
        ids=[str(impl) for sig in pqclean.Signature.all_sigs()
             for impl in sig.implementations],
    )
    @helpers.filtered_test
    def test_testvectors(implementation, impl_path, test_dir, init, destr):
        if not implementation.supported_on_current_platform():
            raise unittest.SkipTest("Not supported on current platform")
        if platform.machine() == 'armv7l' and 'gcc' in os.environ.get('CC', 'gcc') and 'falcon' in implementation.scheme.name:
            raise unittest.SkipTest("this test hangs for falcon on armv7l with gcc")
        init()
        dest_dir = os.path.join(test_dir, 'bin')
        helpers.make('testvectors',
                     TYPE=implementation.scheme.type,
                     SCHEME=implementation.scheme.name,
                     SCHEME_DIR=impl_path,
                     IMPLEMENTATION=implementation.name,
                     DEST_DIR=dest_dir,
                     working_dir=os.path.join(test_dir, 'test'))
        out = helpers.run_subprocess(
            [os.path.join(dest_dir, 'testvectors_{}_{}{}'.format(
                implementation.scheme.name,
                implementation.name,
                '.exe' if os.name == 'nt' else ''
            ))],
            print_output=False,
        ).replace('\r', '')
>       assert(implementation.scheme.metadata()['testvectors-sha256'].lower()
               == hashlib.sha256(out.encode('utf-8')).hexdigest().lower())
E       AssertionError: assert 'jkl' == '19958886aa79...f1945d4f7e0d1'
E         
E         - 19958886aa79171bdb386cff9d8c1e0bd896c54e595727b4f4cf1945d4f7e0d1
E         + jkl

test_testvectors.py:48: AssertionError
----------------------------- Captured stdout call -----------------------------
/home/marcoxps/Documents/tesi/pqc/fork_pqclean/3-tidy/PQClean/testcases/test_testvectors__U0a0Z6ua/test > make TYPE=sign SCHEME=cross-rsdp-256-fast SCHEME_DIR=/home/marcoxps/Documents/tesi/pqc/fork_pqclean/3-tidy/PQClean/testcases/test_testvectors__U0a0Z6ua/crypto_bla/scheme/impl IMPLEMENTATION=clean DEST_DIR=/home/marcoxps/Documents/tesi/pqc/fork_pqclean/3-tidy/PQClean/testcases/test_testvectors__U0a0Z6ua/bin testvectors
cd /home/marcoxps/Documents/tesi/pqc/fork_pqclean/3-tidy/PQClean/testcases/test_testvectors__U0a0Z6ua/crypto_bla/scheme/impl && make
make[1]: Entering directory '/home/marcoxps/Documents/tesi/pqc/fork_pqclean/3-tidy/PQClean/testcases/test_testvectors__U0a0Z6ua/crypto_bla/scheme/impl'
cc -std=c99 -I../../../common  -march=native -O3 -g3 -std=c99 -Wpedantic -Werror -Wredundant-decls -Wmissing-prototypes -Wuninitialized -Wall -Wextra -c -o CROSS.o CROSS.c
cc -std=c99 -I../../../common  -march=native -O3 -g3 -std=c99 -Wpedantic -Werror -Wredundant-decls -Wmissing-prototypes -Wuninitialized -Wall -Wextra -c -o csprng_hash.o csprng_hash.c
cc -std=c99 -I../../../common  -march=native -O3 -g3 -std=c99 -Wpedantic -Werror -Wredundant-decls -Wmissing-prototypes -Wuninitialized -Wall -Wextra -c -o merkle.o merkle.c
cc -std=c99 -I../../../common  -march=native -O3 -g3 -std=c99 -Wpedantic -Werror -Wredundant-decls -Wmissing-prototypes -Wuninitialized -Wall -Wextra -c -o pack_unpack.o pack_unpack.c
cc -std=c99 -I../../../common  -march=native -O3 -g3 -std=c99 -Wpedantic -Werror -Wredundant-decls -Wmissing-prototypes -Wuninitialized -Wall -Wextra -c -o seedtree.o seedtree.c
cc -std=c99 -I../../../common  -march=native -O3 -g3 -std=c99 -Wpedantic -Werror -Wredundant-decls -Wmissing-prototypes -Wuninitialized -Wall -Wextra -c -o sign.o sign.c
ar -r libcross-rsdp-256-fast_clean.a CROSS.o csprng_hash.o merkle.o pack_unpack.o seedtree.o sign.o
ar: creating libcross-rsdp-256-fast_clean.a
make[1]: Leaving directory '/home/marcoxps/Documents/tesi/pqc/fork_pqclean/3-tidy/PQClean/testcases/test_testvectors__U0a0Z6ua/crypto_bla/scheme/impl'
mkdir -p /home/marcoxps/Documents/tesi/pqc/fork_pqclean/3-tidy/PQClean/testcases/test_testvectors__U0a0Z6ua/bin
cc -O3 -Wall -Wextra -Wpedantic -Wvla -Werror -std=c99 -Wundef -Wshadow -Wcast-align -Wpointer-arith -Wmissing-prototypes -fstrict-aliasing -fno-common -pipe -I../common  -DPQCLEAN_NAMESPACE=PQCLEAN_CROSSRSDP256FAST_CLEAN -I/home/marcoxps/Documents/tesi/pqc/fork_pqclean/3-tidy/PQClean/testcases/test_testvectors__U0a0Z6ua/crypto_bla/scheme/impl crypto_sign/testvectors.c ../common/aes.c ../common/sha2.c ../common/fips202.c ../common/nistseedexpander.c ../common/sp800-185.c ../test/common/notrandombytes.c -o /home/marcoxps/Documents/tesi/pqc/fork_pqclean/3-tidy/PQClean/testcases/test_testvectors__U0a0Z6ua/bin/testvectors_cross-rsdp-256-fast_clean -L/home/marcoxps/Documents/tesi/pqc/fork_pqclean/3-tidy/PQClean/testcases/test_testvectors__U0a0Z6ua/crypto_bla/scheme/impl -lcross-rsdp-256-fast_clean

. > /home/marcoxps/Documents/tesi/pqc/fork_pqclean/3-tidy/PQClean/testcases/test_testvectors__U0a0Z6ua/bin/testvectors_cross-rsdp-256-fast_clean
_________ test_testvectors[avx2 implementation of cross-rsdp-256-fast] _________
[gw2] linux -- Python 3.11.2 /home/marcoxps/Documents/tesi/pqc/fork_pqclean/3-tidy/.venv/bin/python

implementation = <Implementation(cross-rsdp-256-fast, avx2)>
impl_path = '/home/marcoxps/Documents/tesi/pqc/fork_pqclean/3-tidy/PQClean/testcases/test_testvectors__7Z4og3kK/crypto_bla/scheme/impl'
test_dir = '/home/marcoxps/Documents/tesi/pqc/fork_pqclean/3-tidy/PQClean/testcases/test_testvectors__7Z4og3kK'
init = <function isolate_test_files.<locals>.initializer at 0x7f6b5ab14180>
destr = <function isolate_test_files.<locals>.destructor at 0x7f6b5ab142c0>

    @pytest.mark.parametrize(
        'implementation,test_dir,impl_path,init,destr',
        [(impl, *helpers.isolate_test_files(impl.path(), 'test_testvectors_'))
         for sig in pqclean.Signature.all_sigs()
         for impl in sig.implementations],
        ids=[str(impl) for sig in pqclean.Signature.all_sigs()
             for impl in sig.implementations],
    )
    @helpers.filtered_test
    def test_testvectors(implementation, impl_path, test_dir, init, destr):
        if not implementation.supported_on_current_platform():
            raise unittest.SkipTest("Not supported on current platform")
        if platform.machine() == 'armv7l' and 'gcc' in os.environ.get('CC', 'gcc') and 'falcon' in implementation.scheme.name:
            raise unittest.SkipTest("this test hangs for falcon on armv7l with gcc")
        init()
        dest_dir = os.path.join(test_dir, 'bin')
        helpers.make('testvectors',
                     TYPE=implementation.scheme.type,
                     SCHEME=implementation.scheme.name,
                     SCHEME_DIR=impl_path,
                     IMPLEMENTATION=implementation.name,
                     DEST_DIR=dest_dir,
                     working_dir=os.path.join(test_dir, 'test'))
        out = helpers.run_subprocess(
            [os.path.join(dest_dir, 'testvectors_{}_{}{}'.format(
                implementation.scheme.name,
                implementation.name,
                '.exe' if os.name == 'nt' else ''
            ))],
            print_output=False,
        ).replace('\r', '')
>       assert(implementation.scheme.metadata()['testvectors-sha256'].lower()
               == hashlib.sha256(out.encode('utf-8')).hexdigest().lower())
E       AssertionError: assert 'jkl' == '19958886aa79...f1945d4f7e0d1'
E         
E         - 19958886aa79171bdb386cff9d8c1e0bd896c54e595727b4f4cf1945d4f7e0d1
E         + jkl

test_testvectors.py:48: AssertionError
----------------------------- Captured stdout call -----------------------------
/home/marcoxps/Documents/tesi/pqc/fork_pqclean/3-tidy/PQClean/testcases/test_testvectors__7Z4og3kK/test > make TYPE=sign SCHEME=cross-rsdp-256-fast SCHEME_DIR=/home/marcoxps/Documents/tesi/pqc/fork_pqclean/3-tidy/PQClean/testcases/test_testvectors__7Z4og3kK/crypto_bla/scheme/impl IMPLEMENTATION=avx2 DEST_DIR=/home/marcoxps/Documents/tesi/pqc/fork_pqclean/3-tidy/PQClean/testcases/test_testvectors__7Z4og3kK/bin testvectors
cd /home/marcoxps/Documents/tesi/pqc/fork_pqclean/3-tidy/PQClean/testcases/test_testvectors__7Z4og3kK/crypto_bla/scheme/impl && make
make[1]: Entering directory '/home/marcoxps/Documents/tesi/pqc/fork_pqclean/3-tidy/PQClean/testcases/test_testvectors__7Z4og3kK/crypto_bla/scheme/impl'
cc -std=c99 -I../../../common  -march=native -O3 -g3 -std=c99 -Wpedantic -Werror -Wredundant-decls -Wmissing-prototypes -Wuninitialized -Wall -Wextra -c -o CROSS.o CROSS.c
cc -std=c99 -I../../../common  -march=native -O3 -g3 -std=c99 -Wpedantic -Werror -Wredundant-decls -Wmissing-prototypes -Wuninitialized -Wall -Wextra -c -o csprng_hash.o csprng_hash.c
cc -std=c99 -I../../../common  -march=native -O3 -g3 -std=c99 -Wpedantic -Werror -Wredundant-decls -Wmissing-prototypes -Wuninitialized -Wall -Wextra -c -o merkle.o merkle.c
cc -std=c99 -I../../../common  -march=native -O3 -g3 -std=c99 -Wpedantic -Werror -Wredundant-decls -Wmissing-prototypes -Wuninitialized -Wall -Wextra -c -o pack_unpack.o pack_unpack.c
cc -std=c99 -I../../../common  -march=native -O3 -g3 -std=c99 -Wpedantic -Werror -Wredundant-decls -Wmissing-prototypes -Wuninitialized -Wall -Wextra -c -o seedtree.o seedtree.c
cc -std=c99 -I../../../common  -march=native -O3 -g3 -std=c99 -Wpedantic -Werror -Wredundant-decls -Wmissing-prototypes -Wuninitialized -Wall -Wextra -c -o sign.o sign.c
ar -r libcross-rsdp-256-fast_avx2.a CROSS.o csprng_hash.o merkle.o pack_unpack.o seedtree.o sign.o
ar: creating libcross-rsdp-256-fast_avx2.a
make[1]: Leaving directory '/home/marcoxps/Documents/tesi/pqc/fork_pqclean/3-tidy/PQClean/testcases/test_testvectors__7Z4og3kK/crypto_bla/scheme/impl'
mkdir -p /home/marcoxps/Documents/tesi/pqc/fork_pqclean/3-tidy/PQClean/testcases/test_testvectors__7Z4og3kK/bin
cc -O3 -Wall -Wextra -Wpedantic -Wvla -Werror -std=c99 -Wundef -Wshadow -Wcast-align -Wpointer-arith -Wmissing-prototypes -fstrict-aliasing -fno-common -pipe -I../common  -DPQCLEAN_NAMESPACE=PQCLEAN_CROSSRSDP256FAST_AVX2 -I/home/marcoxps/Documents/tesi/pqc/fork_pqclean/3-tidy/PQClean/testcases/test_testvectors__7Z4og3kK/crypto_bla/scheme/impl crypto_sign/testvectors.c ../common/aes.c ../common/sha2.c ../common/fips202.c ../common/nistseedexpander.c ../common/sp800-185.c ../test/common/notrandombytes.c -o /home/marcoxps/Documents/tesi/pqc/fork_pqclean/3-tidy/PQClean/testcases/test_testvectors__7Z4og3kK/bin/testvectors_cross-rsdp-256-fast_avx2 -L/home/marcoxps/Documents/tesi/pqc/fork_pqclean/3-tidy/PQClean/testcases/test_testvectors__7Z4og3kK/crypto_bla/scheme/impl -lcross-rsdp-256-fast_avx2

. > /home/marcoxps/Documents/tesi/pqc/fork_pqclean/3-tidy/PQClean/testcases/test_testvectors__7Z4og3kK/bin/testvectors_cross-rsdp-256-fast_avx2
________ test_testvectors[avx2 implementation of cross-rsdpg-256-small] ________
[gw3] linux -- Python 3.11.2 /home/marcoxps/Documents/tesi/pqc/fork_pqclean/3-tidy/.venv/bin/python

implementation = <Implementation(cross-rsdpg-256-small, avx2)>
impl_path = '/home/marcoxps/Documents/tesi/pqc/fork_pqclean/3-tidy/PQClean/testcases/test_testvectors__dqCQMfvK/crypto_bla/scheme/impl'
test_dir = '/home/marcoxps/Documents/tesi/pqc/fork_pqclean/3-tidy/PQClean/testcases/test_testvectors__dqCQMfvK'
init = <function isolate_test_files.<locals>.initializer at 0x7f4d8199fd80>
destr = <function isolate_test_files.<locals>.destructor at 0x7f4d8199fec0>

    @pytest.mark.parametrize(
        'implementation,test_dir,impl_path,init,destr',
        [(impl, *helpers.isolate_test_files(impl.path(), 'test_testvectors_'))
         for sig in pqclean.Signature.all_sigs()
         for impl in sig.implementations],
        ids=[str(impl) for sig in pqclean.Signature.all_sigs()
             for impl in sig.implementations],
    )
    @helpers.filtered_test
    def test_testvectors(implementation, impl_path, test_dir, init, destr):
        if not implementation.supported_on_current_platform():
            raise unittest.SkipTest("Not supported on current platform")
        if platform.machine() == 'armv7l' and 'gcc' in os.environ.get('CC', 'gcc') and 'falcon' in implementation.scheme.name:
            raise unittest.SkipTest("this test hangs for falcon on armv7l with gcc")
        init()
        dest_dir = os.path.join(test_dir, 'bin')
        helpers.make('testvectors',
                     TYPE=implementation.scheme.type,
                     SCHEME=implementation.scheme.name,
                     SCHEME_DIR=impl_path,
                     IMPLEMENTATION=implementation.name,
                     DEST_DIR=dest_dir,
                     working_dir=os.path.join(test_dir, 'test'))
        out = helpers.run_subprocess(
            [os.path.join(dest_dir, 'testvectors_{}_{}{}'.format(
                implementation.scheme.name,
                implementation.name,
                '.exe' if os.name == 'nt' else ''
            ))],
            print_output=False,
        ).replace('\r', '')
>       assert(implementation.scheme.metadata()['testvectors-sha256'].lower()
               == hashlib.sha256(out.encode('utf-8')).hexdigest().lower())
E       AssertionError: assert 'gfd' == '3707eb6a8582...25490bca9faaa'
E         
E         - 3707eb6a8582d4188adbbd1c7f97a08ea46425d7425357a090225490bca9faaa
E         + gfd

test_testvectors.py:48: AssertionError
----------------------------- Captured stdout call -----------------------------
/home/marcoxps/Documents/tesi/pqc/fork_pqclean/3-tidy/PQClean/testcases/test_testvectors__dqCQMfvK/test > make TYPE=sign SCHEME=cross-rsdpg-256-small SCHEME_DIR=/home/marcoxps/Documents/tesi/pqc/fork_pqclean/3-tidy/PQClean/testcases/test_testvectors__dqCQMfvK/crypto_bla/scheme/impl IMPLEMENTATION=avx2 DEST_DIR=/home/marcoxps/Documents/tesi/pqc/fork_pqclean/3-tidy/PQClean/testcases/test_testvectors__dqCQMfvK/bin testvectors
cd /home/marcoxps/Documents/tesi/pqc/fork_pqclean/3-tidy/PQClean/testcases/test_testvectors__dqCQMfvK/crypto_bla/scheme/impl && make
make[1]: Entering directory '/home/marcoxps/Documents/tesi/pqc/fork_pqclean/3-tidy/PQClean/testcases/test_testvectors__dqCQMfvK/crypto_bla/scheme/impl'
cc -std=c99 -I../../../common  -march=native -O3 -g3 -std=c99 -Wpedantic -Werror -Wredundant-decls -Wmissing-prototypes -Wuninitialized -Wall -Wextra -c -o CROSS.o CROSS.c
cc -std=c99 -I../../../common  -march=native -O3 -g3 -std=c99 -Wpedantic -Werror -Wredundant-decls -Wmissing-prototypes -Wuninitialized -Wall -Wextra -c -o csprng_hash.o csprng_hash.c
cc -std=c99 -I../../../common  -march=native -O3 -g3 -std=c99 -Wpedantic -Werror -Wredundant-decls -Wmissing-prototypes -Wuninitialized -Wall -Wextra -c -o merkle.o merkle.c
cc -std=c99 -I../../../common  -march=native -O3 -g3 -std=c99 -Wpedantic -Werror -Wredundant-decls -Wmissing-prototypes -Wuninitialized -Wall -Wextra -c -o pack_unpack.o pack_unpack.c
cc -std=c99 -I../../../common  -march=native -O3 -g3 -std=c99 -Wpedantic -Werror -Wredundant-decls -Wmissing-prototypes -Wuninitialized -Wall -Wextra -c -o seedtree.o seedtree.c
cc -std=c99 -I../../../common  -march=native -O3 -g3 -std=c99 -Wpedantic -Werror -Wredundant-decls -Wmissing-prototypes -Wuninitialized -Wall -Wextra -c -o sign.o sign.c
ar -r libcross-rsdpg-256-small_avx2.a CROSS.o csprng_hash.o merkle.o pack_unpack.o seedtree.o sign.o
ar: creating libcross-rsdpg-256-small_avx2.a
make[1]: Leaving directory '/home/marcoxps/Documents/tesi/pqc/fork_pqclean/3-tidy/PQClean/testcases/test_testvectors__dqCQMfvK/crypto_bla/scheme/impl'
mkdir -p /home/marcoxps/Documents/tesi/pqc/fork_pqclean/3-tidy/PQClean/testcases/test_testvectors__dqCQMfvK/bin
cc -O3 -Wall -Wextra -Wpedantic -Wvla -Werror -std=c99 -Wundef -Wshadow -Wcast-align -Wpointer-arith -Wmissing-prototypes -fstrict-aliasing -fno-common -pipe -I../common  -DPQCLEAN_NAMESPACE=PQCLEAN_CROSSRSDPG256SMALL_AVX2 -I/home/marcoxps/Documents/tesi/pqc/fork_pqclean/3-tidy/PQClean/testcases/test_testvectors__dqCQMfvK/crypto_bla/scheme/impl crypto_sign/testvectors.c ../common/aes.c ../common/sha2.c ../common/fips202.c ../common/nistseedexpander.c ../common/sp800-185.c ../test/common/notrandombytes.c -o /home/marcoxps/Documents/tesi/pqc/fork_pqclean/3-tidy/PQClean/testcases/test_testvectors__dqCQMfvK/bin/testvectors_cross-rsdpg-256-small_avx2 -L/home/marcoxps/Documents/tesi/pqc/fork_pqclean/3-tidy/PQClean/testcases/test_testvectors__dqCQMfvK/crypto_bla/scheme/impl -lcross-rsdpg-256-small_avx2

. > /home/marcoxps/Documents/tesi/pqc/fork_pqclean/3-tidy/PQClean/testcases/test_testvectors__dqCQMfvK/bin/testvectors_cross-rsdpg-256-small_avx2
______ test_testvectors[clean implementation of cross-rsdp-128-balanced] _______
[gw1] linux -- Python 3.11.2 /home/marcoxps/Documents/tesi/pqc/fork_pqclean/3-tidy/.venv/bin/python

implementation = <Implementation(cross-rsdp-128-balanced, clean)>
impl_path = '/home/marcoxps/Documents/tesi/pqc/fork_pqclean/3-tidy/PQClean/testcases/test_testvectors__UxvjMIFp/crypto_bla/scheme/impl'
test_dir = '/home/marcoxps/Documents/tesi/pqc/fork_pqclean/3-tidy/PQClean/testcases/test_testvectors__UxvjMIFp'
init = <function isolate_test_files.<locals>.initializer at 0x7fdd7be64360>
destr = <function isolate_test_files.<locals>.destructor at 0x7fdd7be644a0>

    @pytest.mark.parametrize(
        'implementation,test_dir,impl_path,init,destr',
        [(impl, *helpers.isolate_test_files(impl.path(), 'test_testvectors_'))
         for sig in pqclean.Signature.all_sigs()
         for impl in sig.implementations],
        ids=[str(impl) for sig in pqclean.Signature.all_sigs()
             for impl in sig.implementations],
    )
    @helpers.filtered_test
    def test_testvectors(implementation, impl_path, test_dir, init, destr):
        if not implementation.supported_on_current_platform():
            raise unittest.SkipTest("Not supported on current platform")
        if platform.machine() == 'armv7l' and 'gcc' in os.environ.get('CC', 'gcc') and 'falcon' in implementation.scheme.name:
            raise unittest.SkipTest("this test hangs for falcon on armv7l with gcc")
        init()
        dest_dir = os.path.join(test_dir, 'bin')
        helpers.make('testvectors',
                     TYPE=implementation.scheme.type,
                     SCHEME=implementation.scheme.name,
                     SCHEME_DIR=impl_path,
                     IMPLEMENTATION=implementation.name,
                     DEST_DIR=dest_dir,
                     working_dir=os.path.join(test_dir, 'test'))
        out = helpers.run_subprocess(
            [os.path.join(dest_dir, 'testvectors_{}_{}{}'.format(
                implementation.scheme.name,
                implementation.name,
                '.exe' if os.name == 'nt' else ''
            ))],
            print_output=False,
        ).replace('\r', '')
>       assert(implementation.scheme.metadata()['testvectors-sha256'].lower()
               == hashlib.sha256(out.encode('utf-8')).hexdigest().lower())
E       AssertionError: assert 'pas' == '8f233c5e40da...075108d212f14'
E         
E         - 8f233c5e40da1103e78fa4187e01b2e6a76e9544f359e4af9e6075108d212f14
E         + pas

test_testvectors.py:48: AssertionError
----------------------------- Captured stdout call -----------------------------
/home/marcoxps/Documents/tesi/pqc/fork_pqclean/3-tidy/PQClean/testcases/test_testvectors__UxvjMIFp/test > make TYPE=sign SCHEME=cross-rsdp-128-balanced SCHEME_DIR=/home/marcoxps/Documents/tesi/pqc/fork_pqclean/3-tidy/PQClean/testcases/test_testvectors__UxvjMIFp/crypto_bla/scheme/impl IMPLEMENTATION=clean DEST_DIR=/home/marcoxps/Documents/tesi/pqc/fork_pqclean/3-tidy/PQClean/testcases/test_testvectors__UxvjMIFp/bin testvectors
cd /home/marcoxps/Documents/tesi/pqc/fork_pqclean/3-tidy/PQClean/testcases/test_testvectors__UxvjMIFp/crypto_bla/scheme/impl && make
make[1]: Entering directory '/home/marcoxps/Documents/tesi/pqc/fork_pqclean/3-tidy/PQClean/testcases/test_testvectors__UxvjMIFp/crypto_bla/scheme/impl'
cc -std=c99 -I../../../common  -march=native -O3 -g3 -std=c99 -Wpedantic -Werror -Wredundant-decls -Wmissing-prototypes -Wuninitialized -Wall -Wextra -c -o CROSS.o CROSS.c
cc -std=c99 -I../../../common  -march=native -O3 -g3 -std=c99 -Wpedantic -Werror -Wredundant-decls -Wmissing-prototypes -Wuninitialized -Wall -Wextra -c -o csprng_hash.o csprng_hash.c
cc -std=c99 -I../../../common  -march=native -O3 -g3 -std=c99 -Wpedantic -Werror -Wredundant-decls -Wmissing-prototypes -Wuninitialized -Wall -Wextra -c -o merkle.o merkle.c
cc -std=c99 -I../../../common  -march=native -O3 -g3 -std=c99 -Wpedantic -Werror -Wredundant-decls -Wmissing-prototypes -Wuninitialized -Wall -Wextra -c -o pack_unpack.o pack_unpack.c
cc -std=c99 -I../../../common  -march=native -O3 -g3 -std=c99 -Wpedantic -Werror -Wredundant-decls -Wmissing-prototypes -Wuninitialized -Wall -Wextra -c -o seedtree.o seedtree.c
cc -std=c99 -I../../../common  -march=native -O3 -g3 -std=c99 -Wpedantic -Werror -Wredundant-decls -Wmissing-prototypes -Wuninitialized -Wall -Wextra -c -o sign.o sign.c
ar -r libcross-rsdp-128-balanced_clean.a CROSS.o csprng_hash.o merkle.o pack_unpack.o seedtree.o sign.o
ar: creating libcross-rsdp-128-balanced_clean.a
make[1]: Leaving directory '/home/marcoxps/Documents/tesi/pqc/fork_pqclean/3-tidy/PQClean/testcases/test_testvectors__UxvjMIFp/crypto_bla/scheme/impl'
mkdir -p /home/marcoxps/Documents/tesi/pqc/fork_pqclean/3-tidy/PQClean/testcases/test_testvectors__UxvjMIFp/bin
cc -O3 -Wall -Wextra -Wpedantic -Wvla -Werror -std=c99 -Wundef -Wshadow -Wcast-align -Wpointer-arith -Wmissing-prototypes -fstrict-aliasing -fno-common -pipe -I../common  -DPQCLEAN_NAMESPACE=PQCLEAN_CROSSRSDP128BALANCED_CLEAN -I/home/marcoxps/Documents/tesi/pqc/fork_pqclean/3-tidy/PQClean/testcases/test_testvectors__UxvjMIFp/crypto_bla/scheme/impl crypto_sign/testvectors.c ../common/aes.c ../common/sha2.c ../common/fips202.c ../common/nistseedexpander.c ../common/sp800-185.c ../test/common/notrandombytes.c -o /home/marcoxps/Documents/tesi/pqc/fork_pqclean/3-tidy/PQClean/testcases/test_testvectors__UxvjMIFp/bin/testvectors_cross-rsdp-128-balanced_clean -L/home/marcoxps/Documents/tesi/pqc/fork_pqclean/3-tidy/PQClean/testcases/test_testvectors__UxvjMIFp/crypto_bla/scheme/impl -lcross-rsdp-128-balanced_clean

. > /home/marcoxps/Documents/tesi/pqc/fork_pqclean/3-tidy/PQClean/testcases/test_testvectors__UxvjMIFp/bin/testvectors_cross-rsdp-128-balanced_clean
________ test_testvectors[clean implementation of cross-rsdpg-256-fast] ________
[gw2] linux -- Python 3.11.2 /home/marcoxps/Documents/tesi/pqc/fork_pqclean/3-tidy/.venv/bin/python

implementation = <Implementation(cross-rsdpg-256-fast, clean)>
impl_path = '/home/marcoxps/Documents/tesi/pqc/fork_pqclean/3-tidy/PQClean/testcases/test_testvectors__F0RjyAIO/crypto_bla/scheme/impl'
test_dir = '/home/marcoxps/Documents/tesi/pqc/fork_pqclean/3-tidy/PQClean/testcases/test_testvectors__F0RjyAIO'
init = <function isolate_test_files.<locals>.initializer at 0x7f6b5ab14720>
destr = <function isolate_test_files.<locals>.destructor at 0x7f6b5ab14860>

    @pytest.mark.parametrize(
        'implementation,test_dir,impl_path,init,destr',
        [(impl, *helpers.isolate_test_files(impl.path(), 'test_testvectors_'))
         for sig in pqclean.Signature.all_sigs()
         for impl in sig.implementations],
        ids=[str(impl) for sig in pqclean.Signature.all_sigs()
             for impl in sig.implementations],
    )
    @helpers.filtered_test
    def test_testvectors(implementation, impl_path, test_dir, init, destr):
        if not implementation.supported_on_current_platform():
            raise unittest.SkipTest("Not supported on current platform")
        if platform.machine() == 'armv7l' and 'gcc' in os.environ.get('CC', 'gcc') and 'falcon' in implementation.scheme.name:
            raise unittest.SkipTest("this test hangs for falcon on armv7l with gcc")
        init()
        dest_dir = os.path.join(test_dir, 'bin')
        helpers.make('testvectors',
                     TYPE=implementation.scheme.type,
                     SCHEME=implementation.scheme.name,
                     SCHEME_DIR=impl_path,
                     IMPLEMENTATION=implementation.name,
                     DEST_DIR=dest_dir,
                     working_dir=os.path.join(test_dir, 'test'))
        out = helpers.run_subprocess(
            [os.path.join(dest_dir, 'testvectors_{}_{}{}'.format(
                implementation.scheme.name,
                implementation.name,
                '.exe' if os.name == 'nt' else ''
            ))],
            print_output=False,
        ).replace('\r', '')
>       assert(implementation.scheme.metadata()['testvectors-sha256'].lower()
               == hashlib.sha256(out.encode('utf-8')).hexdigest().lower())
E       AssertionError: assert 'hgf' == 'c7c2d9794c09...000dd8ea1c68f'
E         
E         - c7c2d9794c099196907ec9d1ac1c5e9156a15ef71c67e98039b000dd8ea1c68f
E         + hgf

test_testvectors.py:48: AssertionError
----------------------------- Captured stdout call -----------------------------
/home/marcoxps/Documents/tesi/pqc/fork_pqclean/3-tidy/PQClean/testcases/test_testvectors__F0RjyAIO/test > make TYPE=sign SCHEME=cross-rsdpg-256-fast SCHEME_DIR=/home/marcoxps/Documents/tesi/pqc/fork_pqclean/3-tidy/PQClean/testcases/test_testvectors__F0RjyAIO/crypto_bla/scheme/impl IMPLEMENTATION=clean DEST_DIR=/home/marcoxps/Documents/tesi/pqc/fork_pqclean/3-tidy/PQClean/testcases/test_testvectors__F0RjyAIO/bin testvectors
cd /home/marcoxps/Documents/tesi/pqc/fork_pqclean/3-tidy/PQClean/testcases/test_testvectors__F0RjyAIO/crypto_bla/scheme/impl && make
make[1]: Entering directory '/home/marcoxps/Documents/tesi/pqc/fork_pqclean/3-tidy/PQClean/testcases/test_testvectors__F0RjyAIO/crypto_bla/scheme/impl'
cc -std=c99 -I../../../common  -march=native -O3 -g3 -std=c99 -Wpedantic -Werror -Wredundant-decls -Wmissing-prototypes -Wuninitialized -Wall -Wextra -c -o CROSS.o CROSS.c
cc -std=c99 -I../../../common  -march=native -O3 -g3 -std=c99 -Wpedantic -Werror -Wredundant-decls -Wmissing-prototypes -Wuninitialized -Wall -Wextra -c -o csprng_hash.o csprng_hash.c
cc -std=c99 -I../../../common  -march=native -O3 -g3 -std=c99 -Wpedantic -Werror -Wredundant-decls -Wmissing-prototypes -Wuninitialized -Wall -Wextra -c -o merkle.o merkle.c
cc -std=c99 -I../../../common  -march=native -O3 -g3 -std=c99 -Wpedantic -Werror -Wredundant-decls -Wmissing-prototypes -Wuninitialized -Wall -Wextra -c -o pack_unpack.o pack_unpack.c
cc -std=c99 -I../../../common  -march=native -O3 -g3 -std=c99 -Wpedantic -Werror -Wredundant-decls -Wmissing-prototypes -Wuninitialized -Wall -Wextra -c -o seedtree.o seedtree.c
cc -std=c99 -I../../../common  -march=native -O3 -g3 -std=c99 -Wpedantic -Werror -Wredundant-decls -Wmissing-prototypes -Wuninitialized -Wall -Wextra -c -o sign.o sign.c
ar -r libcross-rsdpg-256-fast_clean.a CROSS.o csprng_hash.o merkle.o pack_unpack.o seedtree.o sign.o
ar: creating libcross-rsdpg-256-fast_clean.a
make[1]: Leaving directory '/home/marcoxps/Documents/tesi/pqc/fork_pqclean/3-tidy/PQClean/testcases/test_testvectors__F0RjyAIO/crypto_bla/scheme/impl'
mkdir -p /home/marcoxps/Documents/tesi/pqc/fork_pqclean/3-tidy/PQClean/testcases/test_testvectors__F0RjyAIO/bin
cc -O3 -Wall -Wextra -Wpedantic -Wvla -Werror -std=c99 -Wundef -Wshadow -Wcast-align -Wpointer-arith -Wmissing-prototypes -fstrict-aliasing -fno-common -pipe -I../common  -DPQCLEAN_NAMESPACE=PQCLEAN_CROSSRSDPG256FAST_CLEAN -I/home/marcoxps/Documents/tesi/pqc/fork_pqclean/3-tidy/PQClean/testcases/test_testvectors__F0RjyAIO/crypto_bla/scheme/impl crypto_sign/testvectors.c ../common/aes.c ../common/sha2.c ../common/fips202.c ../common/nistseedexpander.c ../common/sp800-185.c ../test/common/notrandombytes.c -o /home/marcoxps/Documents/tesi/pqc/fork_pqclean/3-tidy/PQClean/testcases/test_testvectors__F0RjyAIO/bin/testvectors_cross-rsdpg-256-fast_clean -L/home/marcoxps/Documents/tesi/pqc/fork_pqclean/3-tidy/PQClean/testcases/test_testvectors__F0RjyAIO/crypto_bla/scheme/impl -lcross-rsdpg-256-fast_clean

. > /home/marcoxps/Documents/tesi/pqc/fork_pqclean/3-tidy/PQClean/testcases/test_testvectors__F0RjyAIO/bin/testvectors_cross-rsdpg-256-fast_clean
_______ test_testvectors[avx2 implementation of cross-rsdp-128-balanced] _______
[gw0] linux -- Python 3.11.2 /home/marcoxps/Documents/tesi/pqc/fork_pqclean/3-tidy/.venv/bin/python

implementation = <Implementation(cross-rsdp-128-balanced, avx2)>
impl_path = '/home/marcoxps/Documents/tesi/pqc/fork_pqclean/3-tidy/PQClean/testcases/test_testvectors__QB5eF2JS/crypto_bla/scheme/impl'
test_dir = '/home/marcoxps/Documents/tesi/pqc/fork_pqclean/3-tidy/PQClean/testcases/test_testvectors__QB5eF2JS'
init = <function isolate_test_files.<locals>.initializer at 0x7f05bf5ac540>
destr = <function isolate_test_files.<locals>.destructor at 0x7f05bf5ac680>

    @pytest.mark.parametrize(
        'implementation,test_dir,impl_path,init,destr',
        [(impl, *helpers.isolate_test_files(impl.path(), 'test_testvectors_'))
         for sig in pqclean.Signature.all_sigs()
         for impl in sig.implementations],
        ids=[str(impl) for sig in pqclean.Signature.all_sigs()
             for impl in sig.implementations],
    )
    @helpers.filtered_test
    def test_testvectors(implementation, impl_path, test_dir, init, destr):
        if not implementation.supported_on_current_platform():
            raise unittest.SkipTest("Not supported on current platform")
        if platform.machine() == 'armv7l' and 'gcc' in os.environ.get('CC', 'gcc') and 'falcon' in implementation.scheme.name:
            raise unittest.SkipTest("this test hangs for falcon on armv7l with gcc")
        init()
        dest_dir = os.path.join(test_dir, 'bin')
        helpers.make('testvectors',
                     TYPE=implementation.scheme.type,
                     SCHEME=implementation.scheme.name,
                     SCHEME_DIR=impl_path,
                     IMPLEMENTATION=implementation.name,
                     DEST_DIR=dest_dir,
                     working_dir=os.path.join(test_dir, 'test'))
        out = helpers.run_subprocess(
            [os.path.join(dest_dir, 'testvectors_{}_{}{}'.format(
                implementation.scheme.name,
                implementation.name,
                '.exe' if os.name == 'nt' else ''
            ))],
            print_output=False,
        ).replace('\r', '')
>       assert(implementation.scheme.metadata()['testvectors-sha256'].lower()
               == hashlib.sha256(out.encode('utf-8')).hexdigest().lower())
E       AssertionError: assert 'pas' == '8f233c5e40da...075108d212f14'
E         
E         - 8f233c5e40da1103e78fa4187e01b2e6a76e9544f359e4af9e6075108d212f14
E         + pas

test_testvectors.py:48: AssertionError
----------------------------- Captured stdout call -----------------------------
/home/marcoxps/Documents/tesi/pqc/fork_pqclean/3-tidy/PQClean/testcases/test_testvectors__QB5eF2JS/test > make TYPE=sign SCHEME=cross-rsdp-128-balanced SCHEME_DIR=/home/marcoxps/Documents/tesi/pqc/fork_pqclean/3-tidy/PQClean/testcases/test_testvectors__QB5eF2JS/crypto_bla/scheme/impl IMPLEMENTATION=avx2 DEST_DIR=/home/marcoxps/Documents/tesi/pqc/fork_pqclean/3-tidy/PQClean/testcases/test_testvectors__QB5eF2JS/bin testvectors
cd /home/marcoxps/Documents/tesi/pqc/fork_pqclean/3-tidy/PQClean/testcases/test_testvectors__QB5eF2JS/crypto_bla/scheme/impl && make
make[1]: Entering directory '/home/marcoxps/Documents/tesi/pqc/fork_pqclean/3-tidy/PQClean/testcases/test_testvectors__QB5eF2JS/crypto_bla/scheme/impl'
cc -std=c99 -I../../../common  -march=native -O3 -g3 -std=c99 -Wpedantic -Werror -Wredundant-decls -Wmissing-prototypes -Wuninitialized -Wall -Wextra -c -o CROSS.o CROSS.c
cc -std=c99 -I../../../common  -march=native -O3 -g3 -std=c99 -Wpedantic -Werror -Wredundant-decls -Wmissing-prototypes -Wuninitialized -Wall -Wextra -c -o csprng_hash.o csprng_hash.c
cc -std=c99 -I../../../common  -march=native -O3 -g3 -std=c99 -Wpedantic -Werror -Wredundant-decls -Wmissing-prototypes -Wuninitialized -Wall -Wextra -c -o merkle.o merkle.c
cc -std=c99 -I../../../common  -march=native -O3 -g3 -std=c99 -Wpedantic -Werror -Wredundant-decls -Wmissing-prototypes -Wuninitialized -Wall -Wextra -c -o pack_unpack.o pack_unpack.c
cc -std=c99 -I../../../common  -march=native -O3 -g3 -std=c99 -Wpedantic -Werror -Wredundant-decls -Wmissing-prototypes -Wuninitialized -Wall -Wextra -c -o seedtree.o seedtree.c
cc -std=c99 -I../../../common  -march=native -O3 -g3 -std=c99 -Wpedantic -Werror -Wredundant-decls -Wmissing-prototypes -Wuninitialized -Wall -Wextra -c -o sign.o sign.c
ar -r libcross-rsdp-128-balanced_avx2.a CROSS.o csprng_hash.o merkle.o pack_unpack.o seedtree.o sign.o
ar: creating libcross-rsdp-128-balanced_avx2.a
make[1]: Leaving directory '/home/marcoxps/Documents/tesi/pqc/fork_pqclean/3-tidy/PQClean/testcases/test_testvectors__QB5eF2JS/crypto_bla/scheme/impl'
mkdir -p /home/marcoxps/Documents/tesi/pqc/fork_pqclean/3-tidy/PQClean/testcases/test_testvectors__QB5eF2JS/bin
cc -O3 -Wall -Wextra -Wpedantic -Wvla -Werror -std=c99 -Wundef -Wshadow -Wcast-align -Wpointer-arith -Wmissing-prototypes -fstrict-aliasing -fno-common -pipe -I../common  -DPQCLEAN_NAMESPACE=PQCLEAN_CROSSRSDP128BALANCED_AVX2 -I/home/marcoxps/Documents/tesi/pqc/fork_pqclean/3-tidy/PQClean/testcases/test_testvectors__QB5eF2JS/crypto_bla/scheme/impl crypto_sign/testvectors.c ../common/aes.c ../common/sha2.c ../common/fips202.c ../common/nistseedexpander.c ../common/sp800-185.c ../test/common/notrandombytes.c -o /home/marcoxps/Documents/tesi/pqc/fork_pqclean/3-tidy/PQClean/testcases/test_testvectors__QB5eF2JS/bin/testvectors_cross-rsdp-128-balanced_avx2 -L/home/marcoxps/Documents/tesi/pqc/fork_pqclean/3-tidy/PQClean/testcases/test_testvectors__QB5eF2JS/crypto_bla/scheme/impl -lcross-rsdp-128-balanced_avx2

. > /home/marcoxps/Documents/tesi/pqc/fork_pqclean/3-tidy/PQClean/testcases/test_testvectors__QB5eF2JS/bin/testvectors_cross-rsdp-128-balanced_avx2
________ test_testvectors[avx2 implementation of cross-rsdpg-256-fast] _________
[gw3] linux -- Python 3.11.2 /home/marcoxps/Documents/tesi/pqc/fork_pqclean/3-tidy/.venv/bin/python

implementation = <Implementation(cross-rsdpg-256-fast, avx2)>
impl_path = '/home/marcoxps/Documents/tesi/pqc/fork_pqclean/3-tidy/PQClean/testcases/test_testvectors__bZHlu6d3/crypto_bla/scheme/impl'
test_dir = '/home/marcoxps/Documents/tesi/pqc/fork_pqclean/3-tidy/PQClean/testcases/test_testvectors__bZHlu6d3'
init = <function isolate_test_files.<locals>.initializer at 0x7f4d819ac900>
destr = <function isolate_test_files.<locals>.destructor at 0x7f4d819aca40>

    @pytest.mark.parametrize(
        'implementation,test_dir,impl_path,init,destr',
        [(impl, *helpers.isolate_test_files(impl.path(), 'test_testvectors_'))
         for sig in pqclean.Signature.all_sigs()
         for impl in sig.implementations],
        ids=[str(impl) for sig in pqclean.Signature.all_sigs()
             for impl in sig.implementations],
    )
    @helpers.filtered_test
    def test_testvectors(implementation, impl_path, test_dir, init, destr):
        if not implementation.supported_on_current_platform():
            raise unittest.SkipTest("Not supported on current platform")
        if platform.machine() == 'armv7l' and 'gcc' in os.environ.get('CC', 'gcc') and 'falcon' in implementation.scheme.name:
            raise unittest.SkipTest("this test hangs for falcon on armv7l with gcc")
        init()
        dest_dir = os.path.join(test_dir, 'bin')
        helpers.make('testvectors',
                     TYPE=implementation.scheme.type,
                     SCHEME=implementation.scheme.name,
                     SCHEME_DIR=impl_path,
                     IMPLEMENTATION=implementation.name,
                     DEST_DIR=dest_dir,
                     working_dir=os.path.join(test_dir, 'test'))
        out = helpers.run_subprocess(
            [os.path.join(dest_dir, 'testvectors_{}_{}{}'.format(
                implementation.scheme.name,
                implementation.name,
                '.exe' if os.name == 'nt' else ''
            ))],
            print_output=False,
        ).replace('\r', '')
>       assert(implementation.scheme.metadata()['testvectors-sha256'].lower()
               == hashlib.sha256(out.encode('utf-8')).hexdigest().lower())
E       AssertionError: assert 'hgf' == 'c7c2d9794c09...000dd8ea1c68f'
E         
E         - c7c2d9794c099196907ec9d1ac1c5e9156a15ef71c67e98039b000dd8ea1c68f
E         + hgf

test_testvectors.py:48: AssertionError
----------------------------- Captured stdout call -----------------------------
/home/marcoxps/Documents/tesi/pqc/fork_pqclean/3-tidy/PQClean/testcases/test_testvectors__bZHlu6d3/test > make TYPE=sign SCHEME=cross-rsdpg-256-fast SCHEME_DIR=/home/marcoxps/Documents/tesi/pqc/fork_pqclean/3-tidy/PQClean/testcases/test_testvectors__bZHlu6d3/crypto_bla/scheme/impl IMPLEMENTATION=avx2 DEST_DIR=/home/marcoxps/Documents/tesi/pqc/fork_pqclean/3-tidy/PQClean/testcases/test_testvectors__bZHlu6d3/bin testvectors
cd /home/marcoxps/Documents/tesi/pqc/fork_pqclean/3-tidy/PQClean/testcases/test_testvectors__bZHlu6d3/crypto_bla/scheme/impl && make
make[1]: Entering directory '/home/marcoxps/Documents/tesi/pqc/fork_pqclean/3-tidy/PQClean/testcases/test_testvectors__bZHlu6d3/crypto_bla/scheme/impl'
cc -std=c99 -I../../../common  -march=native -O3 -g3 -std=c99 -Wpedantic -Werror -Wredundant-decls -Wmissing-prototypes -Wuninitialized -Wall -Wextra -c -o CROSS.o CROSS.c
cc -std=c99 -I../../../common  -march=native -O3 -g3 -std=c99 -Wpedantic -Werror -Wredundant-decls -Wmissing-prototypes -Wuninitialized -Wall -Wextra -c -o csprng_hash.o csprng_hash.c
cc -std=c99 -I../../../common  -march=native -O3 -g3 -std=c99 -Wpedantic -Werror -Wredundant-decls -Wmissing-prototypes -Wuninitialized -Wall -Wextra -c -o merkle.o merkle.c
cc -std=c99 -I../../../common  -march=native -O3 -g3 -std=c99 -Wpedantic -Werror -Wredundant-decls -Wmissing-prototypes -Wuninitialized -Wall -Wextra -c -o pack_unpack.o pack_unpack.c
cc -std=c99 -I../../../common  -march=native -O3 -g3 -std=c99 -Wpedantic -Werror -Wredundant-decls -Wmissing-prototypes -Wuninitialized -Wall -Wextra -c -o seedtree.o seedtree.c
cc -std=c99 -I../../../common  -march=native -O3 -g3 -std=c99 -Wpedantic -Werror -Wredundant-decls -Wmissing-prototypes -Wuninitialized -Wall -Wextra -c -o sign.o sign.c
ar -r libcross-rsdpg-256-fast_avx2.a CROSS.o csprng_hash.o merkle.o pack_unpack.o seedtree.o sign.o
ar: creating libcross-rsdpg-256-fast_avx2.a
make[1]: Leaving directory '/home/marcoxps/Documents/tesi/pqc/fork_pqclean/3-tidy/PQClean/testcases/test_testvectors__bZHlu6d3/crypto_bla/scheme/impl'
mkdir -p /home/marcoxps/Documents/tesi/pqc/fork_pqclean/3-tidy/PQClean/testcases/test_testvectors__bZHlu6d3/bin
cc -O3 -Wall -Wextra -Wpedantic -Wvla -Werror -std=c99 -Wundef -Wshadow -Wcast-align -Wpointer-arith -Wmissing-prototypes -fstrict-aliasing -fno-common -pipe -I../common  -DPQCLEAN_NAMESPACE=PQCLEAN_CROSSRSDPG256FAST_AVX2 -I/home/marcoxps/Documents/tesi/pqc/fork_pqclean/3-tidy/PQClean/testcases/test_testvectors__bZHlu6d3/crypto_bla/scheme/impl crypto_sign/testvectors.c ../common/aes.c ../common/sha2.c ../common/fips202.c ../common/nistseedexpander.c ../common/sp800-185.c ../test/common/notrandombytes.c -o /home/marcoxps/Documents/tesi/pqc/fork_pqclean/3-tidy/PQClean/testcases/test_testvectors__bZHlu6d3/bin/testvectors_cross-rsdpg-256-fast_avx2 -L/home/marcoxps/Documents/tesi/pqc/fork_pqclean/3-tidy/PQClean/testcases/test_testvectors__bZHlu6d3/crypto_bla/scheme/impl -lcross-rsdpg-256-fast_avx2

. > /home/marcoxps/Documents/tesi/pqc/fork_pqclean/3-tidy/PQClean/testcases/test_testvectors__bZHlu6d3/bin/testvectors_cross-rsdpg-256-fast_avx2
________ test_testvectors[clean implementation of cross-rsdpg-192-fast] ________
[gw0] linux -- Python 3.11.2 /home/marcoxps/Documents/tesi/pqc/fork_pqclean/3-tidy/.venv/bin/python

implementation = <Implementation(cross-rsdpg-192-fast, clean)>
impl_path = '/home/marcoxps/Documents/tesi/pqc/fork_pqclean/3-tidy/PQClean/testcases/test_testvectors__nzxkoNpV/crypto_bla/scheme/impl'
test_dir = '/home/marcoxps/Documents/tesi/pqc/fork_pqclean/3-tidy/PQClean/testcases/test_testvectors__nzxkoNpV'
init = <function isolate_test_files.<locals>.initializer at 0x7f05bf5acae0>
destr = <function isolate_test_files.<locals>.destructor at 0x7f05bf5acc20>

    @pytest.mark.parametrize(
        'implementation,test_dir,impl_path,init,destr',
        [(impl, *helpers.isolate_test_files(impl.path(), 'test_testvectors_'))
         for sig in pqclean.Signature.all_sigs()
         for impl in sig.implementations],
        ids=[str(impl) for sig in pqclean.Signature.all_sigs()
             for impl in sig.implementations],
    )
    @helpers.filtered_test
    def test_testvectors(implementation, impl_path, test_dir, init, destr):
        if not implementation.supported_on_current_platform():
            raise unittest.SkipTest("Not supported on current platform")
        if platform.machine() == 'armv7l' and 'gcc' in os.environ.get('CC', 'gcc') and 'falcon' in implementation.scheme.name:
            raise unittest.SkipTest("this test hangs for falcon on armv7l with gcc")
        init()
        dest_dir = os.path.join(test_dir, 'bin')
        helpers.make('testvectors',
                     TYPE=implementation.scheme.type,
                     SCHEME=implementation.scheme.name,
                     SCHEME_DIR=impl_path,
                     IMPLEMENTATION=implementation.name,
                     DEST_DIR=dest_dir,
                     working_dir=os.path.join(test_dir, 'test'))
        out = helpers.run_subprocess(
            [os.path.join(dest_dir, 'testvectors_{}_{}{}'.format(
                implementation.scheme.name,
                implementation.name,
                '.exe' if os.name == 'nt' else ''
            ))],
            print_output=False,
        ).replace('\r', '')
>       assert(implementation.scheme.metadata()['testvectors-sha256'].lower()
               == hashlib.sha256(out.encode('utf-8')).hexdigest().lower())
E       AssertionError: assert 'lkj' == '7f29afbfc4a5...6610c996b6550'
E         
E         - 7f29afbfc4a5330bcbfa4eb9a5523eb932e8b53fa4a82c440976610c996b6550
E         + lkj

test_testvectors.py:48: AssertionError
----------------------------- Captured stdout call -----------------------------
/home/marcoxps/Documents/tesi/pqc/fork_pqclean/3-tidy/PQClean/testcases/test_testvectors__nzxkoNpV/test > make TYPE=sign SCHEME=cross-rsdpg-192-fast SCHEME_DIR=/home/marcoxps/Documents/tesi/pqc/fork_pqclean/3-tidy/PQClean/testcases/test_testvectors__nzxkoNpV/crypto_bla/scheme/impl IMPLEMENTATION=clean DEST_DIR=/home/marcoxps/Documents/tesi/pqc/fork_pqclean/3-tidy/PQClean/testcases/test_testvectors__nzxkoNpV/bin testvectors
cd /home/marcoxps/Documents/tesi/pqc/fork_pqclean/3-tidy/PQClean/testcases/test_testvectors__nzxkoNpV/crypto_bla/scheme/impl && make
make[1]: Entering directory '/home/marcoxps/Documents/tesi/pqc/fork_pqclean/3-tidy/PQClean/testcases/test_testvectors__nzxkoNpV/crypto_bla/scheme/impl'
cc -std=c99 -I../../../common  -march=native -O3 -g3 -std=c99 -Wpedantic -Werror -Wredundant-decls -Wmissing-prototypes -Wuninitialized -Wall -Wextra -c -o CROSS.o CROSS.c
cc -std=c99 -I../../../common  -march=native -O3 -g3 -std=c99 -Wpedantic -Werror -Wredundant-decls -Wmissing-prototypes -Wuninitialized -Wall -Wextra -c -o csprng_hash.o csprng_hash.c
cc -std=c99 -I../../../common  -march=native -O3 -g3 -std=c99 -Wpedantic -Werror -Wredundant-decls -Wmissing-prototypes -Wuninitialized -Wall -Wextra -c -o merkle.o merkle.c
cc -std=c99 -I../../../common  -march=native -O3 -g3 -std=c99 -Wpedantic -Werror -Wredundant-decls -Wmissing-prototypes -Wuninitialized -Wall -Wextra -c -o pack_unpack.o pack_unpack.c
cc -std=c99 -I../../../common  -march=native -O3 -g3 -std=c99 -Wpedantic -Werror -Wredundant-decls -Wmissing-prototypes -Wuninitialized -Wall -Wextra -c -o seedtree.o seedtree.c
cc -std=c99 -I../../../common  -march=native -O3 -g3 -std=c99 -Wpedantic -Werror -Wredundant-decls -Wmissing-prototypes -Wuninitialized -Wall -Wextra -c -o sign.o sign.c
ar -r libcross-rsdpg-192-fast_clean.a CROSS.o csprng_hash.o merkle.o pack_unpack.o seedtree.o sign.o
ar: creating libcross-rsdpg-192-fast_clean.a
make[1]: Leaving directory '/home/marcoxps/Documents/tesi/pqc/fork_pqclean/3-tidy/PQClean/testcases/test_testvectors__nzxkoNpV/crypto_bla/scheme/impl'
mkdir -p /home/marcoxps/Documents/tesi/pqc/fork_pqclean/3-tidy/PQClean/testcases/test_testvectors__nzxkoNpV/bin
cc -O3 -Wall -Wextra -Wpedantic -Wvla -Werror -std=c99 -Wundef -Wshadow -Wcast-align -Wpointer-arith -Wmissing-prototypes -fstrict-aliasing -fno-common -pipe -I../common  -DPQCLEAN_NAMESPACE=PQCLEAN_CROSSRSDPG192FAST_CLEAN -I/home/marcoxps/Documents/tesi/pqc/fork_pqclean/3-tidy/PQClean/testcases/test_testvectors__nzxkoNpV/crypto_bla/scheme/impl crypto_sign/testvectors.c ../common/aes.c ../common/sha2.c ../common/fips202.c ../common/nistseedexpander.c ../common/sp800-185.c ../test/common/notrandombytes.c -o /home/marcoxps/Documents/tesi/pqc/fork_pqclean/3-tidy/PQClean/testcases/test_testvectors__nzxkoNpV/bin/testvectors_cross-rsdpg-192-fast_clean -L/home/marcoxps/Documents/tesi/pqc/fork_pqclean/3-tidy/PQClean/testcases/test_testvectors__nzxkoNpV/crypto_bla/scheme/impl -lcross-rsdpg-192-fast_clean

. > /home/marcoxps/Documents/tesi/pqc/fork_pqclean/3-tidy/PQClean/testcases/test_testvectors__nzxkoNpV/bin/testvectors_cross-rsdpg-192-fast_clean
______ test_testvectors[clean implementation of cross-rsdp-192-balanced] _______
[gw2] linux -- Python 3.11.2 /home/marcoxps/Documents/tesi/pqc/fork_pqclean/3-tidy/.venv/bin/python

implementation = <Implementation(cross-rsdp-192-balanced, clean)>
impl_path = '/home/marcoxps/Documents/tesi/pqc/fork_pqclean/3-tidy/PQClean/testcases/test_testvectors__OpsbY6wp/crypto_bla/scheme/impl'
test_dir = '/home/marcoxps/Documents/tesi/pqc/fork_pqclean/3-tidy/PQClean/testcases/test_testvectors__OpsbY6wp'
init = <function isolate_test_files.<locals>.initializer at 0x7f6b5ab14ea0>
destr = <function isolate_test_files.<locals>.destructor at 0x7f6b5ab14fe0>

    @pytest.mark.parametrize(
        'implementation,test_dir,impl_path,init,destr',
        [(impl, *helpers.isolate_test_files(impl.path(), 'test_testvectors_'))
         for sig in pqclean.Signature.all_sigs()
         for impl in sig.implementations],
        ids=[str(impl) for sig in pqclean.Signature.all_sigs()
             for impl in sig.implementations],
    )
    @helpers.filtered_test
    def test_testvectors(implementation, impl_path, test_dir, init, destr):
        if not implementation.supported_on_current_platform():
            raise unittest.SkipTest("Not supported on current platform")
        if platform.machine() == 'armv7l' and 'gcc' in os.environ.get('CC', 'gcc') and 'falcon' in implementation.scheme.name:
            raise unittest.SkipTest("this test hangs for falcon on armv7l with gcc")
        init()
        dest_dir = os.path.join(test_dir, 'bin')
        helpers.make('testvectors',
                     TYPE=implementation.scheme.type,
                     SCHEME=implementation.scheme.name,
                     SCHEME_DIR=impl_path,
                     IMPLEMENTATION=implementation.name,
                     DEST_DIR=dest_dir,
                     working_dir=os.path.join(test_dir, 'test'))
        out = helpers.run_subprocess(
            [os.path.join(dest_dir, 'testvectors_{}_{}{}'.format(
                implementation.scheme.name,
                implementation.name,
                '.exe' if os.name == 'nt' else ''
            ))],
            print_output=False,
        ).replace('\r', '')
>       assert(implementation.scheme.metadata()['testvectors-sha256'].lower()
               == hashlib.sha256(out.encode('utf-8')).hexdigest().lower())
E       AssertionError: assert 'dfg' == '5c191a0c56d1...ca20a38b6b418'
E         
E         - 5c191a0c56d1fa3182ccc54137dc74d38f9e09873553f20073bca20a38b6b418
E         + dfg

test_testvectors.py:48: AssertionError
----------------------------- Captured stdout call -----------------------------
/home/marcoxps/Documents/tesi/pqc/fork_pqclean/3-tidy/PQClean/testcases/test_testvectors__OpsbY6wp/test > make TYPE=sign SCHEME=cross-rsdp-192-balanced SCHEME_DIR=/home/marcoxps/Documents/tesi/pqc/fork_pqclean/3-tidy/PQClean/testcases/test_testvectors__OpsbY6wp/crypto_bla/scheme/impl IMPLEMENTATION=clean DEST_DIR=/home/marcoxps/Documents/tesi/pqc/fork_pqclean/3-tidy/PQClean/testcases/test_testvectors__OpsbY6wp/bin testvectors
cd /home/marcoxps/Documents/tesi/pqc/fork_pqclean/3-tidy/PQClean/testcases/test_testvectors__OpsbY6wp/crypto_bla/scheme/impl && make
make[1]: Entering directory '/home/marcoxps/Documents/tesi/pqc/fork_pqclean/3-tidy/PQClean/testcases/test_testvectors__OpsbY6wp/crypto_bla/scheme/impl'
cc -std=c99 -I../../../common  -march=native -O3 -g3 -std=c99 -Wpedantic -Werror -Wredundant-decls -Wmissing-prototypes -Wuninitialized -Wall -Wextra -c -o CROSS.o CROSS.c
cc -std=c99 -I../../../common  -march=native -O3 -g3 -std=c99 -Wpedantic -Werror -Wredundant-decls -Wmissing-prototypes -Wuninitialized -Wall -Wextra -c -o csprng_hash.o csprng_hash.c
cc -std=c99 -I../../../common  -march=native -O3 -g3 -std=c99 -Wpedantic -Werror -Wredundant-decls -Wmissing-prototypes -Wuninitialized -Wall -Wextra -c -o merkle.o merkle.c
cc -std=c99 -I../../../common  -march=native -O3 -g3 -std=c99 -Wpedantic -Werror -Wredundant-decls -Wmissing-prototypes -Wuninitialized -Wall -Wextra -c -o pack_unpack.o pack_unpack.c
cc -std=c99 -I../../../common  -march=native -O3 -g3 -std=c99 -Wpedantic -Werror -Wredundant-decls -Wmissing-prototypes -Wuninitialized -Wall -Wextra -c -o seedtree.o seedtree.c
cc -std=c99 -I../../../common  -march=native -O3 -g3 -std=c99 -Wpedantic -Werror -Wredundant-decls -Wmissing-prototypes -Wuninitialized -Wall -Wextra -c -o sign.o sign.c
ar -r libcross-rsdp-192-balanced_clean.a CROSS.o csprng_hash.o merkle.o pack_unpack.o seedtree.o sign.o
ar: creating libcross-rsdp-192-balanced_clean.a
make[1]: Leaving directory '/home/marcoxps/Documents/tesi/pqc/fork_pqclean/3-tidy/PQClean/testcases/test_testvectors__OpsbY6wp/crypto_bla/scheme/impl'
mkdir -p /home/marcoxps/Documents/tesi/pqc/fork_pqclean/3-tidy/PQClean/testcases/test_testvectors__OpsbY6wp/bin
cc -O3 -Wall -Wextra -Wpedantic -Wvla -Werror -std=c99 -Wundef -Wshadow -Wcast-align -Wpointer-arith -Wmissing-prototypes -fstrict-aliasing -fno-common -pipe -I../common  -DPQCLEAN_NAMESPACE=PQCLEAN_CROSSRSDP192BALANCED_CLEAN -I/home/marcoxps/Documents/tesi/pqc/fork_pqclean/3-tidy/PQClean/testcases/test_testvectors__OpsbY6wp/crypto_bla/scheme/impl crypto_sign/testvectors.c ../common/aes.c ../common/sha2.c ../common/fips202.c ../common/nistseedexpander.c ../common/sp800-185.c ../test/common/notrandombytes.c -o /home/marcoxps/Documents/tesi/pqc/fork_pqclean/3-tidy/PQClean/testcases/test_testvectors__OpsbY6wp/bin/testvectors_cross-rsdp-192-balanced_clean -L/home/marcoxps/Documents/tesi/pqc/fork_pqclean/3-tidy/PQClean/testcases/test_testvectors__OpsbY6wp/crypto_bla/scheme/impl -lcross-rsdp-192-balanced_clean

. > /home/marcoxps/Documents/tesi/pqc/fork_pqclean/3-tidy/PQClean/testcases/test_testvectors__OpsbY6wp/bin/testvectors_cross-rsdp-192-balanced_clean
________ test_testvectors[avx2 implementation of cross-rsdpg-192-fast] _________
[gw1] linux -- Python 3.11.2 /home/marcoxps/Documents/tesi/pqc/fork_pqclean/3-tidy/.venv/bin/python

implementation = <Implementation(cross-rsdpg-192-fast, avx2)>
impl_path = '/home/marcoxps/Documents/tesi/pqc/fork_pqclean/3-tidy/PQClean/testcases/test_testvectors__qVSZJrXI/crypto_bla/scheme/impl'
test_dir = '/home/marcoxps/Documents/tesi/pqc/fork_pqclean/3-tidy/PQClean/testcases/test_testvectors__qVSZJrXI'
init = <function isolate_test_files.<locals>.initializer at 0x7fdd7be64cc0>
destr = <function isolate_test_files.<locals>.destructor at 0x7fdd7be64e00>

    @pytest.mark.parametrize(
        'implementation,test_dir,impl_path,init,destr',
        [(impl, *helpers.isolate_test_files(impl.path(), 'test_testvectors_'))
         for sig in pqclean.Signature.all_sigs()
         for impl in sig.implementations],
        ids=[str(impl) for sig in pqclean.Signature.all_sigs()
             for impl in sig.implementations],
    )
    @helpers.filtered_test
    def test_testvectors(implementation, impl_path, test_dir, init, destr):
        if not implementation.supported_on_current_platform():
            raise unittest.SkipTest("Not supported on current platform")
        if platform.machine() == 'armv7l' and 'gcc' in os.environ.get('CC', 'gcc') and 'falcon' in implementation.scheme.name:
            raise unittest.SkipTest("this test hangs for falcon on armv7l with gcc")
        init()
        dest_dir = os.path.join(test_dir, 'bin')
        helpers.make('testvectors',
                     TYPE=implementation.scheme.type,
                     SCHEME=implementation.scheme.name,
                     SCHEME_DIR=impl_path,
                     IMPLEMENTATION=implementation.name,
                     DEST_DIR=dest_dir,
                     working_dir=os.path.join(test_dir, 'test'))
        out = helpers.run_subprocess(
            [os.path.join(dest_dir, 'testvectors_{}_{}{}'.format(
                implementation.scheme.name,
                implementation.name,
                '.exe' if os.name == 'nt' else ''
            ))],
            print_output=False,
        ).replace('\r', '')
>       assert(implementation.scheme.metadata()['testvectors-sha256'].lower()
               == hashlib.sha256(out.encode('utf-8')).hexdigest().lower())
E       AssertionError: assert 'lkj' == '7f29afbfc4a5...6610c996b6550'
E         
E         - 7f29afbfc4a5330bcbfa4eb9a5523eb932e8b53fa4a82c440976610c996b6550
E         + lkj

test_testvectors.py:48: AssertionError
----------------------------- Captured stdout call -----------------------------
/home/marcoxps/Documents/tesi/pqc/fork_pqclean/3-tidy/PQClean/testcases/test_testvectors__qVSZJrXI/test > make TYPE=sign SCHEME=cross-rsdpg-192-fast SCHEME_DIR=/home/marcoxps/Documents/tesi/pqc/fork_pqclean/3-tidy/PQClean/testcases/test_testvectors__qVSZJrXI/crypto_bla/scheme/impl IMPLEMENTATION=avx2 DEST_DIR=/home/marcoxps/Documents/tesi/pqc/fork_pqclean/3-tidy/PQClean/testcases/test_testvectors__qVSZJrXI/bin testvectors
cd /home/marcoxps/Documents/tesi/pqc/fork_pqclean/3-tidy/PQClean/testcases/test_testvectors__qVSZJrXI/crypto_bla/scheme/impl && make
make[1]: Entering directory '/home/marcoxps/Documents/tesi/pqc/fork_pqclean/3-tidy/PQClean/testcases/test_testvectors__qVSZJrXI/crypto_bla/scheme/impl'
cc -std=c99 -I../../../common  -march=native -O3 -g3 -std=c99 -Wpedantic -Werror -Wredundant-decls -Wmissing-prototypes -Wuninitialized -Wall -Wextra -c -o CROSS.o CROSS.c
cc -std=c99 -I../../../common  -march=native -O3 -g3 -std=c99 -Wpedantic -Werror -Wredundant-decls -Wmissing-prototypes -Wuninitialized -Wall -Wextra -c -o csprng_hash.o csprng_hash.c
cc -std=c99 -I../../../common  -march=native -O3 -g3 -std=c99 -Wpedantic -Werror -Wredundant-decls -Wmissing-prototypes -Wuninitialized -Wall -Wextra -c -o merkle.o merkle.c
cc -std=c99 -I../../../common  -march=native -O3 -g3 -std=c99 -Wpedantic -Werror -Wredundant-decls -Wmissing-prototypes -Wuninitialized -Wall -Wextra -c -o pack_unpack.o pack_unpack.c
cc -std=c99 -I../../../common  -march=native -O3 -g3 -std=c99 -Wpedantic -Werror -Wredundant-decls -Wmissing-prototypes -Wuninitialized -Wall -Wextra -c -o seedtree.o seedtree.c
cc -std=c99 -I../../../common  -march=native -O3 -g3 -std=c99 -Wpedantic -Werror -Wredundant-decls -Wmissing-prototypes -Wuninitialized -Wall -Wextra -c -o sign.o sign.c
ar -r libcross-rsdpg-192-fast_avx2.a CROSS.o csprng_hash.o merkle.o pack_unpack.o seedtree.o sign.o
ar: creating libcross-rsdpg-192-fast_avx2.a
make[1]: Leaving directory '/home/marcoxps/Documents/tesi/pqc/fork_pqclean/3-tidy/PQClean/testcases/test_testvectors__qVSZJrXI/crypto_bla/scheme/impl'
mkdir -p /home/marcoxps/Documents/tesi/pqc/fork_pqclean/3-tidy/PQClean/testcases/test_testvectors__qVSZJrXI/bin
cc -O3 -Wall -Wextra -Wpedantic -Wvla -Werror -std=c99 -Wundef -Wshadow -Wcast-align -Wpointer-arith -Wmissing-prototypes -fstrict-aliasing -fno-common -pipe -I../common  -DPQCLEAN_NAMESPACE=PQCLEAN_CROSSRSDPG192FAST_AVX2 -I/home/marcoxps/Documents/tesi/pqc/fork_pqclean/3-tidy/PQClean/testcases/test_testvectors__qVSZJrXI/crypto_bla/scheme/impl crypto_sign/testvectors.c ../common/aes.c ../common/sha2.c ../common/fips202.c ../common/nistseedexpander.c ../common/sp800-185.c ../test/common/notrandombytes.c -o /home/marcoxps/Documents/tesi/pqc/fork_pqclean/3-tidy/PQClean/testcases/test_testvectors__qVSZJrXI/bin/testvectors_cross-rsdpg-192-fast_avx2 -L/home/marcoxps/Documents/tesi/pqc/fork_pqclean/3-tidy/PQClean/testcases/test_testvectors__qVSZJrXI/crypto_bla/scheme/impl -lcross-rsdpg-192-fast_avx2

. > /home/marcoxps/Documents/tesi/pqc/fork_pqclean/3-tidy/PQClean/testcases/test_testvectors__qVSZJrXI/bin/testvectors_cross-rsdpg-192-fast_avx2
_______ test_testvectors[avx2 implementation of cross-rsdp-192-balanced] _______
[gw3] linux -- Python 3.11.2 /home/marcoxps/Documents/tesi/pqc/fork_pqclean/3-tidy/.venv/bin/python

implementation = <Implementation(cross-rsdp-192-balanced, avx2)>
impl_path = '/home/marcoxps/Documents/tesi/pqc/fork_pqclean/3-tidy/PQClean/testcases/test_testvectors__Xpr4xndR/crypto_bla/scheme/impl'
test_dir = '/home/marcoxps/Documents/tesi/pqc/fork_pqclean/3-tidy/PQClean/testcases/test_testvectors__Xpr4xndR'
init = <function isolate_test_files.<locals>.initializer at 0x7f4d819ad080>
destr = <function isolate_test_files.<locals>.destructor at 0x7f4d819ad1c0>

    @pytest.mark.parametrize(
        'implementation,test_dir,impl_path,init,destr',
        [(impl, *helpers.isolate_test_files(impl.path(), 'test_testvectors_'))
         for sig in pqclean.Signature.all_sigs()
         for impl in sig.implementations],
        ids=[str(impl) for sig in pqclean.Signature.all_sigs()
             for impl in sig.implementations],
    )
    @helpers.filtered_test
    def test_testvectors(implementation, impl_path, test_dir, init, destr):
        if not implementation.supported_on_current_platform():
            raise unittest.SkipTest("Not supported on current platform")
        if platform.machine() == 'armv7l' and 'gcc' in os.environ.get('CC', 'gcc') and 'falcon' in implementation.scheme.name:
            raise unittest.SkipTest("this test hangs for falcon on armv7l with gcc")
        init()
        dest_dir = os.path.join(test_dir, 'bin')
        helpers.make('testvectors',
                     TYPE=implementation.scheme.type,
                     SCHEME=implementation.scheme.name,
                     SCHEME_DIR=impl_path,
                     IMPLEMENTATION=implementation.name,
                     DEST_DIR=dest_dir,
                     working_dir=os.path.join(test_dir, 'test'))
        out = helpers.run_subprocess(
            [os.path.join(dest_dir, 'testvectors_{}_{}{}'.format(
                implementation.scheme.name,
                implementation.name,
                '.exe' if os.name == 'nt' else ''
            ))],
            print_output=False,
        ).replace('\r', '')
>       assert(implementation.scheme.metadata()['testvectors-sha256'].lower()
               == hashlib.sha256(out.encode('utf-8')).hexdigest().lower())
E       AssertionError: assert 'dfg' == '5c191a0c56d1...ca20a38b6b418'
E         
E         - 5c191a0c56d1fa3182ccc54137dc74d38f9e09873553f20073bca20a38b6b418
E         + dfg

test_testvectors.py:48: AssertionError
----------------------------- Captured stdout call -----------------------------
/home/marcoxps/Documents/tesi/pqc/fork_pqclean/3-tidy/PQClean/testcases/test_testvectors__Xpr4xndR/test > make TYPE=sign SCHEME=cross-rsdp-192-balanced SCHEME_DIR=/home/marcoxps/Documents/tesi/pqc/fork_pqclean/3-tidy/PQClean/testcases/test_testvectors__Xpr4xndR/crypto_bla/scheme/impl IMPLEMENTATION=avx2 DEST_DIR=/home/marcoxps/Documents/tesi/pqc/fork_pqclean/3-tidy/PQClean/testcases/test_testvectors__Xpr4xndR/bin testvectors
cd /home/marcoxps/Documents/tesi/pqc/fork_pqclean/3-tidy/PQClean/testcases/test_testvectors__Xpr4xndR/crypto_bla/scheme/impl && make
make[1]: Entering directory '/home/marcoxps/Documents/tesi/pqc/fork_pqclean/3-tidy/PQClean/testcases/test_testvectors__Xpr4xndR/crypto_bla/scheme/impl'
cc -std=c99 -I../../../common  -march=native -O3 -g3 -std=c99 -Wpedantic -Werror -Wredundant-decls -Wmissing-prototypes -Wuninitialized -Wall -Wextra -c -o CROSS.o CROSS.c
cc -std=c99 -I../../../common  -march=native -O3 -g3 -std=c99 -Wpedantic -Werror -Wredundant-decls -Wmissing-prototypes -Wuninitialized -Wall -Wextra -c -o csprng_hash.o csprng_hash.c
cc -std=c99 -I../../../common  -march=native -O3 -g3 -std=c99 -Wpedantic -Werror -Wredundant-decls -Wmissing-prototypes -Wuninitialized -Wall -Wextra -c -o merkle.o merkle.c
cc -std=c99 -I../../../common  -march=native -O3 -g3 -std=c99 -Wpedantic -Werror -Wredundant-decls -Wmissing-prototypes -Wuninitialized -Wall -Wextra -c -o pack_unpack.o pack_unpack.c
cc -std=c99 -I../../../common  -march=native -O3 -g3 -std=c99 -Wpedantic -Werror -Wredundant-decls -Wmissing-prototypes -Wuninitialized -Wall -Wextra -c -o seedtree.o seedtree.c
cc -std=c99 -I../../../common  -march=native -O3 -g3 -std=c99 -Wpedantic -Werror -Wredundant-decls -Wmissing-prototypes -Wuninitialized -Wall -Wextra -c -o sign.o sign.c
ar -r libcross-rsdp-192-balanced_avx2.a CROSS.o csprng_hash.o merkle.o pack_unpack.o seedtree.o sign.o
ar: creating libcross-rsdp-192-balanced_avx2.a
make[1]: Leaving directory '/home/marcoxps/Documents/tesi/pqc/fork_pqclean/3-tidy/PQClean/testcases/test_testvectors__Xpr4xndR/crypto_bla/scheme/impl'
mkdir -p /home/marcoxps/Documents/tesi/pqc/fork_pqclean/3-tidy/PQClean/testcases/test_testvectors__Xpr4xndR/bin
cc -O3 -Wall -Wextra -Wpedantic -Wvla -Werror -std=c99 -Wundef -Wshadow -Wcast-align -Wpointer-arith -Wmissing-prototypes -fstrict-aliasing -fno-common -pipe -I../common  -DPQCLEAN_NAMESPACE=PQCLEAN_CROSSRSDP192BALANCED_AVX2 -I/home/marcoxps/Documents/tesi/pqc/fork_pqclean/3-tidy/PQClean/testcases/test_testvectors__Xpr4xndR/crypto_bla/scheme/impl crypto_sign/testvectors.c ../common/aes.c ../common/sha2.c ../common/fips202.c ../common/nistseedexpander.c ../common/sp800-185.c ../test/common/notrandombytes.c -o /home/marcoxps/Documents/tesi/pqc/fork_pqclean/3-tidy/PQClean/testcases/test_testvectors__Xpr4xndR/bin/testvectors_cross-rsdp-192-balanced_avx2 -L/home/marcoxps/Documents/tesi/pqc/fork_pqclean/3-tidy/PQClean/testcases/test_testvectors__Xpr4xndR/crypto_bla/scheme/impl -lcross-rsdp-192-balanced_avx2

. > /home/marcoxps/Documents/tesi/pqc/fork_pqclean/3-tidy/PQClean/testcases/test_testvectors__Xpr4xndR/bin/testvectors_cross-rsdp-192-balanced_avx2
________ test_testvectors[clean implementation of cross-rsdpg-128-fast] ________
[gw0] linux -- Python 3.11.2 /home/marcoxps/Documents/tesi/pqc/fork_pqclean/3-tidy/.venv/bin/python

implementation = <Implementation(cross-rsdpg-128-fast, clean)>
impl_path = '/home/marcoxps/Documents/tesi/pqc/fork_pqclean/3-tidy/PQClean/testcases/test_testvectors__yN3xIv_P/crypto_bla/scheme/impl'
test_dir = '/home/marcoxps/Documents/tesi/pqc/fork_pqclean/3-tidy/PQClean/testcases/test_testvectors__yN3xIv_P'
init = <function isolate_test_files.<locals>.initializer at 0x7f05bf5ad620>
destr = <function isolate_test_files.<locals>.destructor at 0x7f05bf5ad760>

    @pytest.mark.parametrize(
        'implementation,test_dir,impl_path,init,destr',
        [(impl, *helpers.isolate_test_files(impl.path(), 'test_testvectors_'))
         for sig in pqclean.Signature.all_sigs()
         for impl in sig.implementations],
        ids=[str(impl) for sig in pqclean.Signature.all_sigs()
             for impl in sig.implementations],
    )
    @helpers.filtered_test
    def test_testvectors(implementation, impl_path, test_dir, init, destr):
        if not implementation.supported_on_current_platform():
            raise unittest.SkipTest("Not supported on current platform")
        if platform.machine() == 'armv7l' and 'gcc' in os.environ.get('CC', 'gcc') and 'falcon' in implementation.scheme.name:
            raise unittest.SkipTest("this test hangs for falcon on armv7l with gcc")
        init()
        dest_dir = os.path.join(test_dir, 'bin')
        helpers.make('testvectors',
                     TYPE=implementation.scheme.type,
                     SCHEME=implementation.scheme.name,
                     SCHEME_DIR=impl_path,
                     IMPLEMENTATION=implementation.name,
                     DEST_DIR=dest_dir,
                     working_dir=os.path.join(test_dir, 'test'))
        out = helpers.run_subprocess(
            [os.path.join(dest_dir, 'testvectors_{}_{}{}'.format(
                implementation.scheme.name,
                implementation.name,
                '.exe' if os.name == 'nt' else ''
            ))],
            print_output=False,
        ).replace('\r', '')
>       assert(implementation.scheme.metadata()['testvectors-sha256'].lower()
               == hashlib.sha256(out.encode('utf-8')).hexdigest().lower())
E       AssertionError: assert 'cxz' == '8407395587af...ec00046c4f21a'
E         
E         - 8407395587af8ba91df66fa4e5e3ae4794fe93fd72ad25f6fb3ec00046c4f21a
E         + cxz

test_testvectors.py:48: AssertionError
----------------------------- Captured stdout call -----------------------------
/home/marcoxps/Documents/tesi/pqc/fork_pqclean/3-tidy/PQClean/testcases/test_testvectors__yN3xIv_P/test > make TYPE=sign SCHEME=cross-rsdpg-128-fast SCHEME_DIR=/home/marcoxps/Documents/tesi/pqc/fork_pqclean/3-tidy/PQClean/testcases/test_testvectors__yN3xIv_P/crypto_bla/scheme/impl IMPLEMENTATION=clean DEST_DIR=/home/marcoxps/Documents/tesi/pqc/fork_pqclean/3-tidy/PQClean/testcases/test_testvectors__yN3xIv_P/bin testvectors
cd /home/marcoxps/Documents/tesi/pqc/fork_pqclean/3-tidy/PQClean/testcases/test_testvectors__yN3xIv_P/crypto_bla/scheme/impl && make
make[1]: Entering directory '/home/marcoxps/Documents/tesi/pqc/fork_pqclean/3-tidy/PQClean/testcases/test_testvectors__yN3xIv_P/crypto_bla/scheme/impl'
cc -std=c99 -I../../../common  -march=native -O3 -g3 -std=c99 -Wpedantic -Werror -Wredundant-decls -Wmissing-prototypes -Wuninitialized -Wall -Wextra -c -o CROSS.o CROSS.c
cc -std=c99 -I../../../common  -march=native -O3 -g3 -std=c99 -Wpedantic -Werror -Wredundant-decls -Wmissing-prototypes -Wuninitialized -Wall -Wextra -c -o csprng_hash.o csprng_hash.c
cc -std=c99 -I../../../common  -march=native -O3 -g3 -std=c99 -Wpedantic -Werror -Wredundant-decls -Wmissing-prototypes -Wuninitialized -Wall -Wextra -c -o merkle.o merkle.c
cc -std=c99 -I../../../common  -march=native -O3 -g3 -std=c99 -Wpedantic -Werror -Wredundant-decls -Wmissing-prototypes -Wuninitialized -Wall -Wextra -c -o pack_unpack.o pack_unpack.c
cc -std=c99 -I../../../common  -march=native -O3 -g3 -std=c99 -Wpedantic -Werror -Wredundant-decls -Wmissing-prototypes -Wuninitialized -Wall -Wextra -c -o seedtree.o seedtree.c
cc -std=c99 -I../../../common  -march=native -O3 -g3 -std=c99 -Wpedantic -Werror -Wredundant-decls -Wmissing-prototypes -Wuninitialized -Wall -Wextra -c -o sign.o sign.c
ar -r libcross-rsdpg-128-fast_clean.a CROSS.o csprng_hash.o merkle.o pack_unpack.o seedtree.o sign.o
ar: creating libcross-rsdpg-128-fast_clean.a
make[1]: Leaving directory '/home/marcoxps/Documents/tesi/pqc/fork_pqclean/3-tidy/PQClean/testcases/test_testvectors__yN3xIv_P/crypto_bla/scheme/impl'
mkdir -p /home/marcoxps/Documents/tesi/pqc/fork_pqclean/3-tidy/PQClean/testcases/test_testvectors__yN3xIv_P/bin
cc -O3 -Wall -Wextra -Wpedantic -Wvla -Werror -std=c99 -Wundef -Wshadow -Wcast-align -Wpointer-arith -Wmissing-prototypes -fstrict-aliasing -fno-common -pipe -I../common  -DPQCLEAN_NAMESPACE=PQCLEAN_CROSSRSDPG128FAST_CLEAN -I/home/marcoxps/Documents/tesi/pqc/fork_pqclean/3-tidy/PQClean/testcases/test_testvectors__yN3xIv_P/crypto_bla/scheme/impl crypto_sign/testvectors.c ../common/aes.c ../common/sha2.c ../common/fips202.c ../common/nistseedexpander.c ../common/sp800-185.c ../test/common/notrandombytes.c -o /home/marcoxps/Documents/tesi/pqc/fork_pqclean/3-tidy/PQClean/testcases/test_testvectors__yN3xIv_P/bin/testvectors_cross-rsdpg-128-fast_clean -L/home/marcoxps/Documents/tesi/pqc/fork_pqclean/3-tidy/PQClean/testcases/test_testvectors__yN3xIv_P/crypto_bla/scheme/impl -lcross-rsdpg-128-fast_clean

. > /home/marcoxps/Documents/tesi/pqc/fork_pqclean/3-tidy/PQClean/testcases/test_testvectors__yN3xIv_P/bin/testvectors_cross-rsdpg-128-fast_clean
_______ test_testvectors[clean implementation of cross-rsdpg-128-small] ________
[gw1] linux -- Python 3.11.2 /home/marcoxps/Documents/tesi/pqc/fork_pqclean/3-tidy/.venv/bin/python

implementation = <Implementation(cross-rsdpg-128-small, clean)>
impl_path = '/home/marcoxps/Documents/tesi/pqc/fork_pqclean/3-tidy/PQClean/testcases/test_testvectors__ZpjNFEU8/crypto_bla/scheme/impl'
test_dir = '/home/marcoxps/Documents/tesi/pqc/fork_pqclean/3-tidy/PQClean/testcases/test_testvectors__ZpjNFEU8'
init = <function isolate_test_files.<locals>.initializer at 0x7fdd7be65260>
destr = <function isolate_test_files.<locals>.destructor at 0x7fdd7be653a0>

    @pytest.mark.parametrize(
        'implementation,test_dir,impl_path,init,destr',
        [(impl, *helpers.isolate_test_files(impl.path(), 'test_testvectors_'))
         for sig in pqclean.Signature.all_sigs()
         for impl in sig.implementations],
        ids=[str(impl) for sig in pqclean.Signature.all_sigs()
             for impl in sig.implementations],
    )
    @helpers.filtered_test
    def test_testvectors(implementation, impl_path, test_dir, init, destr):
        if not implementation.supported_on_current_platform():
            raise unittest.SkipTest("Not supported on current platform")
        if platform.machine() == 'armv7l' and 'gcc' in os.environ.get('CC', 'gcc') and 'falcon' in implementation.scheme.name:
            raise unittest.SkipTest("this test hangs for falcon on armv7l with gcc")
        init()
        dest_dir = os.path.join(test_dir, 'bin')
        helpers.make('testvectors',
                     TYPE=implementation.scheme.type,
                     SCHEME=implementation.scheme.name,
                     SCHEME_DIR=impl_path,
                     IMPLEMENTATION=implementation.name,
                     DEST_DIR=dest_dir,
                     working_dir=os.path.join(test_dir, 'test'))
        out = helpers.run_subprocess(
            [os.path.join(dest_dir, 'testvectors_{}_{}{}'.format(
                implementation.scheme.name,
                implementation.name,
                '.exe' if os.name == 'nt' else ''
            ))],
            print_output=False,
        ).replace('\r', '')
>       assert(implementation.scheme.metadata()['testvectors-sha256'].lower()
               == hashlib.sha256(out.encode('utf-8')).hexdigest().lower())
E       AssertionError: assert 'xzl' == 'daf94941faec...9db6ae666bba7'
E         
E         - daf94941faec14e95b2ace658fea3b7542ea6291f384f861cb09db6ae666bba7
E         + xzl

test_testvectors.py:48: AssertionError
----------------------------- Captured stdout call -----------------------------
/home/marcoxps/Documents/tesi/pqc/fork_pqclean/3-tidy/PQClean/testcases/test_testvectors__ZpjNFEU8/test > make TYPE=sign SCHEME=cross-rsdpg-128-small SCHEME_DIR=/home/marcoxps/Documents/tesi/pqc/fork_pqclean/3-tidy/PQClean/testcases/test_testvectors__ZpjNFEU8/crypto_bla/scheme/impl IMPLEMENTATION=clean DEST_DIR=/home/marcoxps/Documents/tesi/pqc/fork_pqclean/3-tidy/PQClean/testcases/test_testvectors__ZpjNFEU8/bin testvectors
cd /home/marcoxps/Documents/tesi/pqc/fork_pqclean/3-tidy/PQClean/testcases/test_testvectors__ZpjNFEU8/crypto_bla/scheme/impl && make
make[1]: Entering directory '/home/marcoxps/Documents/tesi/pqc/fork_pqclean/3-tidy/PQClean/testcases/test_testvectors__ZpjNFEU8/crypto_bla/scheme/impl'
cc -std=c99 -I../../../common  -march=native -O3 -g3 -std=c99 -Wpedantic -Werror -Wredundant-decls -Wmissing-prototypes -Wuninitialized -Wall -Wextra -c -o CROSS.o CROSS.c
cc -std=c99 -I../../../common  -march=native -O3 -g3 -std=c99 -Wpedantic -Werror -Wredundant-decls -Wmissing-prototypes -Wuninitialized -Wall -Wextra -c -o csprng_hash.o csprng_hash.c
cc -std=c99 -I../../../common  -march=native -O3 -g3 -std=c99 -Wpedantic -Werror -Wredundant-decls -Wmissing-prototypes -Wuninitialized -Wall -Wextra -c -o merkle.o merkle.c
cc -std=c99 -I../../../common  -march=native -O3 -g3 -std=c99 -Wpedantic -Werror -Wredundant-decls -Wmissing-prototypes -Wuninitialized -Wall -Wextra -c -o pack_unpack.o pack_unpack.c
cc -std=c99 -I../../../common  -march=native -O3 -g3 -std=c99 -Wpedantic -Werror -Wredundant-decls -Wmissing-prototypes -Wuninitialized -Wall -Wextra -c -o seedtree.o seedtree.c
cc -std=c99 -I../../../common  -march=native -O3 -g3 -std=c99 -Wpedantic -Werror -Wredundant-decls -Wmissing-prototypes -Wuninitialized -Wall -Wextra -c -o sign.o sign.c
ar -r libcross-rsdpg-128-small_clean.a CROSS.o csprng_hash.o merkle.o pack_unpack.o seedtree.o sign.o
ar: creating libcross-rsdpg-128-small_clean.a
make[1]: Leaving directory '/home/marcoxps/Documents/tesi/pqc/fork_pqclean/3-tidy/PQClean/testcases/test_testvectors__ZpjNFEU8/crypto_bla/scheme/impl'
mkdir -p /home/marcoxps/Documents/tesi/pqc/fork_pqclean/3-tidy/PQClean/testcases/test_testvectors__ZpjNFEU8/bin
cc -O3 -Wall -Wextra -Wpedantic -Wvla -Werror -std=c99 -Wundef -Wshadow -Wcast-align -Wpointer-arith -Wmissing-prototypes -fstrict-aliasing -fno-common -pipe -I../common  -DPQCLEAN_NAMESPACE=PQCLEAN_CROSSRSDPG128SMALL_CLEAN -I/home/marcoxps/Documents/tesi/pqc/fork_pqclean/3-tidy/PQClean/testcases/test_testvectors__ZpjNFEU8/crypto_bla/scheme/impl crypto_sign/testvectors.c ../common/aes.c ../common/sha2.c ../common/fips202.c ../common/nistseedexpander.c ../common/sp800-185.c ../test/common/notrandombytes.c -o /home/marcoxps/Documents/tesi/pqc/fork_pqclean/3-tidy/PQClean/testcases/test_testvectors__ZpjNFEU8/bin/testvectors_cross-rsdpg-128-small_clean -L/home/marcoxps/Documents/tesi/pqc/fork_pqclean/3-tidy/PQClean/testcases/test_testvectors__ZpjNFEU8/crypto_bla/scheme/impl -lcross-rsdpg-128-small_clean

. > /home/marcoxps/Documents/tesi/pqc/fork_pqclean/3-tidy/PQClean/testcases/test_testvectors__ZpjNFEU8/bin/testvectors_cross-rsdpg-128-small_clean
________ test_testvectors[avx2 implementation of cross-rsdpg-128-small] ________
[gw2] linux -- Python 3.11.2 /home/marcoxps/Documents/tesi/pqc/fork_pqclean/3-tidy/.venv/bin/python

implementation = <Implementation(cross-rsdpg-128-small, avx2)>
impl_path = '/home/marcoxps/Documents/tesi/pqc/fork_pqclean/3-tidy/PQClean/testcases/test_testvectors__2PnTvIXU/crypto_bla/scheme/impl'
test_dir = '/home/marcoxps/Documents/tesi/pqc/fork_pqclean/3-tidy/PQClean/testcases/test_testvectors__2PnTvIXU'
init = <function isolate_test_files.<locals>.initializer at 0x7f6b5ab15440>
destr = <function isolate_test_files.<locals>.destructor at 0x7f6b5ab15580>

    @pytest.mark.parametrize(
        'implementation,test_dir,impl_path,init,destr',
        [(impl, *helpers.isolate_test_files(impl.path(), 'test_testvectors_'))
         for sig in pqclean.Signature.all_sigs()
         for impl in sig.implementations],
        ids=[str(impl) for sig in pqclean.Signature.all_sigs()
             for impl in sig.implementations],
    )
    @helpers.filtered_test
    def test_testvectors(implementation, impl_path, test_dir, init, destr):
        if not implementation.supported_on_current_platform():
            raise unittest.SkipTest("Not supported on current platform")
        if platform.machine() == 'armv7l' and 'gcc' in os.environ.get('CC', 'gcc') and 'falcon' in implementation.scheme.name:
            raise unittest.SkipTest("this test hangs for falcon on armv7l with gcc")
        init()
        dest_dir = os.path.join(test_dir, 'bin')
        helpers.make('testvectors',
                     TYPE=implementation.scheme.type,
                     SCHEME=implementation.scheme.name,
                     SCHEME_DIR=impl_path,
                     IMPLEMENTATION=implementation.name,
                     DEST_DIR=dest_dir,
                     working_dir=os.path.join(test_dir, 'test'))
        out = helpers.run_subprocess(
            [os.path.join(dest_dir, 'testvectors_{}_{}{}'.format(
                implementation.scheme.name,
                implementation.name,
                '.exe' if os.name == 'nt' else ''
            ))],
            print_output=False,
        ).replace('\r', '')
>       assert(implementation.scheme.metadata()['testvectors-sha256'].lower()
               == hashlib.sha256(out.encode('utf-8')).hexdigest().lower())
E       AssertionError: assert 'xzl' == 'daf94941faec...9db6ae666bba7'
E         
E         - daf94941faec14e95b2ace658fea3b7542ea6291f384f861cb09db6ae666bba7
E         + xzl

test_testvectors.py:48: AssertionError
----------------------------- Captured stdout call -----------------------------
/home/marcoxps/Documents/tesi/pqc/fork_pqclean/3-tidy/PQClean/testcases/test_testvectors__2PnTvIXU/test > make TYPE=sign SCHEME=cross-rsdpg-128-small SCHEME_DIR=/home/marcoxps/Documents/tesi/pqc/fork_pqclean/3-tidy/PQClean/testcases/test_testvectors__2PnTvIXU/crypto_bla/scheme/impl IMPLEMENTATION=avx2 DEST_DIR=/home/marcoxps/Documents/tesi/pqc/fork_pqclean/3-tidy/PQClean/testcases/test_testvectors__2PnTvIXU/bin testvectors
cd /home/marcoxps/Documents/tesi/pqc/fork_pqclean/3-tidy/PQClean/testcases/test_testvectors__2PnTvIXU/crypto_bla/scheme/impl && make
make[1]: Entering directory '/home/marcoxps/Documents/tesi/pqc/fork_pqclean/3-tidy/PQClean/testcases/test_testvectors__2PnTvIXU/crypto_bla/scheme/impl'
cc -std=c99 -I../../../common  -march=native -O3 -g3 -std=c99 -Wpedantic -Werror -Wredundant-decls -Wmissing-prototypes -Wuninitialized -Wall -Wextra -c -o CROSS.o CROSS.c
cc -std=c99 -I../../../common  -march=native -O3 -g3 -std=c99 -Wpedantic -Werror -Wredundant-decls -Wmissing-prototypes -Wuninitialized -Wall -Wextra -c -o csprng_hash.o csprng_hash.c
cc -std=c99 -I../../../common  -march=native -O3 -g3 -std=c99 -Wpedantic -Werror -Wredundant-decls -Wmissing-prototypes -Wuninitialized -Wall -Wextra -c -o merkle.o merkle.c
cc -std=c99 -I../../../common  -march=native -O3 -g3 -std=c99 -Wpedantic -Werror -Wredundant-decls -Wmissing-prototypes -Wuninitialized -Wall -Wextra -c -o pack_unpack.o pack_unpack.c
cc -std=c99 -I../../../common  -march=native -O3 -g3 -std=c99 -Wpedantic -Werror -Wredundant-decls -Wmissing-prototypes -Wuninitialized -Wall -Wextra -c -o seedtree.o seedtree.c
cc -std=c99 -I../../../common  -march=native -O3 -g3 -std=c99 -Wpedantic -Werror -Wredundant-decls -Wmissing-prototypes -Wuninitialized -Wall -Wextra -c -o sign.o sign.c
ar -r libcross-rsdpg-128-small_avx2.a CROSS.o csprng_hash.o merkle.o pack_unpack.o seedtree.o sign.o
ar: creating libcross-rsdpg-128-small_avx2.a
make[1]: Leaving directory '/home/marcoxps/Documents/tesi/pqc/fork_pqclean/3-tidy/PQClean/testcases/test_testvectors__2PnTvIXU/crypto_bla/scheme/impl'
mkdir -p /home/marcoxps/Documents/tesi/pqc/fork_pqclean/3-tidy/PQClean/testcases/test_testvectors__2PnTvIXU/bin
cc -O3 -Wall -Wextra -Wpedantic -Wvla -Werror -std=c99 -Wundef -Wshadow -Wcast-align -Wpointer-arith -Wmissing-prototypes -fstrict-aliasing -fno-common -pipe -I../common  -DPQCLEAN_NAMESPACE=PQCLEAN_CROSSRSDPG128SMALL_AVX2 -I/home/marcoxps/Documents/tesi/pqc/fork_pqclean/3-tidy/PQClean/testcases/test_testvectors__2PnTvIXU/crypto_bla/scheme/impl crypto_sign/testvectors.c ../common/aes.c ../common/sha2.c ../common/fips202.c ../common/nistseedexpander.c ../common/sp800-185.c ../test/common/notrandombytes.c -o /home/marcoxps/Documents/tesi/pqc/fork_pqclean/3-tidy/PQClean/testcases/test_testvectors__2PnTvIXU/bin/testvectors_cross-rsdpg-128-small_avx2 -L/home/marcoxps/Documents/tesi/pqc/fork_pqclean/3-tidy/PQClean/testcases/test_testvectors__2PnTvIXU/crypto_bla/scheme/impl -lcross-rsdpg-128-small_avx2

. > /home/marcoxps/Documents/tesi/pqc/fork_pqclean/3-tidy/PQClean/testcases/test_testvectors__2PnTvIXU/bin/testvectors_cross-rsdpg-128-small_avx2
________ test_testvectors[avx2 implementation of cross-rsdpg-128-fast] _________
[gw3] linux -- Python 3.11.2 /home/marcoxps/Documents/tesi/pqc/fork_pqclean/3-tidy/.venv/bin/python

implementation = <Implementation(cross-rsdpg-128-fast, avx2)>
impl_path = '/home/marcoxps/Documents/tesi/pqc/fork_pqclean/3-tidy/PQClean/testcases/test_testvectors__l_f0emKe/crypto_bla/scheme/impl'
test_dir = '/home/marcoxps/Documents/tesi/pqc/fork_pqclean/3-tidy/PQClean/testcases/test_testvectors__l_f0emKe'
init = <function isolate_test_files.<locals>.initializer at 0x7f4d819ad800>
destr = <function isolate_test_files.<locals>.destructor at 0x7f4d819ad940>

    @pytest.mark.parametrize(
        'implementation,test_dir,impl_path,init,destr',
        [(impl, *helpers.isolate_test_files(impl.path(), 'test_testvectors_'))
         for sig in pqclean.Signature.all_sigs()
         for impl in sig.implementations],
        ids=[str(impl) for sig in pqclean.Signature.all_sigs()
             for impl in sig.implementations],
    )
    @helpers.filtered_test
    def test_testvectors(implementation, impl_path, test_dir, init, destr):
        if not implementation.supported_on_current_platform():
            raise unittest.SkipTest("Not supported on current platform")
        if platform.machine() == 'armv7l' and 'gcc' in os.environ.get('CC', 'gcc') and 'falcon' in implementation.scheme.name:
            raise unittest.SkipTest("this test hangs for falcon on armv7l with gcc")
        init()
        dest_dir = os.path.join(test_dir, 'bin')
        helpers.make('testvectors',
                     TYPE=implementation.scheme.type,
                     SCHEME=implementation.scheme.name,
                     SCHEME_DIR=impl_path,
                     IMPLEMENTATION=implementation.name,
                     DEST_DIR=dest_dir,
                     working_dir=os.path.join(test_dir, 'test'))
        out = helpers.run_subprocess(
            [os.path.join(dest_dir, 'testvectors_{}_{}{}'.format(
                implementation.scheme.name,
                implementation.name,
                '.exe' if os.name == 'nt' else ''
            ))],
            print_output=False,
        ).replace('\r', '')
>       assert(implementation.scheme.metadata()['testvectors-sha256'].lower()
               == hashlib.sha256(out.encode('utf-8')).hexdigest().lower())
E       AssertionError: assert 'cxz' == '8407395587af...ec00046c4f21a'
E         
E         - 8407395587af8ba91df66fa4e5e3ae4794fe93fd72ad25f6fb3ec00046c4f21a
E         + cxz

test_testvectors.py:48: AssertionError
----------------------------- Captured stdout call -----------------------------
/home/marcoxps/Documents/tesi/pqc/fork_pqclean/3-tidy/PQClean/testcases/test_testvectors__l_f0emKe/test > make TYPE=sign SCHEME=cross-rsdpg-128-fast SCHEME_DIR=/home/marcoxps/Documents/tesi/pqc/fork_pqclean/3-tidy/PQClean/testcases/test_testvectors__l_f0emKe/crypto_bla/scheme/impl IMPLEMENTATION=avx2 DEST_DIR=/home/marcoxps/Documents/tesi/pqc/fork_pqclean/3-tidy/PQClean/testcases/test_testvectors__l_f0emKe/bin testvectors
cd /home/marcoxps/Documents/tesi/pqc/fork_pqclean/3-tidy/PQClean/testcases/test_testvectors__l_f0emKe/crypto_bla/scheme/impl && make
make[1]: Entering directory '/home/marcoxps/Documents/tesi/pqc/fork_pqclean/3-tidy/PQClean/testcases/test_testvectors__l_f0emKe/crypto_bla/scheme/impl'
cc -std=c99 -I../../../common  -march=native -O3 -g3 -std=c99 -Wpedantic -Werror -Wredundant-decls -Wmissing-prototypes -Wuninitialized -Wall -Wextra -c -o CROSS.o CROSS.c
cc -std=c99 -I../../../common  -march=native -O3 -g3 -std=c99 -Wpedantic -Werror -Wredundant-decls -Wmissing-prototypes -Wuninitialized -Wall -Wextra -c -o csprng_hash.o csprng_hash.c
cc -std=c99 -I../../../common  -march=native -O3 -g3 -std=c99 -Wpedantic -Werror -Wredundant-decls -Wmissing-prototypes -Wuninitialized -Wall -Wextra -c -o merkle.o merkle.c
cc -std=c99 -I../../../common  -march=native -O3 -g3 -std=c99 -Wpedantic -Werror -Wredundant-decls -Wmissing-prototypes -Wuninitialized -Wall -Wextra -c -o pack_unpack.o pack_unpack.c
cc -std=c99 -I../../../common  -march=native -O3 -g3 -std=c99 -Wpedantic -Werror -Wredundant-decls -Wmissing-prototypes -Wuninitialized -Wall -Wextra -c -o seedtree.o seedtree.c
cc -std=c99 -I../../../common  -march=native -O3 -g3 -std=c99 -Wpedantic -Werror -Wredundant-decls -Wmissing-prototypes -Wuninitialized -Wall -Wextra -c -o sign.o sign.c
ar -r libcross-rsdpg-128-fast_avx2.a CROSS.o csprng_hash.o merkle.o pack_unpack.o seedtree.o sign.o
ar: creating libcross-rsdpg-128-fast_avx2.a
make[1]: Leaving directory '/home/marcoxps/Documents/tesi/pqc/fork_pqclean/3-tidy/PQClean/testcases/test_testvectors__l_f0emKe/crypto_bla/scheme/impl'
mkdir -p /home/marcoxps/Documents/tesi/pqc/fork_pqclean/3-tidy/PQClean/testcases/test_testvectors__l_f0emKe/bin
cc -O3 -Wall -Wextra -Wpedantic -Wvla -Werror -std=c99 -Wundef -Wshadow -Wcast-align -Wpointer-arith -Wmissing-prototypes -fstrict-aliasing -fno-common -pipe -I../common  -DPQCLEAN_NAMESPACE=PQCLEAN_CROSSRSDPG128FAST_AVX2 -I/home/marcoxps/Documents/tesi/pqc/fork_pqclean/3-tidy/PQClean/testcases/test_testvectors__l_f0emKe/crypto_bla/scheme/impl crypto_sign/testvectors.c ../common/aes.c ../common/sha2.c ../common/fips202.c ../common/nistseedexpander.c ../common/sp800-185.c ../test/common/notrandombytes.c -o /home/marcoxps/Documents/tesi/pqc/fork_pqclean/3-tidy/PQClean/testcases/test_testvectors__l_f0emKe/bin/testvectors_cross-rsdpg-128-fast_avx2 -L/home/marcoxps/Documents/tesi/pqc/fork_pqclean/3-tidy/PQClean/testcases/test_testvectors__l_f0emKe/crypto_bla/scheme/impl -lcross-rsdpg-128-fast_avx2

. > /home/marcoxps/Documents/tesi/pqc/fork_pqclean/3-tidy/PQClean/testcases/test_testvectors__l_f0emKe/bin/testvectors_cross-rsdpg-128-fast_avx2
______ test_testvectors[clean implementation of cross-rsdpg-192-balanced] ______
[gw1] linux -- Python 3.11.2 /home/marcoxps/Documents/tesi/pqc/fork_pqclean/3-tidy/.venv/bin/python

implementation = <Implementation(cross-rsdpg-192-balanced, clean)>
impl_path = '/home/marcoxps/Documents/tesi/pqc/fork_pqclean/3-tidy/PQClean/testcases/test_testvectors__cFAo9Lvw/crypto_bla/scheme/impl'
test_dir = '/home/marcoxps/Documents/tesi/pqc/fork_pqclean/3-tidy/PQClean/testcases/test_testvectors__cFAo9Lvw'
init = <function isolate_test_files.<locals>.initializer at 0x7fdd7be65da0>
destr = <function isolate_test_files.<locals>.destructor at 0x7fdd7be65ee0>

    @pytest.mark.parametrize(
        'implementation,test_dir,impl_path,init,destr',
        [(impl, *helpers.isolate_test_files(impl.path(), 'test_testvectors_'))
         for sig in pqclean.Signature.all_sigs()
         for impl in sig.implementations],
        ids=[str(impl) for sig in pqclean.Signature.all_sigs()
             for impl in sig.implementations],
    )
    @helpers.filtered_test
    def test_testvectors(implementation, impl_path, test_dir, init, destr):
        if not implementation.supported_on_current_platform():
            raise unittest.SkipTest("Not supported on current platform")
        if platform.machine() == 'armv7l' and 'gcc' in os.environ.get('CC', 'gcc') and 'falcon' in implementation.scheme.name:
            raise unittest.SkipTest("this test hangs for falcon on armv7l with gcc")
        init()
        dest_dir = os.path.join(test_dir, 'bin')
        helpers.make('testvectors',
                     TYPE=implementation.scheme.type,
                     SCHEME=implementation.scheme.name,
                     SCHEME_DIR=impl_path,
                     IMPLEMENTATION=implementation.name,
                     DEST_DIR=dest_dir,
                     working_dir=os.path.join(test_dir, 'test'))
        out = helpers.run_subprocess(
            [os.path.join(dest_dir, 'testvectors_{}_{}{}'.format(
                implementation.scheme.name,
                implementation.name,
                '.exe' if os.name == 'nt' else ''
            ))],
            print_output=False,
        ).replace('\r', '')
>       assert(implementation.scheme.metadata()['testvectors-sha256'].lower()
               == hashlib.sha256(out.encode('utf-8')).hexdigest().lower())
E       AssertionError: assert 'zlk' == '56070a36d7bb...76d53600804a1'
E         
E         - 56070a36d7bbfd8f41ee1a1869de1a977c7cb299c93f3f99c6576d53600804a1
E         + zlk

test_testvectors.py:48: AssertionError
----------------------------- Captured stdout call -----------------------------
/home/marcoxps/Documents/tesi/pqc/fork_pqclean/3-tidy/PQClean/testcases/test_testvectors__cFAo9Lvw/test > make TYPE=sign SCHEME=cross-rsdpg-192-balanced SCHEME_DIR=/home/marcoxps/Documents/tesi/pqc/fork_pqclean/3-tidy/PQClean/testcases/test_testvectors__cFAo9Lvw/crypto_bla/scheme/impl IMPLEMENTATION=clean DEST_DIR=/home/marcoxps/Documents/tesi/pqc/fork_pqclean/3-tidy/PQClean/testcases/test_testvectors__cFAo9Lvw/bin testvectors
cd /home/marcoxps/Documents/tesi/pqc/fork_pqclean/3-tidy/PQClean/testcases/test_testvectors__cFAo9Lvw/crypto_bla/scheme/impl && make
make[1]: Entering directory '/home/marcoxps/Documents/tesi/pqc/fork_pqclean/3-tidy/PQClean/testcases/test_testvectors__cFAo9Lvw/crypto_bla/scheme/impl'
cc -std=c99 -I../../../common  -march=native -O3 -g3 -std=c99 -Wpedantic -Werror -Wredundant-decls -Wmissing-prototypes -Wuninitialized -Wall -Wextra -c -o CROSS.o CROSS.c
cc -std=c99 -I../../../common  -march=native -O3 -g3 -std=c99 -Wpedantic -Werror -Wredundant-decls -Wmissing-prototypes -Wuninitialized -Wall -Wextra -c -o csprng_hash.o csprng_hash.c
cc -std=c99 -I../../../common  -march=native -O3 -g3 -std=c99 -Wpedantic -Werror -Wredundant-decls -Wmissing-prototypes -Wuninitialized -Wall -Wextra -c -o merkle.o merkle.c
cc -std=c99 -I../../../common  -march=native -O3 -g3 -std=c99 -Wpedantic -Werror -Wredundant-decls -Wmissing-prototypes -Wuninitialized -Wall -Wextra -c -o pack_unpack.o pack_unpack.c
cc -std=c99 -I../../../common  -march=native -O3 -g3 -std=c99 -Wpedantic -Werror -Wredundant-decls -Wmissing-prototypes -Wuninitialized -Wall -Wextra -c -o seedtree.o seedtree.c
cc -std=c99 -I../../../common  -march=native -O3 -g3 -std=c99 -Wpedantic -Werror -Wredundant-decls -Wmissing-prototypes -Wuninitialized -Wall -Wextra -c -o sign.o sign.c
ar -r libcross-rsdpg-192-balanced_clean.a CROSS.o csprng_hash.o merkle.o pack_unpack.o seedtree.o sign.o
ar: creating libcross-rsdpg-192-balanced_clean.a
make[1]: Leaving directory '/home/marcoxps/Documents/tesi/pqc/fork_pqclean/3-tidy/PQClean/testcases/test_testvectors__cFAo9Lvw/crypto_bla/scheme/impl'
mkdir -p /home/marcoxps/Documents/tesi/pqc/fork_pqclean/3-tidy/PQClean/testcases/test_testvectors__cFAo9Lvw/bin
cc -O3 -Wall -Wextra -Wpedantic -Wvla -Werror -std=c99 -Wundef -Wshadow -Wcast-align -Wpointer-arith -Wmissing-prototypes -fstrict-aliasing -fno-common -pipe -I../common  -DPQCLEAN_NAMESPACE=PQCLEAN_CROSSRSDPG192BALANCED_CLEAN -I/home/marcoxps/Documents/tesi/pqc/fork_pqclean/3-tidy/PQClean/testcases/test_testvectors__cFAo9Lvw/crypto_bla/scheme/impl crypto_sign/testvectors.c ../common/aes.c ../common/sha2.c ../common/fips202.c ../common/nistseedexpander.c ../common/sp800-185.c ../test/common/notrandombytes.c -o /home/marcoxps/Documents/tesi/pqc/fork_pqclean/3-tidy/PQClean/testcases/test_testvectors__cFAo9Lvw/bin/testvectors_cross-rsdpg-192-balanced_clean -L/home/marcoxps/Documents/tesi/pqc/fork_pqclean/3-tidy/PQClean/testcases/test_testvectors__cFAo9Lvw/crypto_bla/scheme/impl -lcross-rsdpg-192-balanced_clean

. > /home/marcoxps/Documents/tesi/pqc/fork_pqclean/3-tidy/PQClean/testcases/test_testvectors__cFAo9Lvw/bin/testvectors_cross-rsdpg-192-balanced_clean
________ test_testvectors[clean implementation of cross-rsdp-256-small] ________
[gw0] linux -- Python 3.11.2 /home/marcoxps/Documents/tesi/pqc/fork_pqclean/3-tidy/.venv/bin/python

implementation = <Implementation(cross-rsdp-256-small, clean)>
impl_path = '/home/marcoxps/Documents/tesi/pqc/fork_pqclean/3-tidy/PQClean/testcases/test_testvectors__m0pjxdW8/crypto_bla/scheme/impl'
test_dir = '/home/marcoxps/Documents/tesi/pqc/fork_pqclean/3-tidy/PQClean/testcases/test_testvectors__m0pjxdW8'
init = <function isolate_test_files.<locals>.initializer at 0x7f05bf5ad9e0>
destr = <function isolate_test_files.<locals>.destructor at 0x7f05bf5adb20>

    @pytest.mark.parametrize(
        'implementation,test_dir,impl_path,init,destr',
        [(impl, *helpers.isolate_test_files(impl.path(), 'test_testvectors_'))
         for sig in pqclean.Signature.all_sigs()
         for impl in sig.implementations],
        ids=[str(impl) for sig in pqclean.Signature.all_sigs()
             for impl in sig.implementations],
    )
    @helpers.filtered_test
    def test_testvectors(implementation, impl_path, test_dir, init, destr):
        if not implementation.supported_on_current_platform():
            raise unittest.SkipTest("Not supported on current platform")
        if platform.machine() == 'armv7l' and 'gcc' in os.environ.get('CC', 'gcc') and 'falcon' in implementation.scheme.name:
            raise unittest.SkipTest("this test hangs for falcon on armv7l with gcc")
        init()
        dest_dir = os.path.join(test_dir, 'bin')
        helpers.make('testvectors',
                     TYPE=implementation.scheme.type,
                     SCHEME=implementation.scheme.name,
                     SCHEME_DIR=impl_path,
                     IMPLEMENTATION=implementation.name,
                     DEST_DIR=dest_dir,
                     working_dir=os.path.join(test_dir, 'test'))
        out = helpers.run_subprocess(
            [os.path.join(dest_dir, 'testvectors_{}_{}{}'.format(
                implementation.scheme.name,
                implementation.name,
                '.exe' if os.name == 'nt' else ''
            ))],
            print_output=False,
        ).replace('\r', '')
>       assert(implementation.scheme.metadata()['testvectors-sha256'].lower()
               == hashlib.sha256(out.encode('utf-8')).hexdigest().lower())
E       AssertionError: assert 'klz' == '73badf955584...b09e8cea35908'
E         
E         - 73badf95558483ee1781c58f6bdf32c930ca02ddd1f19b84285b09e8cea35908
E         + klz

test_testvectors.py:48: AssertionError
----------------------------- Captured stdout call -----------------------------
/home/marcoxps/Documents/tesi/pqc/fork_pqclean/3-tidy/PQClean/testcases/test_testvectors__m0pjxdW8/test > make TYPE=sign SCHEME=cross-rsdp-256-small SCHEME_DIR=/home/marcoxps/Documents/tesi/pqc/fork_pqclean/3-tidy/PQClean/testcases/test_testvectors__m0pjxdW8/crypto_bla/scheme/impl IMPLEMENTATION=clean DEST_DIR=/home/marcoxps/Documents/tesi/pqc/fork_pqclean/3-tidy/PQClean/testcases/test_testvectors__m0pjxdW8/bin testvectors
cd /home/marcoxps/Documents/tesi/pqc/fork_pqclean/3-tidy/PQClean/testcases/test_testvectors__m0pjxdW8/crypto_bla/scheme/impl && make
make[1]: Entering directory '/home/marcoxps/Documents/tesi/pqc/fork_pqclean/3-tidy/PQClean/testcases/test_testvectors__m0pjxdW8/crypto_bla/scheme/impl'
cc -std=c99 -I../../../common  -march=native -O3 -g3 -std=c99 -Wpedantic -Werror -Wredundant-decls -Wmissing-prototypes -Wuninitialized -Wall -Wextra -c -o CROSS.o CROSS.c
cc -std=c99 -I../../../common  -march=native -O3 -g3 -std=c99 -Wpedantic -Werror -Wredundant-decls -Wmissing-prototypes -Wuninitialized -Wall -Wextra -c -o csprng_hash.o csprng_hash.c
cc -std=c99 -I../../../common  -march=native -O3 -g3 -std=c99 -Wpedantic -Werror -Wredundant-decls -Wmissing-prototypes -Wuninitialized -Wall -Wextra -c -o merkle.o merkle.c
cc -std=c99 -I../../../common  -march=native -O3 -g3 -std=c99 -Wpedantic -Werror -Wredundant-decls -Wmissing-prototypes -Wuninitialized -Wall -Wextra -c -o pack_unpack.o pack_unpack.c
cc -std=c99 -I../../../common  -march=native -O3 -g3 -std=c99 -Wpedantic -Werror -Wredundant-decls -Wmissing-prototypes -Wuninitialized -Wall -Wextra -c -o seedtree.o seedtree.c
cc -std=c99 -I../../../common  -march=native -O3 -g3 -std=c99 -Wpedantic -Werror -Wredundant-decls -Wmissing-prototypes -Wuninitialized -Wall -Wextra -c -o sign.o sign.c
ar -r libcross-rsdp-256-small_clean.a CROSS.o csprng_hash.o merkle.o pack_unpack.o seedtree.o sign.o
ar: creating libcross-rsdp-256-small_clean.a
make[1]: Leaving directory '/home/marcoxps/Documents/tesi/pqc/fork_pqclean/3-tidy/PQClean/testcases/test_testvectors__m0pjxdW8/crypto_bla/scheme/impl'
mkdir -p /home/marcoxps/Documents/tesi/pqc/fork_pqclean/3-tidy/PQClean/testcases/test_testvectors__m0pjxdW8/bin
cc -O3 -Wall -Wextra -Wpedantic -Wvla -Werror -std=c99 -Wundef -Wshadow -Wcast-align -Wpointer-arith -Wmissing-prototypes -fstrict-aliasing -fno-common -pipe -I../common  -DPQCLEAN_NAMESPACE=PQCLEAN_CROSSRSDP256SMALL_CLEAN -I/home/marcoxps/Documents/tesi/pqc/fork_pqclean/3-tidy/PQClean/testcases/test_testvectors__m0pjxdW8/crypto_bla/scheme/impl crypto_sign/testvectors.c ../common/aes.c ../common/sha2.c ../common/fips202.c ../common/nistseedexpander.c ../common/sp800-185.c ../test/common/notrandombytes.c -o /home/marcoxps/Documents/tesi/pqc/fork_pqclean/3-tidy/PQClean/testcases/test_testvectors__m0pjxdW8/bin/testvectors_cross-rsdp-256-small_clean -L/home/marcoxps/Documents/tesi/pqc/fork_pqclean/3-tidy/PQClean/testcases/test_testvectors__m0pjxdW8/crypto_bla/scheme/impl -lcross-rsdp-256-small_clean

. > /home/marcoxps/Documents/tesi/pqc/fork_pqclean/3-tidy/PQClean/testcases/test_testvectors__m0pjxdW8/bin/testvectors_cross-rsdp-256-small_clean
________ test_testvectors[avx2 implementation of cross-rsdp-256-small] _________
[gw2] linux -- Python 3.11.2 /home/marcoxps/Documents/tesi/pqc/fork_pqclean/3-tidy/.venv/bin/python

implementation = <Implementation(cross-rsdp-256-small, avx2)>
impl_path = '/home/marcoxps/Documents/tesi/pqc/fork_pqclean/3-tidy/PQClean/testcases/test_testvectors__ssPDphWb/crypto_bla/scheme/impl'
test_dir = '/home/marcoxps/Documents/tesi/pqc/fork_pqclean/3-tidy/PQClean/testcases/test_testvectors__ssPDphWb'
init = <function isolate_test_files.<locals>.initializer at 0x7f6b5ab15bc0>
destr = <function isolate_test_files.<locals>.destructor at 0x7f6b5ab15d00>

    @pytest.mark.parametrize(
        'implementation,test_dir,impl_path,init,destr',
        [(impl, *helpers.isolate_test_files(impl.path(), 'test_testvectors_'))
         for sig in pqclean.Signature.all_sigs()
         for impl in sig.implementations],
        ids=[str(impl) for sig in pqclean.Signature.all_sigs()
             for impl in sig.implementations],
    )
    @helpers.filtered_test
    def test_testvectors(implementation, impl_path, test_dir, init, destr):
        if not implementation.supported_on_current_platform():
            raise unittest.SkipTest("Not supported on current platform")
        if platform.machine() == 'armv7l' and 'gcc' in os.environ.get('CC', 'gcc') and 'falcon' in implementation.scheme.name:
            raise unittest.SkipTest("this test hangs for falcon on armv7l with gcc")
        init()
        dest_dir = os.path.join(test_dir, 'bin')
        helpers.make('testvectors',
                     TYPE=implementation.scheme.type,
                     SCHEME=implementation.scheme.name,
                     SCHEME_DIR=impl_path,
                     IMPLEMENTATION=implementation.name,
                     DEST_DIR=dest_dir,
                     working_dir=os.path.join(test_dir, 'test'))
        out = helpers.run_subprocess(
            [os.path.join(dest_dir, 'testvectors_{}_{}{}'.format(
                implementation.scheme.name,
                implementation.name,
                '.exe' if os.name == 'nt' else ''
            ))],
            print_output=False,
        ).replace('\r', '')
>       assert(implementation.scheme.metadata()['testvectors-sha256'].lower()
               == hashlib.sha256(out.encode('utf-8')).hexdigest().lower())
E       AssertionError: assert 'klz' == '73badf955584...b09e8cea35908'
E         
E         - 73badf95558483ee1781c58f6bdf32c930ca02ddd1f19b84285b09e8cea35908
E         + klz

test_testvectors.py:48: AssertionError
----------------------------- Captured stdout call -----------------------------
/home/marcoxps/Documents/tesi/pqc/fork_pqclean/3-tidy/PQClean/testcases/test_testvectors__ssPDphWb/test > make TYPE=sign SCHEME=cross-rsdp-256-small SCHEME_DIR=/home/marcoxps/Documents/tesi/pqc/fork_pqclean/3-tidy/PQClean/testcases/test_testvectors__ssPDphWb/crypto_bla/scheme/impl IMPLEMENTATION=avx2 DEST_DIR=/home/marcoxps/Documents/tesi/pqc/fork_pqclean/3-tidy/PQClean/testcases/test_testvectors__ssPDphWb/bin testvectors
cd /home/marcoxps/Documents/tesi/pqc/fork_pqclean/3-tidy/PQClean/testcases/test_testvectors__ssPDphWb/crypto_bla/scheme/impl && make
make[1]: Entering directory '/home/marcoxps/Documents/tesi/pqc/fork_pqclean/3-tidy/PQClean/testcases/test_testvectors__ssPDphWb/crypto_bla/scheme/impl'
cc -std=c99 -I../../../common  -march=native -O3 -g3 -std=c99 -Wpedantic -Werror -Wredundant-decls -Wmissing-prototypes -Wuninitialized -Wall -Wextra -c -o CROSS.o CROSS.c
cc -std=c99 -I../../../common  -march=native -O3 -g3 -std=c99 -Wpedantic -Werror -Wredundant-decls -Wmissing-prototypes -Wuninitialized -Wall -Wextra -c -o csprng_hash.o csprng_hash.c
cc -std=c99 -I../../../common  -march=native -O3 -g3 -std=c99 -Wpedantic -Werror -Wredundant-decls -Wmissing-prototypes -Wuninitialized -Wall -Wextra -c -o merkle.o merkle.c
cc -std=c99 -I../../../common  -march=native -O3 -g3 -std=c99 -Wpedantic -Werror -Wredundant-decls -Wmissing-prototypes -Wuninitialized -Wall -Wextra -c -o pack_unpack.o pack_unpack.c
cc -std=c99 -I../../../common  -march=native -O3 -g3 -std=c99 -Wpedantic -Werror -Wredundant-decls -Wmissing-prototypes -Wuninitialized -Wall -Wextra -c -o seedtree.o seedtree.c
cc -std=c99 -I../../../common  -march=native -O3 -g3 -std=c99 -Wpedantic -Werror -Wredundant-decls -Wmissing-prototypes -Wuninitialized -Wall -Wextra -c -o sign.o sign.c
ar -r libcross-rsdp-256-small_avx2.a CROSS.o csprng_hash.o merkle.o pack_unpack.o seedtree.o sign.o
ar: creating libcross-rsdp-256-small_avx2.a
make[1]: Leaving directory '/home/marcoxps/Documents/tesi/pqc/fork_pqclean/3-tidy/PQClean/testcases/test_testvectors__ssPDphWb/crypto_bla/scheme/impl'
mkdir -p /home/marcoxps/Documents/tesi/pqc/fork_pqclean/3-tidy/PQClean/testcases/test_testvectors__ssPDphWb/bin
cc -O3 -Wall -Wextra -Wpedantic -Wvla -Werror -std=c99 -Wundef -Wshadow -Wcast-align -Wpointer-arith -Wmissing-prototypes -fstrict-aliasing -fno-common -pipe -I../common  -DPQCLEAN_NAMESPACE=PQCLEAN_CROSSRSDP256SMALL_AVX2 -I/home/marcoxps/Documents/tesi/pqc/fork_pqclean/3-tidy/PQClean/testcases/test_testvectors__ssPDphWb/crypto_bla/scheme/impl crypto_sign/testvectors.c ../common/aes.c ../common/sha2.c ../common/fips202.c ../common/nistseedexpander.c ../common/sp800-185.c ../test/common/notrandombytes.c -o /home/marcoxps/Documents/tesi/pqc/fork_pqclean/3-tidy/PQClean/testcases/test_testvectors__ssPDphWb/bin/testvectors_cross-rsdp-256-small_avx2 -L/home/marcoxps/Documents/tesi/pqc/fork_pqclean/3-tidy/PQClean/testcases/test_testvectors__ssPDphWb/crypto_bla/scheme/impl -lcross-rsdp-256-small_avx2

. > /home/marcoxps/Documents/tesi/pqc/fork_pqclean/3-tidy/PQClean/testcases/test_testvectors__ssPDphWb/bin/testvectors_cross-rsdp-256-small_avx2
______ test_testvectors[avx2 implementation of cross-rsdpg-192-balanced] _______
[gw3] linux -- Python 3.11.2 /home/marcoxps/Documents/tesi/pqc/fork_pqclean/3-tidy/.venv/bin/python

implementation = <Implementation(cross-rsdpg-192-balanced, avx2)>
impl_path = '/home/marcoxps/Documents/tesi/pqc/fork_pqclean/3-tidy/PQClean/testcases/test_testvectors__PhCIBCnS/crypto_bla/scheme/impl'
test_dir = '/home/marcoxps/Documents/tesi/pqc/fork_pqclean/3-tidy/PQClean/testcases/test_testvectors__PhCIBCnS'
init = <function isolate_test_files.<locals>.initializer at 0x7f4d819adf80>
destr = <function isolate_test_files.<locals>.destructor at 0x7f4d819ae0c0>

    @pytest.mark.parametrize(
        'implementation,test_dir,impl_path,init,destr',
        [(impl, *helpers.isolate_test_files(impl.path(), 'test_testvectors_'))
         for sig in pqclean.Signature.all_sigs()
         for impl in sig.implementations],
        ids=[str(impl) for sig in pqclean.Signature.all_sigs()
             for impl in sig.implementations],
    )
    @helpers.filtered_test
    def test_testvectors(implementation, impl_path, test_dir, init, destr):
        if not implementation.supported_on_current_platform():
            raise unittest.SkipTest("Not supported on current platform")
        if platform.machine() == 'armv7l' and 'gcc' in os.environ.get('CC', 'gcc') and 'falcon' in implementation.scheme.name:
            raise unittest.SkipTest("this test hangs for falcon on armv7l with gcc")
        init()
        dest_dir = os.path.join(test_dir, 'bin')
        helpers.make('testvectors',
                     TYPE=implementation.scheme.type,
                     SCHEME=implementation.scheme.name,
                     SCHEME_DIR=impl_path,
                     IMPLEMENTATION=implementation.name,
                     DEST_DIR=dest_dir,
                     working_dir=os.path.join(test_dir, 'test'))
        out = helpers.run_subprocess(
            [os.path.join(dest_dir, 'testvectors_{}_{}{}'.format(
                implementation.scheme.name,
                implementation.name,
                '.exe' if os.name == 'nt' else ''
            ))],
            print_output=False,
        ).replace('\r', '')
>       assert(implementation.scheme.metadata()['testvectors-sha256'].lower()
               == hashlib.sha256(out.encode('utf-8')).hexdigest().lower())
E       AssertionError: assert 'zlk' == '56070a36d7bb...76d53600804a1'
E         
E         - 56070a36d7bbfd8f41ee1a1869de1a977c7cb299c93f3f99c6576d53600804a1
E         + zlk

test_testvectors.py:48: AssertionError
----------------------------- Captured stdout call -----------------------------
/home/marcoxps/Documents/tesi/pqc/fork_pqclean/3-tidy/PQClean/testcases/test_testvectors__PhCIBCnS/test > make TYPE=sign SCHEME=cross-rsdpg-192-balanced SCHEME_DIR=/home/marcoxps/Documents/tesi/pqc/fork_pqclean/3-tidy/PQClean/testcases/test_testvectors__PhCIBCnS/crypto_bla/scheme/impl IMPLEMENTATION=avx2 DEST_DIR=/home/marcoxps/Documents/tesi/pqc/fork_pqclean/3-tidy/PQClean/testcases/test_testvectors__PhCIBCnS/bin testvectors
cd /home/marcoxps/Documents/tesi/pqc/fork_pqclean/3-tidy/PQClean/testcases/test_testvectors__PhCIBCnS/crypto_bla/scheme/impl && make
make[1]: Entering directory '/home/marcoxps/Documents/tesi/pqc/fork_pqclean/3-tidy/PQClean/testcases/test_testvectors__PhCIBCnS/crypto_bla/scheme/impl'
cc -std=c99 -I../../../common  -march=native -O3 -g3 -std=c99 -Wpedantic -Werror -Wredundant-decls -Wmissing-prototypes -Wuninitialized -Wall -Wextra -c -o CROSS.o CROSS.c
cc -std=c99 -I../../../common  -march=native -O3 -g3 -std=c99 -Wpedantic -Werror -Wredundant-decls -Wmissing-prototypes -Wuninitialized -Wall -Wextra -c -o csprng_hash.o csprng_hash.c
cc -std=c99 -I../../../common  -march=native -O3 -g3 -std=c99 -Wpedantic -Werror -Wredundant-decls -Wmissing-prototypes -Wuninitialized -Wall -Wextra -c -o merkle.o merkle.c
cc -std=c99 -I../../../common  -march=native -O3 -g3 -std=c99 -Wpedantic -Werror -Wredundant-decls -Wmissing-prototypes -Wuninitialized -Wall -Wextra -c -o pack_unpack.o pack_unpack.c
cc -std=c99 -I../../../common  -march=native -O3 -g3 -std=c99 -Wpedantic -Werror -Wredundant-decls -Wmissing-prototypes -Wuninitialized -Wall -Wextra -c -o seedtree.o seedtree.c
cc -std=c99 -I../../../common  -march=native -O3 -g3 -std=c99 -Wpedantic -Werror -Wredundant-decls -Wmissing-prototypes -Wuninitialized -Wall -Wextra -c -o sign.o sign.c
ar -r libcross-rsdpg-192-balanced_avx2.a CROSS.o csprng_hash.o merkle.o pack_unpack.o seedtree.o sign.o
ar: creating libcross-rsdpg-192-balanced_avx2.a
make[1]: Leaving directory '/home/marcoxps/Documents/tesi/pqc/fork_pqclean/3-tidy/PQClean/testcases/test_testvectors__PhCIBCnS/crypto_bla/scheme/impl'
mkdir -p /home/marcoxps/Documents/tesi/pqc/fork_pqclean/3-tidy/PQClean/testcases/test_testvectors__PhCIBCnS/bin
cc -O3 -Wall -Wextra -Wpedantic -Wvla -Werror -std=c99 -Wundef -Wshadow -Wcast-align -Wpointer-arith -Wmissing-prototypes -fstrict-aliasing -fno-common -pipe -I../common  -DPQCLEAN_NAMESPACE=PQCLEAN_CROSSRSDPG192BALANCED_AVX2 -I/home/marcoxps/Documents/tesi/pqc/fork_pqclean/3-tidy/PQClean/testcases/test_testvectors__PhCIBCnS/crypto_bla/scheme/impl crypto_sign/testvectors.c ../common/aes.c ../common/sha2.c ../common/fips202.c ../common/nistseedexpander.c ../common/sp800-185.c ../test/common/notrandombytes.c -o /home/marcoxps/Documents/tesi/pqc/fork_pqclean/3-tidy/PQClean/testcases/test_testvectors__PhCIBCnS/bin/testvectors_cross-rsdpg-192-balanced_avx2 -L/home/marcoxps/Documents/tesi/pqc/fork_pqclean/3-tidy/PQClean/testcases/test_testvectors__PhCIBCnS/crypto_bla/scheme/impl -lcross-rsdpg-192-balanced_avx2

. > /home/marcoxps/Documents/tesi/pqc/fork_pqclean/3-tidy/PQClean/testcases/test_testvectors__PhCIBCnS/bin/testvectors_cross-rsdpg-192-balanced_avx2
=========================== short test summary info ============================
FAILED test_testvectors.py::test_testvectors[clean implementation of cross-rsdpg-256-balanced]
FAILED test_testvectors.py::test_testvectors[clean implementation of cross-rsdpg-192-small]
FAILED test_testvectors.py::test_testvectors[clean implementation of cross-rsdp-192-fast]
FAILED test_testvectors.py::test_testvectors[clean implementation of cross-rsdp-192-small]
FAILED test_testvectors.py::test_testvectors[avx2 implementation of cross-rsdpg-192-small]
FAILED test_testvectors.py::test_testvectors[avx2 implementation of cross-rsdpg-256-balanced]
FAILED test_testvectors.py::test_testvectors[avx2 implementation of cross-rsdp-192-fast]
FAILED test_testvectors.py::test_testvectors[avx2 implementation of cross-rsdp-192-small]
FAILED test_testvectors.py::test_testvectors[clean implementation of cross-rsdp-128-small]
FAILED test_testvectors.py::test_testvectors[clean implementation of cross-rsdp-256-balanced]
FAILED test_testvectors.py::test_testvectors[clean implementation of cross-rsdpg-128-balanced]
FAILED test_testvectors.py::test_testvectors[clean implementation of cross-rsdp-128-fast]
FAILED test_testvectors.py::test_testvectors[avx2 implementation of cross-rsdpg-128-balanced]
FAILED test_testvectors.py::test_testvectors[avx2 implementation of cross-rsdp-128-small]
FAILED test_testvectors.py::test_testvectors[avx2 implementation of cross-rsdp-128-fast]
FAILED test_testvectors.py::test_testvectors[avx2 implementation of cross-rsdp-256-balanced]
FAILED test_testvectors.py::test_testvectors[clean implementation of cross-rsdpg-256-small]
FAILED test_testvectors.py::test_testvectors[clean implementation of cross-rsdp-256-fast]
FAILED test_testvectors.py::test_testvectors[avx2 implementation of cross-rsdp-256-fast]
FAILED test_testvectors.py::test_testvectors[avx2 implementation of cross-rsdpg-256-small]
FAILED test_testvectors.py::test_testvectors[clean implementation of cross-rsdp-128-balanced]
FAILED test_testvectors.py::test_testvectors[clean implementation of cross-rsdpg-256-fast]
FAILED test_testvectors.py::test_testvectors[avx2 implementation of cross-rsdp-128-balanced]
FAILED test_testvectors.py::test_testvectors[avx2 implementation of cross-rsdpg-256-fast]
FAILED test_testvectors.py::test_testvectors[clean implementation of cross-rsdpg-192-fast]
FAILED test_testvectors.py::test_testvectors[clean implementation of cross-rsdp-192-balanced]
FAILED test_testvectors.py::test_testvectors[avx2 implementation of cross-rsdpg-192-fast]
FAILED test_testvectors.py::test_testvectors[avx2 implementation of cross-rsdp-192-balanced]
FAILED test_testvectors.py::test_testvectors[clean implementation of cross-rsdpg-128-fast]
FAILED test_testvectors.py::test_testvectors[clean implementation of cross-rsdpg-128-small]
FAILED test_testvectors.py::test_testvectors[avx2 implementation of cross-rsdpg-128-small]
FAILED test_testvectors.py::test_testvectors[avx2 implementation of cross-rsdpg-128-fast]
FAILED test_testvectors.py::test_testvectors[clean implementation of cross-rsdpg-192-balanced]
FAILED test_testvectors.py::test_testvectors[clean implementation of cross-rsdp-256-small]
FAILED test_testvectors.py::test_testvectors[avx2 implementation of cross-rsdp-256-small]
FAILED test_testvectors.py::test_testvectors[avx2 implementation of cross-rsdpg-192-balanced]
======================== 36 failed in 126.15s (0:02:06) ========================
